Log file open, 01/27/21 11:07:16
LogInit: Display: Running engine for game: BananaCollector
LogPlatformFile: Not using cached read wrapper
LogTaskGraph: Started task graph with 5 named threads and 23 total threads with 3 sets of task threads.
LogStats: Stats thread started at 8.180430
LogD3D11RHI: Loaded GFSDK_Aftermath_Lib.x64.dll
LogICUInternationalization: ICU TimeZone Detection - Raw Offset: -6:00, Platform Override: ''
LogPluginManager: Mounting plugin Paper2D
LogPluginManager: Mounting plugin AISupport
LogPluginManager: Mounting plugin LightPropagationVolume
LogPluginManager: Mounting plugin CameraShakePreviewer
LogPluginManager: Mounting plugin ActorLayerUtilities
LogPluginManager: Mounting plugin AnimationSharing
LogPluginManager: Mounting plugin CLionSourceCodeAccess
LogPluginManager: Mounting plugin CodeLiteSourceCodeAccess
LogPluginManager: Mounting plugin GitSourceControl
LogPluginManager: Mounting plugin KDevelopSourceCodeAccess
LogPluginManager: Mounting plugin NullSourceCodeAccess
LogPluginManager: Mounting plugin PerforceSourceControl
LogPluginManager: Mounting plugin PlasticSourceControl
LogPluginManager: Mounting plugin RiderSourceCodeAccess
LogPluginManager: Mounting plugin SubversionSourceControl
LogPluginManager: Mounting plugin UObjectPlugin
LogPluginManager: Mounting plugin VisualStudioCodeSourceCodeAccess
LogPluginManager: Mounting plugin VisualStudioSourceCodeAccess
LogPluginManager: Mounting plugin XCodeSourceCodeAccess
LogPluginManager: Mounting plugin AssetManagerEditor
LogPluginManager: Mounting plugin CryptoKeys
LogPluginManager: Mounting plugin CurveEditorTools
LogPluginManager: Mounting plugin DataValidation
LogPluginManager: Mounting plugin EditorScriptingUtilities
LogPluginManager: Mounting plugin FacialAnimation
LogPluginManager: Mounting plugin GameplayTagsEditor
LogPluginManager: Mounting plugin GeometryMode
LogPluginManager: Mounting plugin MacGraphicsSwitching
LogPluginManager: Mounting plugin MaterialAnalyzer
LogPluginManager: Mounting plugin MobileLauncherProfileWizard
LogPluginManager: Mounting plugin PluginBrowser
LogPluginManager: Mounting plugin SpeedTreeImporter
LogPluginManager: Mounting plugin DatasmithContent
LogPluginManager: Mounting plugin VariantManagerContent
LogPluginManager: Mounting plugin AlembicImporter
LogPluginManager: Mounting plugin AutomationUtils
LogPluginManager: Mounting plugin BackChannel
LogPluginManager: Mounting plugin ChaosCloth
LogPluginManager: Mounting plugin ChaosClothEditor
LogPluginManager: Mounting plugin ChaosEditor
LogPluginManager: Mounting plugin ChaosNiagara
LogPluginManager: Mounting plugin ChaosSolverPlugin
LogPluginManager: Mounting plugin CharacterAI
LogPluginManager: Mounting plugin GeometryCache
LogPluginManager: Mounting plugin GeometryCollectionPlugin
LogPluginManager: Mounting plugin GeometryProcessing
LogPluginManager: Mounting plugin PlanarCut
LogPluginManager: Mounting plugin PlatformCrypto
LogPluginManager: Mounting plugin ProxyLODPlugin
LogPluginManager: Mounting plugin SkeletalReduction
LogPluginManager: Mounting plugin Niagara
LogPluginManager: Mounting plugin MagicLeap
LogPluginManager: Mounting plugin MagicLeapLightEstimation
LogPluginManager: Mounting plugin MagicLeapMedia
LogPluginManager: Mounting plugin MagicLeapPassableWorld
LogPluginManager: Mounting plugin MLSDK
LogPluginManager: Mounting plugin AndroidMedia
LogPluginManager: Mounting plugin AvfMedia
LogPluginManager: Mounting plugin ImgMedia
LogPluginManager: Mounting plugin MediaCompositing
LogPluginManager: Mounting plugin MediaPlayerEditor
LogPluginManager: Mounting plugin WebMMedia
LogPluginManager: Mounting plugin WmfMedia
LogPluginManager: Mounting plugin MeshPainting
LogPluginManager: Mounting plugin TcpMessaging
LogPluginManager: Mounting plugin UdpMessaging
LogPluginManager: Mounting plugin ActorSequence
LogPluginManager: Mounting plugin LevelSequenceEditor
LogPluginManager: Mounting plugin MatineeToLevelSequence
LogPluginManager: Mounting plugin MovieRenderPipeline
LogPluginManager: Mounting plugin TemplateSequence
LogPluginManager: Mounting plugin NetcodeUnitTest
LogPluginManager: Mounting plugin NUTUnrealEngine4
LogPluginManager: Mounting plugin OnlineSubsystemGooglePlay
LogPluginManager: Mounting plugin OnlineSubsystemIOS
LogPluginManager: Mounting plugin OnlineSubsystem
LogPluginManager: Mounting plugin OnlineSubsystemNull
LogPluginManager: Mounting plugin OnlineSubsystemUtils
LogPluginManager: Mounting plugin LauncherChunkInstaller
LogPluginManager: Mounting plugin AndroidDeviceProfileSelector
LogPluginManager: Mounting plugin AndroidMoviePlayer
LogPluginManager: Mounting plugin AndroidPermission
LogPluginManager: Mounting plugin AppleImageUtils
LogPluginManager: Mounting plugin AppleMoviePlayer
LogPluginManager: Mounting plugin ArchVisCharacter
LogPluginManager: Mounting plugin AssetTags
LogPluginManager: Mounting plugin AudioCapture
LogPluginManager: Mounting plugin CableComponent
LogPluginManager: Mounting plugin CustomMeshComponent
LogPluginManager: Mounting plugin EditableMesh
LogPluginManager: Mounting plugin ExampleDeviceProfileSelector
LogPluginManager: Mounting plugin GoogleCloudMessaging
LogPluginManager: Mounting plugin GooglePAD
LogPluginManager: Mounting plugin IOSDeviceProfileSelector
LogPluginManager: Mounting plugin LinuxDeviceProfileSelector
LogPluginManager: Mounting plugin LocationServicesBPLibrary
LogPluginManager: Mounting plugin MobilePatchingUtils
LogPluginManager: Mounting plugin OculusVR
LogPluginManager: Mounting plugin PhysXVehicles
LogPluginManager: Mounting plugin PostSplashScreen
LogPluginManager: Mounting plugin ProceduralMeshComponent
LogPluginManager: Mounting plugin RuntimePhysXCooking
LogPluginManager: Mounting plugin SignificanceManager
LogPluginManager: Mounting plugin SoundFields
LogPluginManager: Mounting plugin SteamVR
LogPluginManager: Mounting plugin Synthesis
LogPluginManager: Mounting plugin WebMMoviePlayer
LogPluginManager: Mounting plugin WindowsMoviePlayer
LogPluginManager: Mounting plugin ScreenshotTools
LogInit: Using libcurl 7.55.1-DEV
LogInit:  - built for x86_64-pc-win32
LogInit:  - supports SSL with OpenSSL/1.1.1
LogInit:  - supports HTTP deflate (compression) using libz 1.2.8
LogInit:  - other features:
LogInit:      CURL_VERSION_SSL
LogInit:      CURL_VERSION_LIBZ
LogInit:      CURL_VERSION_IPV6
LogInit:      CURL_VERSION_ASYNCHDNS
LogInit:      CURL_VERSION_LARGEFILE
LogInit:      CURL_VERSION_IDN
LogInit:  CurlRequestOptions (configurable via config and command line):
LogInit:  - bVerifyPeer = true  - Libcurl will verify peer certificate
LogInit:  - bUseHttpProxy = false  - Libcurl will NOT use HTTP proxy
LogInit:  - bDontReuseConnections = false  - Libcurl will reuse connections
LogInit:  - MaxHostConnections = 16  - Libcurl will limit the number of connections to a host
LogInit:  - LocalHostAddr = Default
LogInit:  - BufferSize = 65536
LogOnline: OSS: Creating online subsystem instance for: NULL
LogInit: WinSock: version 1.1 (2.2), MaxSocks=32767, MaxUdp=65467
LogOnline: OSS: TryLoadSubsystemAndSetDefault: Loaded subsystem for module [NULL]
LogInit: Build: ++UE4+Release-4.25-CL-14469661
LogInit: Engine Version: 4.25.4-14469661+++UE4+Release-4.25
LogInit: Compatible Engine Version: 4.25.0-13144385+++UE4+Release-4.25
LogInit: Net CL: 13144385
LogInit: OS: Windows 10 (Release 1909) (), CPU: Intel(R) Core(TM) i5-1035G1 CPU @ 1.00GHz, GPU: Intel(R) UHD Graphics
LogInit: Compiled (64-bit): Oct 11 2020 08:10:49
LogInit: Compiled with Visual C++: 19.24.28315.00
LogInit: Build Configuration: Development
LogInit: Branch Name: ++UE4+Release-4.25
LogInit: Command Line:  -EpicPortal -epicusername=Jason-Christie -epicuserid=d8d3d1cf723e478baa58ee9c8e2dba04 -epiclocale=en
LogInit: Base Directory: C:/Program Files/Epic Games/UE_4.25/Engine/Binaries/Win64/
LogInit: Allocator: TBB
LogInit: Installed Engine Build: 1
LogDevObjectVersion: Number of dev versions registered: 26
LogDevObjectVersion:   Dev-Blueprints (B0D832E4-1F89-4F0D-ACCF-7EB736FD4AA2): 10
LogDevObjectVersion:   Dev-Build (E1C64328-A22C-4D53-A36C-8E866417BD8C): 0
LogDevObjectVersion:   Dev-Core (375EC13C-06E4-48FB-B500-84F0262A717E): 4
LogDevObjectVersion:   Dev-Editor (E4B068ED-F494-42E9-A231-DA0B2E46BB41): 38
LogDevObjectVersion:   Dev-Framework (CFFC743F-43B0-4480-9391-14DF171D2073): 37
LogDevObjectVersion:   Dev-Mobile (B02B49B5-BB20-44E9-A304-32B752E40360): 2
LogDevObjectVersion:   Dev-Networking (A4E4105C-59A1-49B5-A7C5-40C4547EDFEE): 0
LogDevObjectVersion:   Dev-Online (39C831C9-5AE6-47DC-9A44-9C173E1C8E7C): 0
LogDevObjectVersion:   Dev-Physics (78F01B33-EBEA-4F98-B9B4-84EACCB95AA2): 4
LogDevObjectVersion:   Dev-Platform (6631380F-2D4D-43E0-8009-CF276956A95A): 0
LogDevObjectVersion:   Dev-Rendering (12F88B9F-8875-4AFC-A67C-D90C383ABD29): 43
LogDevObjectVersion:   Dev-Sequencer (7B5AE74C-D270-4C10-A958-57980B212A5A): 12
LogDevObjectVersion:   Dev-VR (D7296918-1DD6-4BDD-9DE2-64A83CC13884): 3
LogDevObjectVersion:   Dev-LoadTimes (C2A15278-BFE7-4AFE-6C17-90FF531DF755): 1
LogDevObjectVersion:   Private-Geometry (6EACA3D4-40EC-4CC1-B786-8BED09428FC5): 3
LogDevObjectVersion:   Dev-AnimPhys (29E575DD-E0A3-4627-9D10-D276232CDCEA): 17
LogDevObjectVersion:   Dev-Anim (AF43A65D-7FD3-4947-9873-3E8ED9C1BB05): 7
LogDevObjectVersion:   Dev-ReflectionCapture (6B266CEC-1EC7-4B8F-A30B-E4D90942FC07): 1
LogDevObjectVersion:   Dev-Automation (0DF73D61-A23F-47EA-B727-89E90C41499A): 1
LogDevObjectVersion:   FortniteMain (601D1886-AC64-4F84-AA16-D3DE0DEAC7D6): 31
LogDevObjectVersion:   Dev-Enterprise (9DFFBCD6-494F-0158-E221-12823C92A888): 10
LogDevObjectVersion:   Dev-Niagara (F2AED0AC-9AFE-416F-8664-AA7FFA26D6FC): 1
LogDevObjectVersion:   Dev-Destruction (174F1F0B-B4C6-45A5-B13F-2EE8D0FB917D): 10
LogDevObjectVersion:   Dev-Physics-Ext (35F94A83-E258-406C-A318-09F59610247C): 37
LogDevObjectVersion:   Dev-PhysicsMaterial-Chaos (B68FC16E-8B1B-42E2-B453-215C058844FE): 1
LogDevObjectVersion:   Dev-CineCamera (B2E18506-4273-CFC2-A54E-F4BB758BBA07): 1
LogInit: Presizing for max 25165824 objects, including 0 objects not considered by GC, pre-allocating 0 bytes for permanent pool.
LogConfig: Applying CVar settings from Section [/Script/Engine.StreamingSettings] File [E:/Mr. Banana Grabber/BananaCollectorStarter5/BananaCollectorStarter 4.25/Saved/Config/Windows/Engine.ini]
LogConfig: Setting CVar [[s.MinBulkDataSizeForAsyncLoading:131072]]
LogConfig: Setting CVar [[s.AsyncLoadingThreadEnabled:0]]
LogConfig: Setting CVar [[s.EventDrivenLoaderEnabled:1]]
LogConfig: Setting CVar [[s.WarnIfTimeLimitExceeded:0]]
LogConfig: Setting CVar [[s.TimeLimitExceededMultiplier:1.5]]
LogConfig: Setting CVar [[s.TimeLimitExceededMinTime:0.005]]
LogConfig: Setting CVar [[s.UseBackgroundLevelStreaming:1]]
LogConfig: Setting CVar [[s.PriorityAsyncLoadingExtraTime:15.0]]
LogConfig: Setting CVar [[s.LevelStreamingActorsUpdateTimeLimit:5.0]]
LogConfig: Setting CVar [[s.PriorityLevelStreamingActorsUpdateExtraTime:5.0]]
LogConfig: Setting CVar [[s.LevelStreamingComponentsRegistrationGranularity:10]]
LogConfig: Setting CVar [[s.UnregisterComponentsTimeLimit:1.0]]
LogConfig: Setting CVar [[s.LevelStreamingComponentsUnregistrationGranularity:5]]
LogConfig: Setting CVar [[s.FlushStreamingOnExit:1]]
LogInit: Object subsystem initialized
LogConfig: Setting CVar [[con.DebugEarlyDefault:1]]
LogConfig: Setting CVar [[r.setres:1280x720]]
[2021.01.27-17.07.16:530][  0]LogConfig: Setting CVar [[r.VSync:0]]
[2021.01.27-17.07.16:530][  0]LogConfig: Setting CVar [[r.RHICmdBypass:0]]
[2021.01.27-17.07.16:530][  0]LogConfig: Applying CVar settings from Section [/Script/Engine.RendererSettings] File [E:/Mr. Banana Grabber/BananaCollectorStarter5/BananaCollectorStarter 4.25/Saved/Config/Windows/Engine.ini]
[2021.01.27-17.07.16:530][  0]LogConfig: Setting CVar [[r.GPUCrashDebugging:0]]
[2021.01.27-17.07.16:530][  0]LogConfig: Applying CVar settings from Section [/Script/Engine.RendererOverrideSettings] File [E:/Mr. Banana Grabber/BananaCollectorStarter5/BananaCollectorStarter 4.25/Saved/Config/Windows/Engine.ini]
[2021.01.27-17.07.16:530][  0]LogConfig: Applying CVar settings from Section [/Script/Engine.StreamingSettings] File [E:/Mr. Banana Grabber/BananaCollectorStarter5/BananaCollectorStarter 4.25/Saved/Config/Windows/Engine.ini]
[2021.01.27-17.07.16:530][  0]LogConfig: Setting CVar [[s.MinBulkDataSizeForAsyncLoading:131072]]
[2021.01.27-17.07.16:530][  0]LogConfig: Setting CVar [[s.AsyncLoadingThreadEnabled:0]]
[2021.01.27-17.07.16:530][  0]LogConfig: Setting CVar [[s.EventDrivenLoaderEnabled:1]]
[2021.01.27-17.07.16:530][  0]LogConfig: Setting CVar [[s.WarnIfTimeLimitExceeded:0]]
[2021.01.27-17.07.16:530][  0]LogConfig: Setting CVar [[s.TimeLimitExceededMultiplier:1.5]]
[2021.01.27-17.07.16:530][  0]LogConfig: Setting CVar [[s.TimeLimitExceededMinTime:0.005]]
[2021.01.27-17.07.16:530][  0]LogConfig: Setting CVar [[s.UseBackgroundLevelStreaming:1]]
[2021.01.27-17.07.16:530][  0]LogConfig: Setting CVar [[s.PriorityAsyncLoadingExtraTime:15.0]]
[2021.01.27-17.07.16:530][  0]LogConfig: Setting CVar [[s.LevelStreamingActorsUpdateTimeLimit:5.0]]
[2021.01.27-17.07.16:530][  0]LogConfig: Setting CVar [[s.PriorityLevelStreamingActorsUpdateExtraTime:5.0]]
[2021.01.27-17.07.16:530][  0]LogConfig: Setting CVar [[s.LevelStreamingComponentsRegistrationGranularity:10]]
[2021.01.27-17.07.16:530][  0]LogConfig: Setting CVar [[s.UnregisterComponentsTimeLimit:1.0]]
[2021.01.27-17.07.16:530][  0]LogConfig: Setting CVar [[s.LevelStreamingComponentsUnregistrationGranularity:5]]
[2021.01.27-17.07.16:530][  0]LogConfig: Setting CVar [[s.FlushStreamingOnExit:1]]
[2021.01.27-17.07.16:530][  0]LogConfig: Applying CVar settings from Section [/Script/Engine.GarbageCollectionSettings] File [E:/Mr. Banana Grabber/BananaCollectorStarter5/BananaCollectorStarter 4.25/Saved/Config/Windows/Engine.ini]
[2021.01.27-17.07.16:531][  0]LogConfig: Setting CVar [[gc.MaxObjectsNotConsideredByGC:1]]
[2021.01.27-17.07.16:531][  0]LogConfig: Setting CVar [[gc.SizeOfPermanentObjectPool:0]]
[2021.01.27-17.07.16:531][  0]LogConfig: Setting CVar [[gc.FlushStreamingOnGC:0]]
[2021.01.27-17.07.16:531][  0]LogConfig: Setting CVar [[gc.NumRetriesBeforeForcingGC:10]]
[2021.01.27-17.07.16:531][  0]LogConfig: Setting CVar [[gc.AllowParallelGC:1]]
[2021.01.27-17.07.16:531][  0]LogConfig: Setting CVar [[gc.TimeBetweenPurgingPendingKillObjects:61.1]]
[2021.01.27-17.07.16:531][  0]LogConfig: Setting CVar [[gc.MaxObjectsInEditor:25165824]]
[2021.01.27-17.07.16:531][  0]LogConfig: Setting CVar [[gc.IncrementalBeginDestroyEnabled:1]]
[2021.01.27-17.07.16:531][  0]LogConfig: Setting CVar [[gc.CreateGCClusters:1]]
[2021.01.27-17.07.16:531][  0]LogConfig: Setting CVar [[gc.MinGCClusterSize:5]]
[2021.01.27-17.07.16:531][  0]LogConfig: Setting CVar [[gc.ActorClusteringEnabled:0]]
[2021.01.27-17.07.16:531][  0]LogConfig: Setting CVar [[gc.BlueprintClusteringEnabled:0]]
[2021.01.27-17.07.16:531][  0]LogConfig: Setting CVar [[gc.UseDisregardForGCOnDedicatedServers:0]]
[2021.01.27-17.07.16:531][  0]LogConfig: Applying CVar settings from Section [/Script/Engine.NetworkSettings] File [E:/Mr. Banana Grabber/BananaCollectorStarter5/BananaCollectorStarter 4.25/Saved/Config/Windows/Engine.ini]
[2021.01.27-17.07.16:531][  0]LogConfig: Applying CVar settings from Section [/Script/UnrealEd.CookerSettings] File [E:/Mr. Banana Grabber/BananaCollectorStarter5/BananaCollectorStarter 4.25/Saved/Config/Windows/Engine.ini]
[2021.01.27-17.07.16:537][  0]LogConfig: Applying CVar settings from Section [ViewDistanceQuality@3] File [E:/Mr. Banana Grabber/BananaCollectorStarter5/BananaCollectorStarter 4.25/Saved/Config/Windows/Scalability.ini]
[2021.01.27-17.07.16:537][  0]LogConfig: Setting CVar [[r.SkeletalMeshLODBias:0]]
[2021.01.27-17.07.16:537][  0]LogConfig: Setting CVar [[r.ViewDistanceScale:1.0]]
[2021.01.27-17.07.16:538][  0]LogConfig: Applying CVar settings from Section [AntiAliasingQuality@3] File [E:/Mr. Banana Grabber/BananaCollectorStarter5/BananaCollectorStarter 4.25/Saved/Config/Windows/Scalability.ini]
[2021.01.27-17.07.16:538][  0]LogConfig: Setting CVar [[r.PostProcessAAQuality:4]]
[2021.01.27-17.07.16:538][  0]LogConfig: Applying CVar settings from Section [ShadowQuality@3] File [E:/Mr. Banana Grabber/BananaCollectorStarter5/BananaCollectorStarter 4.25/Saved/Config/Windows/Scalability.ini]
[2021.01.27-17.07.16:538][  0]LogConfig: Setting CVar [[r.LightFunctionQuality:1]]
[2021.01.27-17.07.16:538][  0]LogConfig: Setting CVar [[r.ShadowQuality:5]]
[2021.01.27-17.07.16:538][  0]LogConfig: Setting CVar [[r.Shadow.CSM.MaxCascades:10]]
[2021.01.27-17.07.16:538][  0]LogConfig: Setting CVar [[r.Shadow.MaxResolution:2048]]
[2021.01.27-17.07.16:538][  0]LogConfig: Setting CVar [[r.Shadow.MaxCSMResolution:2048]]
[2021.01.27-17.07.16:538][  0]LogConfig: Setting CVar [[r.Shadow.RadiusThreshold:0.01]]
[2021.01.27-17.07.16:538][  0]LogConfig: Setting CVar [[r.Shadow.DistanceScale:1.0]]
[2021.01.27-17.07.16:538][  0]LogConfig: Setting CVar [[r.Shadow.CSM.TransitionScale:1.0]]
[2021.01.27-17.07.16:538][  0]LogConfig: Setting CVar [[r.Shadow.PreShadowResolutionFactor:1.0]]
[2021.01.27-17.07.16:538][  0]LogConfig: Setting CVar [[r.DistanceFieldShadowing:1]]
[2021.01.27-17.07.16:538][  0]LogConfig: Setting CVar [[r.DistanceFieldAO:1]]
[2021.01.27-17.07.16:538][  0]LogConfig: Setting CVar [[r.AOQuality:2]]
[2021.01.27-17.07.16:538][  0]LogConfig: Setting CVar [[r.VolumetricFog:1]]
[2021.01.27-17.07.16:538][  0]LogConfig: Setting CVar [[r.VolumetricFog.GridPixelSize:8]]
[2021.01.27-17.07.16:538][  0]LogConfig: Setting CVar [[r.VolumetricFog.GridSizeZ:128]]
[2021.01.27-17.07.16:538][  0]LogConfig: Setting CVar [[r.VolumetricFog.HistoryMissSupersampleCount:4]]
[2021.01.27-17.07.16:538][  0]LogConfig: Setting CVar [[r.LightMaxDrawDistanceScale:1]]
[2021.01.27-17.07.16:538][  0]LogConfig: Setting CVar [[r.CapsuleShadows:1]]
[2021.01.27-17.07.16:538][  0]LogConfig: Applying CVar settings from Section [PostProcessQuality@3] File [E:/Mr. Banana Grabber/BananaCollectorStarter5/BananaCollectorStarter 4.25/Saved/Config/Windows/Scalability.ini]
[2021.01.27-17.07.16:538][  0]LogConfig: Setting CVar [[r.MotionBlurQuality:4]]
[2021.01.27-17.07.16:538][  0]LogConfig: Setting CVar [[r.AmbientOcclusionMipLevelFactor:0.4]]
[2021.01.27-17.07.16:538][  0]LogConfig: Setting CVar [[r.AmbientOcclusionMaxQuality:100]]
[2021.01.27-17.07.16:538][  0]LogConfig: Setting CVar [[r.AmbientOcclusionLevels:-1]]
[2021.01.27-17.07.16:538][  0]LogConfig: Setting CVar [[r.AmbientOcclusionRadiusScale:1.0]]
[2021.01.27-17.07.16:538][  0]LogConfig: Setting CVar [[r.DepthOfFieldQuality:2]]
[2021.01.27-17.07.16:538][  0]LogConfig: Setting CVar [[r.RenderTargetPoolMin:400]]
[2021.01.27-17.07.16:538][  0]LogConfig: Setting CVar [[r.LensFlareQuality:2]]
[2021.01.27-17.07.16:538][  0]LogConfig: Setting CVar [[r.SceneColorFringeQuality:1]]
[2021.01.27-17.07.16:538][  0]LogConfig: Setting CVar [[r.EyeAdaptationQuality:2]]
[2021.01.27-17.07.16:538][  0]LogConfig: Setting CVar [[r.BloomQuality:5]]
[2021.01.27-17.07.16:538][  0]LogConfig: Setting CVar [[r.FastBlurThreshold:100]]
[2021.01.27-17.07.16:538][  0]LogConfig: Setting CVar [[r.Upscale.Quality:3]]
[2021.01.27-17.07.16:538][  0]LogConfig: Setting CVar [[r.Tonemapper.GrainQuantization:1]]
[2021.01.27-17.07.16:538][  0]LogConfig: Setting CVar [[r.LightShaftQuality:1]]
[2021.01.27-17.07.16:538][  0]LogConfig: Setting CVar [[r.Filter.SizeScale:1]]
[2021.01.27-17.07.16:538][  0]LogConfig: Setting CVar [[r.Tonemapper.Quality:5]]
[2021.01.27-17.07.16:538][  0]LogConfig: Setting CVar [[r.DOF.Gather.AccumulatorQuality:1        ; higher gathering accumulator quality]]
[2021.01.27-17.07.16:538][  0]LogConfig: Setting CVar [[r.DOF.Gather.PostfilterMethod:1          ; Median3x3 postfilering method]]
[2021.01.27-17.07.16:538][  0]LogConfig: Setting CVar [[r.DOF.Gather.EnableBokehSettings:0       ; no bokeh simulation when gathering]]
[2021.01.27-17.07.16:538][  0]LogConfig: Setting CVar [[r.DOF.Gather.RingCount:4                 ; medium number of samples when gathering]]
[2021.01.27-17.07.16:538][  0]LogConfig: Setting CVar [[r.DOF.Scatter.ForegroundCompositing:1    ; additive foreground scattering]]
[2021.01.27-17.07.16:538][  0]LogConfig: Setting CVar [[r.DOF.Scatter.BackgroundCompositing:2    ; additive background scattering]]
[2021.01.27-17.07.16:538][  0]LogConfig: Setting CVar [[r.DOF.Scatter.EnableBokehSettings:1      ; bokeh simulation when scattering]]
[2021.01.27-17.07.16:538][  0]LogConfig: Setting CVar [[r.DOF.Scatter.MaxSpriteRatio:0.1         ; only a maximum of 10% of scattered bokeh]]
[2021.01.27-17.07.16:538][  0]LogConfig: Setting CVar [[r.DOF.Recombine.Quality:1                ; cheap slight out of focus]]
[2021.01.27-17.07.16:538][  0]LogConfig: Setting CVar [[r.DOF.Recombine.EnableBokehSettings:0    ; no bokeh simulation on slight out of focus]]
[2021.01.27-17.07.16:538][  0]LogConfig: Setting CVar [[r.DOF.TemporalAAQuality:1                ; more stable temporal accumulation]]
[2021.01.27-17.07.16:538][  0]LogConfig: Setting CVar [[r.DOF.Kernel.MaxForegroundRadius:0.025]]
[2021.01.27-17.07.16:538][  0]LogConfig: Setting CVar [[r.DOF.Kernel.MaxBackgroundRadius:0.025]]
[2021.01.27-17.07.16:538][  0]LogConfig: Applying CVar settings from Section [TextureQuality@3] File [E:/Mr. Banana Grabber/BananaCollectorStarter5/BananaCollectorStarter 4.25/Saved/Config/Windows/Scalability.ini]
[2021.01.27-17.07.16:538][  0]LogConfig: Setting CVar [[r.Streaming.MipBias:0]]
[2021.01.27-17.07.16:538][  0]LogConfig: Setting CVar [[r.Streaming.AmortizeCPUToGPUCopy:0]]
[2021.01.27-17.07.16:538][  0]LogConfig: Setting CVar [[r.Streaming.MaxNumTexturesToStreamPerFrame:0]]
[2021.01.27-17.07.16:538][  0]LogConfig: Setting CVar [[r.Streaming.Boost:1]]
[2021.01.27-17.07.16:538][  0]LogConfig: Setting CVar [[r.MaxAnisotropy:8]]
[2021.01.27-17.07.16:538][  0]LogConfig: Setting CVar [[r.VT.MaxAnisotropy:8]]
[2021.01.27-17.07.16:538][  0]LogConfig: Setting CVar [[r.Streaming.LimitPoolSizeToVRAM:0]]
[2021.01.27-17.07.16:538][  0]LogConfig: Setting CVar [[r.Streaming.PoolSize:1000]]
[2021.01.27-17.07.16:538][  0]LogConfig: Setting CVar [[r.Streaming.MaxEffectiveScreenSize:0]]
[2021.01.27-17.07.16:538][  0]LogConfig: Applying CVar settings from Section [EffectsQuality@3] File [E:/Mr. Banana Grabber/BananaCollectorStarter5/BananaCollectorStarter 4.25/Saved/Config/Windows/Scalability.ini]
[2021.01.27-17.07.16:538][  0]LogConfig: Setting CVar [[r.TranslucencyLightingVolumeDim:64]]
[2021.01.27-17.07.16:538][  0]LogConfig: Setting CVar [[r.RefractionQuality:2]]
[2021.01.27-17.07.16:538][  0]LogConfig: Setting CVar [[r.SSR.Quality:3]]
[2021.01.27-17.07.16:538][  0]LogConfig: Setting CVar [[r.SSR.HalfResSceneColor:0]]
[2021.01.27-17.07.16:538][  0]LogConfig: Setting CVar [[r.SceneColorFormat:4]]
[2021.01.27-17.07.16:538][  0]LogConfig: Setting CVar [[r.DetailMode:2]]
[2021.01.27-17.07.16:538][  0]LogConfig: Setting CVar [[r.TranslucencyVolumeBlur:1]]
[2021.01.27-17.07.16:538][  0]LogConfig: Setting CVar [[r.MaterialQualityLevel:1 ; High quality]]
[2021.01.27-17.07.16:538][  0]LogConfig: Setting CVar [[r.SSS.Scale:1]]
[2021.01.27-17.07.16:538][  0]LogConfig: Setting CVar [[r.SSS.SampleSet:2]]
[2021.01.27-17.07.16:538][  0]LogConfig: Setting CVar [[r.SSS.Quality:1]]
[2021.01.27-17.07.16:538][  0]LogConfig: Setting CVar [[r.SSS.HalfRes:0]]
[2021.01.27-17.07.16:538][  0]LogConfig: Setting CVar [[r.SSGI.Quality:3]]
[2021.01.27-17.07.16:538][  0]LogConfig: Setting CVar [[r.EmitterSpawnRateScale:1.0]]
[2021.01.27-17.07.16:538][  0]LogConfig: Setting CVar [[r.ParticleLightQuality:2]]
[2021.01.27-17.07.16:538][  0]LogConfig: Setting CVar [[r.SkyAtmosphere.AerialPerspectiveLUT.FastApplyOnOpaque:1 ; Always have FastSkyLUT 1 in this case to avoid wrong sky]]
[2021.01.27-17.07.16:538][  0]LogConfig: Setting CVar [[r.SkyAtmosphere.AerialPerspectiveLUT.SampleCountPerSlice:1]]
[2021.01.27-17.07.16:538][  0]LogConfig: Setting CVar [[r.SkyAtmosphere.AerialPerspectiveLUT.DepthResolution:16.0]]
[2021.01.27-17.07.16:538][  0]LogConfig: Setting CVar [[r.SkyAtmosphere.FastSkyLUT:1]]
[2021.01.27-17.07.16:538][  0]LogConfig: Setting CVar [[r.SkyAtmosphere.FastSkyLUT.SampleCountMin:4.0]]
[2021.01.27-17.07.16:538][  0]LogConfig: Setting CVar [[r.SkyAtmosphere.FastSkyLUT.SampleCountMax:32.0]]
[2021.01.27-17.07.16:538][  0]LogConfig: Setting CVar [[r.SkyAtmosphere.SampleCountMin:4.0]]
[2021.01.27-17.07.16:538][  0]LogConfig: Setting CVar [[r.SkyAtmosphere.SampleCountMax:32.0]]
[2021.01.27-17.07.16:538][  0]LogConfig: Setting CVar [[r.SkyAtmosphere.TransmittanceLUT.UseSmallFormat:0]]
[2021.01.27-17.07.16:538][  0]LogConfig: Setting CVar [[r.SkyAtmosphere.TransmittanceLUT.SampleCount:10.0]]
[2021.01.27-17.07.16:538][  0]LogConfig: Setting CVar [[r.SkyAtmosphere.MultiScatteringLUT.SampleCount:15.0]]
[2021.01.27-17.07.16:538][  0]LogConfig: Applying CVar settings from Section [FoliageQuality@3] File [E:/Mr. Banana Grabber/BananaCollectorStarter5/BananaCollectorStarter 4.25/Saved/Config/Windows/Scalability.ini]
[2021.01.27-17.07.16:538][  0]LogConfig: Setting CVar [[foliage.DensityScale:1.0]]
[2021.01.27-17.07.16:538][  0]LogConfig: Setting CVar [[grass.DensityScale:1.0]]
[2021.01.27-17.07.16:538][  0]LogConfig: Applying CVar settings from Section [ShadingQuality@3] File [E:/Mr. Banana Grabber/BananaCollectorStarter5/BananaCollectorStarter 4.25/Saved/Config/Windows/Scalability.ini]
[2021.01.27-17.07.16:538][  0]LogConfig: Setting CVar [[r.HairStrands.SkyLighting.SampleCount:16]]
[2021.01.27-17.07.16:538][  0]LogConfig: Setting CVar [[r.HairStrands.SkyLighting.JitterIntegration:0]]
[2021.01.27-17.07.16:538][  0]LogConfig: Setting CVar [[r.HairStrands.SkyAO.SampleCount:16]]
[2021.01.27-17.07.16:538][  0]LogConfig: Setting CVar [[r.HairStrands.DeepShadow.SuperSampling:0]]
[2021.01.27-17.07.16:538][  0]LogConfig: Setting CVar [[r.HairStrands.VisibilityPPLL:0]]
[2021.01.27-17.07.16:538][  0]LogConfig: Setting CVar [[r.HairStrands.RasterizationScale:0.5]]
[2021.01.27-17.07.16:538][  0]LogConfig: Setting CVar [[r.HairStrands.VelocityRasterizationScale:1]]
[2021.01.27-17.07.16:538][  0]LogInit: Selected Device Profile: [Windows]
[2021.01.27-17.07.16:538][  0]LogInit: Applying CVar settings loaded from the selected device profile: [Windows]
[2021.01.27-17.07.16:539][  0]LogHAL: Display: Platform has ~ 8 GB [8347623424 / 8589934592 / 8], which maps to Default [LargestMinGB=32, LargerMinGB=12, DefaultMinGB=8, SmallerMinGB=6, SmallestMinGB=0)
[2021.01.27-17.07.16:539][  0]LogInit: Going up to parent DeviceProfile []
[2021.01.27-17.07.16:539][  0]LogConfig: Applying CVar settings from Section [ViewDistanceQuality@3] File [E:/Mr. Banana Grabber/BananaCollectorStarter5/BananaCollectorStarter 4.25/Saved/Config/Windows/Scalability.ini]
[2021.01.27-17.07.16:539][  0]LogConfig: Setting CVar [[r.SkeletalMeshLODBias:0]]
[2021.01.27-17.07.16:539][  0]LogConfig: Setting CVar [[r.ViewDistanceScale:1.0]]
[2021.01.27-17.07.16:539][  0]LogConfig: Applying CVar settings from Section [AntiAliasingQuality@3] File [E:/Mr. Banana Grabber/BananaCollectorStarter5/BananaCollectorStarter 4.25/Saved/Config/Windows/Scalability.ini]
[2021.01.27-17.07.16:539][  0]LogConfig: Setting CVar [[r.PostProcessAAQuality:4]]
[2021.01.27-17.07.16:539][  0]LogConfig: Applying CVar settings from Section [ShadowQuality@3] File [E:/Mr. Banana Grabber/BananaCollectorStarter5/BananaCollectorStarter 4.25/Saved/Config/Windows/Scalability.ini]
[2021.01.27-17.07.16:539][  0]LogConfig: Setting CVar [[r.LightFunctionQuality:1]]
[2021.01.27-17.07.16:539][  0]LogConfig: Setting CVar [[r.ShadowQuality:5]]
[2021.01.27-17.07.16:539][  0]LogConfig: Setting CVar [[r.Shadow.CSM.MaxCascades:10]]
[2021.01.27-17.07.16:539][  0]LogConfig: Setting CVar [[r.Shadow.MaxResolution:2048]]
[2021.01.27-17.07.16:539][  0]LogConfig: Setting CVar [[r.Shadow.MaxCSMResolution:2048]]
[2021.01.27-17.07.16:539][  0]LogConfig: Setting CVar [[r.Shadow.RadiusThreshold:0.01]]
[2021.01.27-17.07.16:539][  0]LogConfig: Setting CVar [[r.Shadow.DistanceScale:1.0]]
[2021.01.27-17.07.16:539][  0]LogConfig: Setting CVar [[r.Shadow.CSM.TransitionScale:1.0]]
[2021.01.27-17.07.16:539][  0]LogConfig: Setting CVar [[r.Shadow.PreShadowResolutionFactor:1.0]]
[2021.01.27-17.07.16:539][  0]LogConfig: Setting CVar [[r.DistanceFieldShadowing:1]]
[2021.01.27-17.07.16:539][  0]LogConfig: Setting CVar [[r.DistanceFieldAO:1]]
[2021.01.27-17.07.16:539][  0]LogConfig: Setting CVar [[r.AOQuality:2]]
[2021.01.27-17.07.16:539][  0]LogConfig: Setting CVar [[r.VolumetricFog:1]]
[2021.01.27-17.07.16:539][  0]LogConfig: Setting CVar [[r.VolumetricFog.GridPixelSize:8]]
[2021.01.27-17.07.16:539][  0]LogConfig: Setting CVar [[r.VolumetricFog.GridSizeZ:128]]
[2021.01.27-17.07.16:539][  0]LogConfig: Setting CVar [[r.VolumetricFog.HistoryMissSupersampleCount:4]]
[2021.01.27-17.07.16:539][  0]LogConfig: Setting CVar [[r.LightMaxDrawDistanceScale:1]]
[2021.01.27-17.07.16:539][  0]LogConfig: Setting CVar [[r.CapsuleShadows:1]]
[2021.01.27-17.07.16:539][  0]LogConfig: Applying CVar settings from Section [PostProcessQuality@3] File [E:/Mr. Banana Grabber/BananaCollectorStarter5/BananaCollectorStarter 4.25/Saved/Config/Windows/Scalability.ini]
[2021.01.27-17.07.16:539][  0]LogConfig: Setting CVar [[r.MotionBlurQuality:4]]
[2021.01.27-17.07.16:539][  0]LogConfig: Setting CVar [[r.AmbientOcclusionMipLevelFactor:0.4]]
[2021.01.27-17.07.16:539][  0]LogConfig: Setting CVar [[r.AmbientOcclusionMaxQuality:100]]
[2021.01.27-17.07.16:539][  0]LogConfig: Setting CVar [[r.AmbientOcclusionLevels:-1]]
[2021.01.27-17.07.16:539][  0]LogConfig: Setting CVar [[r.AmbientOcclusionRadiusScale:1.0]]
[2021.01.27-17.07.16:539][  0]LogConfig: Setting CVar [[r.DepthOfFieldQuality:2]]
[2021.01.27-17.07.16:539][  0]LogConfig: Setting CVar [[r.RenderTargetPoolMin:400]]
[2021.01.27-17.07.16:539][  0]LogConfig: Setting CVar [[r.LensFlareQuality:2]]
[2021.01.27-17.07.16:539][  0]LogConfig: Setting CVar [[r.SceneColorFringeQuality:1]]
[2021.01.27-17.07.16:539][  0]LogConfig: Setting CVar [[r.EyeAdaptationQuality:2]]
[2021.01.27-17.07.16:539][  0]LogConfig: Setting CVar [[r.BloomQuality:5]]
[2021.01.27-17.07.16:539][  0]LogConfig: Setting CVar [[r.FastBlurThreshold:100]]
[2021.01.27-17.07.16:539][  0]LogConfig: Setting CVar [[r.Upscale.Quality:3]]
[2021.01.27-17.07.16:539][  0]LogConfig: Setting CVar [[r.Tonemapper.GrainQuantization:1]]
[2021.01.27-17.07.16:539][  0]LogConfig: Setting CVar [[r.LightShaftQuality:1]]
[2021.01.27-17.07.16:539][  0]LogConfig: Setting CVar [[r.Filter.SizeScale:1]]
[2021.01.27-17.07.16:539][  0]LogConfig: Setting CVar [[r.Tonemapper.Quality:5]]
[2021.01.27-17.07.16:539][  0]LogConfig: Setting CVar [[r.DOF.Gather.AccumulatorQuality:1        ; higher gathering accumulator quality]]
[2021.01.27-17.07.16:539][  0]LogConfig: Setting CVar [[r.DOF.Gather.PostfilterMethod:1          ; Median3x3 postfilering method]]
[2021.01.27-17.07.16:539][  0]LogConfig: Setting CVar [[r.DOF.Gather.EnableBokehSettings:0       ; no bokeh simulation when gathering]]
[2021.01.27-17.07.16:539][  0]LogConfig: Setting CVar [[r.DOF.Gather.RingCount:4                 ; medium number of samples when gathering]]
[2021.01.27-17.07.16:539][  0]LogConfig: Setting CVar [[r.DOF.Scatter.ForegroundCompositing:1    ; additive foreground scattering]]
[2021.01.27-17.07.16:539][  0]LogConfig: Setting CVar [[r.DOF.Scatter.BackgroundCompositing:2    ; additive background scattering]]
[2021.01.27-17.07.16:539][  0]LogConfig: Setting CVar [[r.DOF.Scatter.EnableBokehSettings:1      ; bokeh simulation when scattering]]
[2021.01.27-17.07.16:539][  0]LogConfig: Setting CVar [[r.DOF.Scatter.MaxSpriteRatio:0.1         ; only a maximum of 10% of scattered bokeh]]
[2021.01.27-17.07.16:539][  0]LogConfig: Setting CVar [[r.DOF.Recombine.Quality:1                ; cheap slight out of focus]]
[2021.01.27-17.07.16:539][  0]LogConfig: Setting CVar [[r.DOF.Recombine.EnableBokehSettings:0    ; no bokeh simulation on slight out of focus]]
[2021.01.27-17.07.16:539][  0]LogConfig: Setting CVar [[r.DOF.TemporalAAQuality:1                ; more stable temporal accumulation]]
[2021.01.27-17.07.16:539][  0]LogConfig: Setting CVar [[r.DOF.Kernel.MaxForegroundRadius:0.025]]
[2021.01.27-17.07.16:539][  0]LogConfig: Setting CVar [[r.DOF.Kernel.MaxBackgroundRadius:0.025]]
[2021.01.27-17.07.16:539][  0]LogConfig: Applying CVar settings from Section [TextureQuality@3] File [E:/Mr. Banana Grabber/BananaCollectorStarter5/BananaCollectorStarter 4.25/Saved/Config/Windows/Scalability.ini]
[2021.01.27-17.07.16:539][  0]LogConfig: Setting CVar [[r.Streaming.MipBias:0]]
[2021.01.27-17.07.16:539][  0]LogConfig: Setting CVar [[r.Streaming.AmortizeCPUToGPUCopy:0]]
[2021.01.27-17.07.16:539][  0]LogConfig: Setting CVar [[r.Streaming.MaxNumTexturesToStreamPerFrame:0]]
[2021.01.27-17.07.16:539][  0]LogConfig: Setting CVar [[r.Streaming.Boost:1]]
[2021.01.27-17.07.16:539][  0]LogConfig: Setting CVar [[r.MaxAnisotropy:8]]
[2021.01.27-17.07.16:539][  0]LogConfig: Setting CVar [[r.VT.MaxAnisotropy:8]]
[2021.01.27-17.07.16:539][  0]LogConfig: Setting CVar [[r.Streaming.LimitPoolSizeToVRAM:0]]
[2021.01.27-17.07.16:539][  0]LogConfig: Setting CVar [[r.Streaming.PoolSize:1000]]
[2021.01.27-17.07.16:539][  0]LogConfig: Setting CVar [[r.Streaming.MaxEffectiveScreenSize:0]]
[2021.01.27-17.07.16:539][  0]LogConfig: Applying CVar settings from Section [EffectsQuality@3] File [E:/Mr. Banana Grabber/BananaCollectorStarter5/BananaCollectorStarter 4.25/Saved/Config/Windows/Scalability.ini]
[2021.01.27-17.07.16:539][  0]LogConfig: Setting CVar [[r.TranslucencyLightingVolumeDim:64]]
[2021.01.27-17.07.16:539][  0]LogConfig: Setting CVar [[r.RefractionQuality:2]]
[2021.01.27-17.07.16:539][  0]LogConfig: Setting CVar [[r.SSR.Quality:3]]
[2021.01.27-17.07.16:539][  0]LogConfig: Setting CVar [[r.SSR.HalfResSceneColor:0]]
[2021.01.27-17.07.16:539][  0]LogConfig: Setting CVar [[r.SceneColorFormat:4]]
[2021.01.27-17.07.16:539][  0]LogConfig: Setting CVar [[r.DetailMode:2]]
[2021.01.27-17.07.16:539][  0]LogConfig: Setting CVar [[r.TranslucencyVolumeBlur:1]]
[2021.01.27-17.07.16:539][  0]LogConfig: Setting CVar [[r.MaterialQualityLevel:1 ; High quality]]
[2021.01.27-17.07.16:539][  0]LogConfig: Setting CVar [[r.SSS.Scale:1]]
[2021.01.27-17.07.16:539][  0]LogConfig: Setting CVar [[r.SSS.SampleSet:2]]
[2021.01.27-17.07.16:539][  0]LogConfig: Setting CVar [[r.SSS.Quality:1]]
[2021.01.27-17.07.16:539][  0]LogConfig: Setting CVar [[r.SSS.HalfRes:0]]
[2021.01.27-17.07.16:539][  0]LogConfig: Setting CVar [[r.SSGI.Quality:3]]
[2021.01.27-17.07.16:539][  0]LogConfig: Setting CVar [[r.EmitterSpawnRateScale:1.0]]
[2021.01.27-17.07.16:539][  0]LogConfig: Setting CVar [[r.ParticleLightQuality:2]]
[2021.01.27-17.07.16:539][  0]LogConfig: Setting CVar [[r.SkyAtmosphere.AerialPerspectiveLUT.FastApplyOnOpaque:1 ; Always have FastSkyLUT 1 in this case to avoid wrong sky]]
[2021.01.27-17.07.16:539][  0]LogConfig: Setting CVar [[r.SkyAtmosphere.AerialPerspectiveLUT.SampleCountPerSlice:1]]
[2021.01.27-17.07.16:539][  0]LogConfig: Setting CVar [[r.SkyAtmosphere.AerialPerspectiveLUT.DepthResolution:16.0]]
[2021.01.27-17.07.16:539][  0]LogConfig: Setting CVar [[r.SkyAtmosphere.FastSkyLUT:1]]
[2021.01.27-17.07.16:539][  0]LogConfig: Setting CVar [[r.SkyAtmosphere.FastSkyLUT.SampleCountMin:4.0]]
[2021.01.27-17.07.16:539][  0]LogConfig: Setting CVar [[r.SkyAtmosphere.FastSkyLUT.SampleCountMax:32.0]]
[2021.01.27-17.07.16:539][  0]LogConfig: Setting CVar [[r.SkyAtmosphere.SampleCountMin:4.0]]
[2021.01.27-17.07.16:539][  0]LogConfig: Setting CVar [[r.SkyAtmosphere.SampleCountMax:32.0]]
[2021.01.27-17.07.16:539][  0]LogConfig: Setting CVar [[r.SkyAtmosphere.TransmittanceLUT.UseSmallFormat:0]]
[2021.01.27-17.07.16:539][  0]LogConfig: Setting CVar [[r.SkyAtmosphere.TransmittanceLUT.SampleCount:10.0]]
[2021.01.27-17.07.16:539][  0]LogConfig: Setting CVar [[r.SkyAtmosphere.MultiScatteringLUT.SampleCount:15.0]]
[2021.01.27-17.07.16:540][  0]LogConfig: Applying CVar settings from Section [FoliageQuality@3] File [E:/Mr. Banana Grabber/BananaCollectorStarter5/BananaCollectorStarter 4.25/Saved/Config/Windows/Scalability.ini]
[2021.01.27-17.07.16:540][  0]LogConfig: Setting CVar [[foliage.DensityScale:1.0]]
[2021.01.27-17.07.16:540][  0]LogConfig: Setting CVar [[grass.DensityScale:1.0]]
[2021.01.27-17.07.16:540][  0]LogConfig: Applying CVar settings from Section [ShadingQuality@3] File [E:/Mr. Banana Grabber/BananaCollectorStarter5/BananaCollectorStarter 4.25/Saved/Config/Windows/Scalability.ini]
[2021.01.27-17.07.16:540][  0]LogConfig: Setting CVar [[r.HairStrands.SkyLighting.SampleCount:16]]
[2021.01.27-17.07.16:540][  0]LogConfig: Setting CVar [[r.HairStrands.SkyLighting.JitterIntegration:0]]
[2021.01.27-17.07.16:540][  0]LogConfig: Setting CVar [[r.HairStrands.SkyAO.SampleCount:16]]
[2021.01.27-17.07.16:540][  0]LogConfig: Setting CVar [[r.HairStrands.DeepShadow.SuperSampling:0]]
[2021.01.27-17.07.16:540][  0]LogConfig: Setting CVar [[r.HairStrands.VisibilityPPLL:0]]
[2021.01.27-17.07.16:540][  0]LogConfig: Setting CVar [[r.HairStrands.RasterizationScale:0.5]]
[2021.01.27-17.07.16:540][  0]LogConfig: Setting CVar [[r.HairStrands.VelocityRasterizationScale:1]]
[2021.01.27-17.07.16:540][  0]LogConfig: Applying CVar settings from Section [Startup] File [../../../Engine/Config/ConsoleVariables.ini]
[2021.01.27-17.07.16:541][  0]LogConfig: Setting CVar [[net.UseAdaptiveNetUpdateFrequency:0]]
[2021.01.27-17.07.16:541][  0]LogConfig: Setting CVar [[p.chaos.AllowCreatePhysxBodies:1]]
[2021.01.27-17.07.16:541][  0]LogConfig: Setting CVar [[fx.SkipVectorVMBackendOptimizations:1]]
[2021.01.27-17.07.16:541][  0]LogConfig: Applying CVar settings from Section [ConsoleVariables] File [E:/Mr. Banana Grabber/BananaCollectorStarter5/BananaCollectorStarter 4.25/Saved/Config/Windows/Engine.ini]
[2021.01.27-17.07.16:541][  0]LogInit: Computer: LAPTOP-VSCMJV9G
[2021.01.27-17.07.16:541][  0]LogInit: User: colla
[2021.01.27-17.07.16:541][  0]LogInit: CPU Page size=4096, Cores=4
[2021.01.27-17.07.16:541][  0]LogInit: High frequency timer resolution =10.000000 MHz
[2021.01.27-17.07.16:541][  0]LogMemory: Memory total: Physical=7.8GB (8GB approx)
[2021.01.27-17.07.16:541][  0]LogMemory: Platform Memory Stats for Windows
[2021.01.27-17.07.16:541][  0]LogMemory: Process Physical Memory: 114.55 MB used, 114.55 MB peak
[2021.01.27-17.07.16:541][  0]LogMemory: Process Virtual Memory: 96.34 MB used, 96.34 MB peak
[2021.01.27-17.07.16:541][  0]LogMemory: Physical Memory: 5372.91 MB used,  2588.00 MB free, 7960.91 MB total
[2021.01.27-17.07.16:541][  0]LogMemory: Virtual Memory: 5143.52 MB used,  134212584.00 MB free, 134217728.00 MB total
[2021.01.27-17.07.16:545][  0]LogWindows: WindowsPlatformFeatures enabled
[2021.01.27-17.07.16:574][  0]LogInit: Physics initialised using underlying interface: PhysX
[2021.01.27-17.07.16:575][  0]LogInit: Using OS detected language (en-US).
[2021.01.27-17.07.16:575][  0]LogInit: Using OS detected locale (en-US).
[2021.01.27-17.07.16:577][  0]LogTextLocalizationManager: No specific localization for 'en-US' exists, so the 'en' localization will be used.
[2021.01.27-17.07.16:729][  0]LogInit: Setting process to per monitor DPI aware
[2021.01.27-17.07.16:788][  0]LogSlate: New Slate User Created.  User Index 0, Is Virtual User: 0
[2021.01.27-17.07.16:788][  0]LogSlate: Slate User Registered.  User Index 0, Is Virtual User: 0
[2021.01.27-17.07.16:914][  0]LogHMD: Failed to initialize OpenVR with code 110
[2021.01.27-17.07.16:914][  0]LogD3D11RHI: D3D11 min allowed feature level: 11_0
[2021.01.27-17.07.16:914][  0]LogD3D11RHI: D3D11 max allowed feature level: 11_0
[2021.01.27-17.07.16:914][  0]LogD3D11RHI: D3D11 adapters:
[2021.01.27-17.07.16:976][  0]LogD3D11RHI:    0. 'Intel(R) UHD Graphics' (Feature Level 11_0)
[2021.01.27-17.07.16:976][  0]LogD3D11RHI:       128/0/3980 MB DedicatedVideo/DedicatedSystem/SharedSystem, Outputs:2, VendorId:0x8086
[2021.01.27-17.07.16:978][  0]LogD3D11RHI:    1. 'Microsoft Basic Render Driver' (Feature Level 11_0)
[2021.01.27-17.07.16:979][  0]LogD3D11RHI:       0/0/3980 MB DedicatedVideo/DedicatedSystem/SharedSystem, Outputs:0, VendorId:0x1414
[2021.01.27-17.07.16:979][  0]LogD3D11RHI: Chosen D3D11 Adapter: 0
[2021.01.27-17.07.16:987][  0]LogD3D11RHI: Creating new Direct3DDevice
[2021.01.27-17.07.16:987][  0]LogD3D11RHI:     GPU DeviceId: 0x8a56 (for the marketing name, search the web for "GPU Device Id")
[2021.01.27-17.07.16:987][  0]LogWindows: EnumDisplayDevices:
[2021.01.27-17.07.16:987][  0]LogWindows:    0. 'Intel(R) UHD Graphics' (P:1 D:1)
[2021.01.27-17.07.16:987][  0]LogWindows:    1. 'Intel(R) UHD Graphics' (P:0 D:1)
[2021.01.27-17.07.16:988][  0]LogWindows:    2. 'Intel(R) UHD Graphics' (P:0 D:0)
[2021.01.27-17.07.16:988][  0]LogWindows:    3. 'Intel(R) UHD Graphics' (P:0 D:0)
[2021.01.27-17.07.16:988][  0]LogWindows:    4. 'Intel(R) UHD Graphics' (P:0 D:0)
[2021.01.27-17.07.16:988][  0]LogWindows:    5. 'Intel(R) UHD Graphics' (P:0 D:0)
[2021.01.27-17.07.16:988][  0]LogWindows:    6. 'Intel(R) UHD Graphics' (P:0 D:0)
[2021.01.27-17.07.16:989][  0]LogWindows:    7. 'Intel(R) UHD Graphics' (P:0 D:0)
[2021.01.27-17.07.16:989][  0]LogWindows: DebugString: FoundDriverCount:8 
[2021.01.27-17.07.16:989][  0]LogD3D11RHI:     Adapter Name: Intel(R) UHD Graphics
[2021.01.27-17.07.16:989][  0]LogD3D11RHI:   Driver Version: 26.20.100.7985 (internal:26.20.100.7985, unified:26.20.100.7985)
[2021.01.27-17.07.16:989][  0]LogD3D11RHI:      Driver Date: 3-9-2020
[2021.01.27-17.07.16:989][  0]LogRHI: Texture pool is 1482 MB (70% of 2118 MB)
[2021.01.27-17.07.17:094][  0]LogD3D11RHI: RHI does not have support for 64 bit atomics
[2021.01.27-17.07.17:095][  0]LogD3D11RHI: [IntelMetricsDiscovery] Started
[2021.01.27-17.07.17:095][  0]LogD3D11RHI: Async texture creation enabled
[2021.01.27-17.07.17:095][  0]LogD3D11RHI: Array index from any shader is supported
[2021.01.27-17.07.17:101][  0]LogD3D11RHI: GPU Timing Frequency: 19.200000 (Debug: 2 0)
[2021.01.27-17.07.17:428][  0]LogTargetPlatformManager: Display: Loaded TargetPlatform 'AllDesktop'
[2021.01.27-17.07.17:447][  0]LogTargetPlatformManager: Display: Loaded TargetPlatform 'Android'
[2021.01.27-17.07.17:447][  0]LogTargetPlatformManager: Display: Loaded TargetPlatform 'Android_ASTC'
[2021.01.27-17.07.17:447][  0]LogTargetPlatformManager: Display: Loaded TargetPlatform 'Android_DXT'
[2021.01.27-17.07.17:447][  0]LogTargetPlatformManager: Display: Loaded TargetPlatform 'Android_ETC2'
[2021.01.27-17.07.17:447][  0]LogTargetPlatformManager: Display: Loaded TargetPlatform 'AndroidClient'
[2021.01.27-17.07.17:447][  0]LogTargetPlatformManager: Display: Loaded TargetPlatform 'Android_ASTCClient'
[2021.01.27-17.07.17:447][  0]LogTargetPlatformManager: Display: Loaded TargetPlatform 'Android_DXTClient'
[2021.01.27-17.07.17:447][  0]LogTargetPlatformManager: Display: Loaded TargetPlatform 'Android_ETC2Client'
[2021.01.27-17.07.17:447][  0]LogTargetPlatformManager: Display: Loaded TargetPlatform 'Android_Multi'
[2021.01.27-17.07.17:447][  0]LogTargetPlatformManager: Display: Loaded TargetPlatform 'Android_MultiClient'
[2021.01.27-17.07.17:469][  0]LogTargetPlatformManager: Display: Loaded TargetPlatform 'IOSClient'
[2021.01.27-17.07.17:470][  0]LogTargetPlatformManager: Display: Loaded TargetPlatform 'IOS'
[2021.01.27-17.07.17:479][  0]LogTargetPlatformManager: Display: Loaded TargetPlatform 'Linux'
[2021.01.27-17.07.17:488][  0]LogTargetPlatformManager: Display: Loaded TargetPlatform 'LinuxNoEditor'
[2021.01.27-17.07.17:497][  0]LogTargetPlatformManager: Display: Loaded TargetPlatform 'LinuxClient'
[2021.01.27-17.07.17:506][  0]LogTargetPlatformManager: Display: Loaded TargetPlatform 'LinuxServer'
[2021.01.27-17.07.17:515][  0]LogTargetPlatformManager: Display: Loaded TargetPlatform 'LinuxAArch64NoEditor'
[2021.01.27-17.07.17:523][  0]LogTargetPlatformManager: Display: Loaded TargetPlatform 'LinuxAArch64Client'
[2021.01.27-17.07.17:532][  0]LogTargetPlatformManager: Display: Loaded TargetPlatform 'LinuxAArch64Server'
[2021.01.27-17.07.17:555][  0]LogTargetPlatformManager: Display: Loaded TargetPlatform 'Lumin'
[2021.01.27-17.07.17:555][  0]LogTargetPlatformManager: Display: Loaded TargetPlatform 'LuminClient'
[2021.01.27-17.07.17:570][  0]LogTargetPlatformManager: Display: Loaded TargetPlatform 'TVOSClient'
[2021.01.27-17.07.17:570][  0]LogTargetPlatformManager: Display: Loaded TargetPlatform 'TVOS'
[2021.01.27-17.07.17:578][  0]LogTargetPlatformManager: Display: Loaded TargetPlatform 'WindowsNoEditor'
[2021.01.27-17.07.17:588][  0]LogTargetPlatformManager: Display: Loaded TargetPlatform 'Windows'
[2021.01.27-17.07.17:597][  0]LogTargetPlatformManager: Display: Loaded TargetPlatform 'WindowsClient'
[2021.01.27-17.07.17:605][  0]LogTargetPlatformManager: Display: Loaded TargetPlatform 'WindowsServer'
[2021.01.27-17.07.17:606][  0]LogTargetPlatformManager: Display: Building Assets For Windows
[2021.01.27-17.07.17:613][  0]LogAudioDebug: Display: Lib vorbis DLL was dynamically loaded.
[2021.01.27-17.07.17:670][  0]LogShaderCompilers: Guid format shader working directory is -28 characters bigger than the processId version (E:/Mr. Banana Grabber/BananaCollectorStarter5/BananaCollectorStarter 4.25/Intermediate/Shaders/WorkingDirectory/17396/).
[2021.01.27-17.07.17:671][  0]LogShaderCompilers: Cleaned the shader compiler working directory 'C:/Users/colla/AppData/Local/Temp/UnrealShaderWorkingDir/88A5EFFF459AD5DE024423B1B3F88786/'.
[2021.01.27-17.07.17:671][  0]LogXGEController: Cannot use XGE Controller as Incredibuild is not installed on this machine.
[2021.01.27-17.07.17:671][  0]LogShaderCompilers: Cannot use XGE Shader Compiler as Incredibuild is not installed on this machine.
[2021.01.27-17.07.17:671][  0]LogShaderCompilers: Display: Using Local Shader Compiler.
[2021.01.27-17.07.18:417][  0]LogDerivedDataCache: Display: Max Cache Size: 512 MB
[2021.01.27-17.07.18:462][  0]LogDerivedDataCache: Loaded boot cache 0.04s 76MB C:/Users/colla/AppData/Local/UnrealEngine/4.25/DerivedDataCache/Boot.ddc.
[2021.01.27-17.07.18:462][  0]LogDerivedDataCache: Display: Loaded Boot cache: C:/Users/colla/AppData/Local/UnrealEngine/4.25/DerivedDataCache/Boot.ddc
[2021.01.27-17.07.18:462][  0]LogDerivedDataCache: FDerivedDataBackendGraph:  Pak pak cache file E:/Mr. Banana Grabber/BananaCollectorStarter5/BananaCollectorStarter 4.25/DerivedDataCache/DDC.ddp not found, will not use a pak cache.
[2021.01.27-17.07.18:462][  0]LogDerivedDataCache: Unable to find inner node Pak for hierarchical cache Hierarchy.
[2021.01.27-17.07.18:462][  0]LogDerivedDataCache: FDerivedDataBackendGraph:  CompressedPak pak cache file E:/Mr. Banana Grabber/BananaCollectorStarter5/BananaCollectorStarter 4.25/DerivedDataCache/Compressed.ddp not found, will not use a pak cache.
[2021.01.27-17.07.18:462][  0]LogDerivedDataCache: Unable to find inner node CompressedPak for hierarchical cache Hierarchy.
[2021.01.27-17.07.18:473][  0]LogDerivedDataCache: Display: Pak cache opened for reading ../../../Engine/DerivedDataCache/Compressed.ddp.
[2021.01.27-17.07.18:473][  0]LogDerivedDataCache: FDerivedDataBackendGraph:  EnterprisePak pak cache file ../../../Enterprise/DerivedDataCache/Compressed.ddp not found, will not use a pak cache.
[2021.01.27-17.07.18:473][  0]LogDerivedDataCache: Unable to find inner node EnterprisePak for hierarchical cache Hierarchy.
[2021.01.27-17.07.18:474][  0]LogDerivedDataCache: Using Local data cache path C:/Users/colla/AppData/Local/UnrealEngine/Common/DerivedDataCache: Writable
[2021.01.27-17.07.18:474][  0]LogDerivedDataCache: Shared data cache path not found in *engine.ini, will not use an Shared cache.
[2021.01.27-17.07.18:474][  0]LogDerivedDataCache: Unable to find inner node Shared for hierarchical cache Hierarchy.
[2021.01.27-17.07.18:526][  0]LogSlate: Using FreeType 2.10.0
[2021.01.27-17.07.18:526][  0]LogSlate: SlateFontServices - WITH_FREETYPE: 1, WITH_HARFBUZZ: 1
[2021.01.27-17.07.18:552][  0]LogAssetRegistry: FAssetRegistry took 0.0026 seconds to start up
[2021.01.27-17.07.18:761][  0]LogInit: Selected Device Profile: [Windows]
[2021.01.27-17.07.18:874][  0]LogMeshReduction: Using QuadricMeshReduction for automatic static mesh reduction
[2021.01.27-17.07.18:875][  0]LogMeshReduction: Using SimplygonMeshReduction for automatic skeletal mesh reduction
[2021.01.27-17.07.18:875][  0]LogMeshReduction: Using ProxyLODMeshReduction for automatic mesh merging
[2021.01.27-17.07.18:875][  0]LogMeshReduction: No distributed automatic mesh merging module available
[2021.01.27-17.07.18:875][  0]LogMeshMerging: No distributed automatic mesh merging module available
[2021.01.27-17.07.18:894][  0]LogNetVersion: BananaCollector 1.0.0, NetCL: 13144385, EngineNetVer: 14, GameNetVer: 0 (Checksum: 807415613)
[2021.01.27-17.07.19:289][  0]LogAISub: UAISubsystem::UAISubsystem AISubsystem (0000017E00BB0280), frame # 0
[2021.01.27-17.07.19:289][  0]LogAISub: UAISubsystem::UAISubsystem AIPerceptionSystem (0000017E00AF11C0), frame # 0
[2021.01.27-17.07.19:290][  0]LogAISub: UAISubsystem::UAISubsystem EnvQueryManager (0000017E00B39E00), frame # 0
[2021.01.27-17.07.19:463][  0]LogPackageLocalizationCache: Processed 19 localized package path(s) for 1 prioritized culture(s) in 0.167741 seconds
[2021.01.27-17.07.19:467][  0]LogUObjectArray: 15917 objects as part of root set at end of initial load.
[2021.01.27-17.07.19:467][  0]LogUObjectAllocator: 3965568 out of 0 bytes used by permanent object pool.
[2021.01.27-17.07.19:467][  0]LogUObjectArray: CloseDisregardForGC: 0/0 objects in disregard for GC pool
[2021.01.27-17.07.19:815][  0]LogTcpMessaging: Initializing TcpMessaging bridge
[2021.01.27-17.07.19:820][  0]LogUdpMessaging: Initializing bridge on interface 0.0.0.0:0 to multicast group 230.0.0.1:6666.
[2021.01.27-17.07.19:908][  0]SourceControl: Source control is disabled
[2021.01.27-17.07.19:908][  0]SourceControl: Source control is disabled
[2021.01.27-17.07.19:911][  0]SourceControl: Source control is disabled
[2021.01.27-17.07.19:914][  0]SourceControl: Source control is disabled
[2021.01.27-17.07.19:922][  0]SourceControl: Source control is disabled
[2021.01.27-17.07.20:160][  0]LogAndroidPermission: UAndroidPermissionCallbackProxy::GetInstance
[2021.01.27-17.07.20:179][  0]LogAudioCaptureCore: Display: No Audio Capture implementations found. Audio input will be silent.
[2021.01.27-17.07.20:179][  0]LogAudioCaptureCore: Display: No Audio Capture implementations found. Audio input will be silent.
[2021.01.27-17.07.20:225][  0]LogOcInput: OculusInput pre-init called
[2021.01.27-17.07.20:235][  0]LogWindows: Failed to load 'OVRPlugin.dll' (GetLastError=126)
[2021.01.27-17.07.20:235][  0]LogWindows: File 'OVRPlugin.dll' does not exist
[2021.01.27-17.07.20:317][  0]LogEngine: Initializing Engine...
[2021.01.27-17.07.20:320][  0]LogHMD: Failed to initialize OpenVR with code 110
[2021.01.27-17.07.20:320][  0]LogMagicLeap: Warning: VR disabled because ZI is not enabled.  To enable, in the editor, Edit -> Project Settings -> Plugins -> Magic Leap Plugin -> Enable Zero Iteration
[2021.01.27-17.07.20:321][  0]LogStats: UGameplayTagsManager::InitializeManager -  0.000 s
[2021.01.27-17.07.20:431][  0]LogInit: Initializing FReadOnlyCVARCache
[2021.01.27-17.07.20:440][  0]LogAIModule: Creating AISystem for world Untitled
[2021.01.27-17.07.20:440][  0]LogAISub: UAISubsystem::UAISubsystem EnvQueryManager (0000017E06073C00), frame # 0
[2021.01.27-17.07.20:440][  0]LogAISub: UAISubsystem::UAISubsystem AIPerceptionSystem (0000017E060D4680), frame # 0
[2021.01.27-17.07.20:580][  0]LogAudioMixer: Display: Audio Mixer Platform Settings:
[2021.01.27-17.07.20:580][  0]LogAudioMixer: Display: 	Sample Rate:						  48000
[2021.01.27-17.07.20:580][  0]LogAudioMixer: Display: 	Callback Buffer Frame Size Requested: 1024
[2021.01.27-17.07.20:580][  0]LogAudioMixer: Display: 	Callback Buffer Frame Size To Use:	  1024
[2021.01.27-17.07.20:580][  0]LogAudioMixer: Display: 	Number of buffers to queue:			  2
[2021.01.27-17.07.20:580][  0]LogAudioMixer: Display: 	Max Channels (voices):				  32
[2021.01.27-17.07.20:580][  0]LogAudioMixer: Display: 	Number of Async Source Workers:		  0
[2021.01.27-17.07.20:580][  0]LogAudio: Display: AudioDevice MaxSources: 32
[2021.01.27-17.07.20:580][  0]LogAudio: Display: Using built-in audio occlusion.
[2021.01.27-17.07.20:580][  0]LogAudioMixer: Display: Initializing audio mixer.
[2021.01.27-17.07.20:595][  0]LogAudioMixer: Display: 0: FrontLeft
[2021.01.27-17.07.20:595][  0]LogAudioMixer: Display: 1: FrontRight
[2021.01.27-17.07.20:646][  0]LogAudioMixer: Display: Using Audio Device NS-32D20SNA14 (Intel(R) Display Audio)
[2021.01.27-17.07.20:648][  0]LogAudioMixer: Display: Initializing Sound Submixes...
[2021.01.27-17.07.20:650][  0]LogAudioMixer: Display: Creating Master Submix 'MasterSubmixDefault'
[2021.01.27-17.07.20:650][  0]LogAudioMixer: Display: Creating Master Submix 'MasterReverbSubmixDefault'
[2021.01.27-17.07.20:651][  0]LogAudioMixer: Display: Creating Master Submix 'MasterEQSubmixDefault'
[2021.01.27-17.07.20:652][  0]LogInit: FAudioDevice initialized.
[2021.01.27-17.07.20:652][  0]LogNetVersion: Set ProjectVersion to 1.0.0.0. Version Checksum will be recalculated on next use.
[2021.01.27-17.07.20:766][  0]LogDerivedDataCache: Saved boot cache 0.11s 76MB C:/Users/colla/AppData/Local/UnrealEngine/4.25/DerivedDataCache/Boot.ddc.
[2021.01.27-17.07.20:767][  0]LogInit: Texture streaming: Enabled
[2021.01.27-17.07.20:784][  0]LogEngineSessionManager: EngineSessionManager initialized
[2021.01.27-17.07.20:784][  0]LogEditorSessionSummary: Verbose: Initializing EditorSessionSummaryWriter for editor session tracking
[2021.01.27-17.07.20:788][  0]LogEditorSessionSummary: EditorSessionSummaryWriter initialized
[2021.01.27-17.07.20:868][  0]LogInit: Transaction tracking system initialized
[2021.01.27-17.07.20:888][  0]BlueprintLog: New page: Editor Load
[2021.01.27-17.07.20:956][  0]LocalizationService: Localization service is disabled
[2021.01.27-17.07.21:181][  0]LogCook: Display: Max memory allowance for cook 16384mb min free memory 0mb
[2021.01.27-17.07.21:181][  0]LogCook: Display: Mobile HDR setting 1
[2021.01.27-17.07.21:324][  0]LogFileCache: Scanning file cache for directory 'E:/Mr. Banana Grabber/BananaCollectorStarter5/BananaCollectorStarter 4.25/Content/' took 0.04s
[2021.01.27-17.07.21:535][  0]SourceControl: Source control is disabled
[2021.01.27-17.07.21:535][  0]LogUnrealEdMisc: Loading editor; pre map load, took 14.197
[2021.01.27-17.07.21:535][  0]Cmd: MAP LOAD FILE="E:/Mr. Banana Grabber/BananaCollectorStarter5/BananaCollectorStarter 4.25/Content/BananaCollector/Maps/TutorialMap.umap" TEMPLATE=0 SHOWPROGRESS=1 FEATURELEVEL=3
[2021.01.27-17.07.21:535][  0]LightingResults: New page: Lighting Build
[2021.01.27-17.07.21:536][  0]LogWorld: UWorld::CleanupWorld for Untitled, bSessionEnded=true, bCleanupResources=true
[2021.01.27-17.07.21:536][  0]LogSlate: InvalidateAllWidgets triggered.  All widgets were invalidated
[2021.01.27-17.07.21:536][  0]MapCheck: New page: Map Check
[2021.01.27-17.07.21:536][  0]LightingResults: New page: Lighting Build
[2021.01.27-17.07.21:545][  0]LogAISub: UAISubsystem::~UAISubsystem EnvQueryManager (0000017E06073C00), frame # 0
[2021.01.27-17.07.21:545][  0]LogAISub: UAISubsystem::~UAISubsystem AIPerceptionSystem (0000017E060D4680), frame # 0
[2021.01.27-17.07.21:546][  0]LogUObjectHash: Compacting FUObjectHashTables data took   0.54ms
[2021.01.27-17.07.22:685][  0]LogAIModule: Creating AISystem for world TutorialMap
[2021.01.27-17.07.22:685][  0]LogAISub: UAISubsystem::UAISubsystem EnvQueryManager (0000017E063F7E00), frame # 0
[2021.01.27-17.07.22:685][  0]LogAISub: UAISubsystem::UAISubsystem AIPerceptionSystem (0000017E065E7EC0), frame # 0
[2021.01.27-17.07.22:738][  0]LogEditorServer: Finished looking for orphan Actors (0.000 secs)
[2021.01.27-17.07.22:788][  0]LogUObjectHash: Compacting FUObjectHashTables data took   0.98ms
[2021.01.27-17.07.22:788][  0]Cmd: MAP CHECKDEP NOCLEARLOG
[2021.01.27-17.07.22:788][  0]MapCheck: Map check complete: 0 Error(s), 0 Warning(s), took 0.128ms to complete.
[2021.01.27-17.07.22:788][  0]LogFileHelpers: Loading map 'TutorialMap' took 1.254
[2021.01.27-17.07.22:791][  0]LogUnrealEdMisc: Total Editor Startup Time, took 15.454
[2021.01.27-17.07.22:974][  0]LogSlate: Updating window title bar state: overlay mode, drag disabled, window buttons hidden, title bar hidden
[2021.01.27-17.07.22:981][  0]LogSlate: Updating window title bar state: overlay mode, drag disabled, window buttons hidden, title bar hidden
[2021.01.27-17.07.22:987][  0]LogSlate: Updating window title bar state: overlay mode, drag disabled, window buttons hidden, title bar hidden
[2021.01.27-17.07.22:993][  0]LogSlate: Updating window title bar state: overlay mode, drag disabled, window buttons hidden, title bar hidden
[2021.01.27-17.07.23:008][  0]LogCollectionManager: Loaded 0 collections in 0.001413 seconds
[2021.01.27-17.07.23:044][  0]LogFileCache: Scanning file cache for directory 'E:/Mr. Banana Grabber/BananaCollectorStarter5/BananaCollectorStarter 4.25/Saved/Collections/' took 0.00s
[2021.01.27-17.07.23:044][  0]LogFileCache: Scanning file cache for directory 'E:/Mr. Banana Grabber/BananaCollectorStarter5/BananaCollectorStarter 4.25/Content/Developers/colla/Collections/' took 0.00s
[2021.01.27-17.07.23:044][  0]LogFileCache: Scanning file cache for directory 'E:/Mr. Banana Grabber/BananaCollectorStarter5/BananaCollectorStarter 4.25/Content/Collections/' took 0.00s
[2021.01.27-17.07.23:044][  0]LogContentBrowser: Native class hierarchy populated in 0.0087 seconds. Added 3427 classes and 821 folders.
[2021.01.27-17.07.23:052][  0]LogContentBrowser: Native class hierarchy updated for 'WidgetCarousel' in 0.0002 seconds. Added 0 classes and 0 folders.
[2021.01.27-17.07.23:338][  0]LogContentBrowser: Native class hierarchy updated for 'AddContentDialog' in 0.0003 seconds. Added 0 classes and 0 folders.
[2021.01.27-17.07.23:345][  0]LogContentBrowser: Native class hierarchy updated for 'SceneOutliner' in 0.0003 seconds. Added 2 classes and 0 folders.
[2021.01.27-17.07.23:505][  0]LogContentBrowser: Native class hierarchy updated for 'HierarchicalLODOutliner' in 0.0003 seconds. Added 0 classes and 0 folders.
[2021.01.27-17.07.23:505][  0]LogLoad: (Engine Initialization) Total time: 16.17 seconds
[2021.01.27-17.07.23:505][  0]LogLoad: (Engine Initialization) Total Blueprint compile time: 0.00 seconds
[2021.01.27-17.07.23:557][  0]LogAssetRegistry: Asset discovery search completed in 5.0055 seconds
[2021.01.27-17.07.23:561][  0]LogCollectionManager: Fixed up redirectors for 0 collections in 0.000004 seconds (updated 0 objects)
[2021.01.27-17.07.23:564][  0]LogContentStreaming: Texture pool size now 1000 MB
[2021.01.27-17.07.23:571][  0]LogSlate: Took 0.000184 seconds to synchronously load lazily loaded font '../../../Engine/Content/Slate/Fonts/Roboto-Regular.ttf' (155K)
[2021.01.27-17.07.23:577][  0]LogSlate: Took 0.000190 seconds to synchronously load lazily loaded font '../../../Engine/Content/Slate/Fonts/Roboto-Bold.ttf' (160K)
[2021.01.27-17.07.23:580][  0]LogSlate: Took 0.000956 seconds to synchronously load lazily loaded font '../../../Engine/Content/Editor/Slate/Fonts/FontAwesome.ttf' (139K)
[2021.01.27-17.07.24:078][  0]LogSlate: Took 0.000816 seconds to synchronously load lazily loaded font '../../../Engine/Content/Slate/Fonts/Roboto-Light.ttf' (167K)
[2021.01.27-17.07.24:096][  1]LogRenderer: Reallocating scene render targets to support 1460x560 Format 10 NumSamples 1 (Frame:1).
[2021.01.27-17.08.08:658][334]LogTemp: Repeating last play command: Selected Viewport
[2021.01.27-17.08.08:679][334]LogPlayLevel: PlayLevel: No blueprints needed recompiling
[2021.01.27-17.08.08:683][334]PIE: New page: PIE session: TutorialMap (Jan 27, 2021, 5:08:08 AM)
[2021.01.27-17.08.08:686][334]LogOnline: OSS: Creating online subsystem instance for: NULL
[2021.01.27-17.08.08:687][334]LogOnline: OSS: TryLoadSubsystemAndSetDefault: Loaded subsystem for module [NULL]
[2021.01.27-17.08.08:688][334]LogPlayLevel: Creating play world package: /Game/BananaCollector/Maps/UEDPIE_0_TutorialMap
[2021.01.27-17.08.08:694][334]LogPlayLevel: PIE: StaticDuplicateObject took: (0.005777s)
[2021.01.27-17.08.08:696][334]LogAIModule: Creating AISystem for world TutorialMap
[2021.01.27-17.08.08:696][334]LogAISub: UAISubsystem::UAISubsystem EnvQueryManager (0000017E283B6200), frame # 1334
[2021.01.27-17.08.08:696][334]LogAISub: UAISubsystem::UAISubsystem AIPerceptionSystem (0000017E283D16C0), frame # 1334
[2021.01.27-17.08.08:697][334]LogPlayLevel: PIE: World Init took: (0.001696s)
[2021.01.27-17.08.08:697][334]LogPlayLevel: PIE: Created PIE world by copying editor world from /Game/BananaCollector/Maps/TutorialMap.TutorialMap to /Game/BananaCollector/Maps/UEDPIE_0_TutorialMap.TutorialMap (0.007618s)
[2021.01.27-17.08.08:707][334]LogUObjectHash: Compacting FUObjectHashTables data took   0.50ms
[2021.01.27-17.08.08:709][334]LogAudioMixer: Display: Audio Mixer Platform Settings:
[2021.01.27-17.08.08:709][334]LogAudioMixer: Display: 	Sample Rate:						  48000
[2021.01.27-17.08.08:709][334]LogAudioMixer: Display: 	Callback Buffer Frame Size Requested: 1024
[2021.01.27-17.08.08:709][334]LogAudioMixer: Display: 	Callback Buffer Frame Size To Use:	  1024
[2021.01.27-17.08.08:709][334]LogAudioMixer: Display: 	Number of buffers to queue:			  2
[2021.01.27-17.08.08:709][334]LogAudioMixer: Display: 	Max Channels (voices):				  32
[2021.01.27-17.08.08:709][334]LogAudioMixer: Display: 	Number of Async Source Workers:		  0
[2021.01.27-17.08.08:709][334]LogAudio: Display: AudioDevice MaxSources: 32
[2021.01.27-17.08.08:710][334]LogAudio: Display: Using built-in audio occlusion.
[2021.01.27-17.08.08:710][334]LogAudioMixer: Display: Initializing audio mixer.
[2021.01.27-17.08.08:712][334]LogAudioMixer: Display: 0: FrontLeft
[2021.01.27-17.08.08:713][334]LogAudioMixer: Display: 1: FrontRight
[2021.01.27-17.08.08:722][334]LogAudioMixer: Display: Using Audio Device NS-32D20SNA14 (Intel(R) Display Audio)
[2021.01.27-17.08.08:722][334]LogAudioMixer: Display: Initializing Sound Submixes...
[2021.01.27-17.08.08:723][334]LogAudioMixer: Display: Creating Master Submix 'MasterSubmixDefault'
[2021.01.27-17.08.08:723][334]LogAudioMixer: Display: Creating Master Submix 'MasterReverbSubmixDefault'
[2021.01.27-17.08.08:723][334]LogAudioMixer: Display: Creating Master Submix 'MasterEQSubmixDefault'
[2021.01.27-17.08.08:737][334]LogInit: FAudioDevice initialized.
[2021.01.27-17.08.08:755][334]LogLoad: Game class is 'GM_Tutorial_C'
[2021.01.27-17.08.08:767][334]LogWorld: Bringing World /Game/BananaCollector/Maps/UEDPIE_0_TutorialMap.TutorialMap up for play (max tick rate 60) at 2021.01.27-11.08.08
[2021.01.27-17.08.08:768][334]LogWorld: Bringing up level for play took: 0.001899
[2021.01.27-17.08.08:768][334]LogOnline: OSS: Creating online subsystem instance for: :Context_2
[2021.01.27-17.08.08:778][334]LogContentBrowser: Native class hierarchy updated for 'MovieSceneCapture' in 0.0003 seconds. Added 20 classes and 0 folders.
[2021.01.27-17.08.08:786][334]PIE: Server logged in
[2021.01.27-17.08.08:788][334]PIE: Play in editor total start time 0.115 seconds.
[2021.01.27-17.08.27:202][863]LogSlate: Updating window title bar state: overlay mode, drag disabled, window buttons hidden, title bar hidden
[2021.01.27-17.08.27:202][863]LogWorld: BeginTearingDown for /Game/BananaCollector/Maps/UEDPIE_0_TutorialMap
[2021.01.27-17.08.27:204][863]LogWorld: UWorld::CleanupWorld for TutorialMap, bSessionEnded=true, bCleanupResources=true
[2021.01.27-17.08.27:204][863]LogSlate: InvalidateAllWidgets triggered.  All widgets were invalidated
[2021.01.27-17.08.27:246][863]LogPlayLevel: Display: Shutting down PIE online subsystems
[2021.01.27-17.08.27:248][863]LogSlate: InvalidateAllWidgets triggered.  All widgets were invalidated
[2021.01.27-17.08.27:278][863]LogSlate: Updating window title bar state: overlay mode, drag disabled, window buttons hidden, title bar hidden
[2021.01.27-17.08.27:280][863]LogAISub: UAISubsystem::~UAISubsystem AIPerceptionSystem (0000017E283D16C0), frame # 1863
[2021.01.27-17.08.27:280][863]LogAISub: UAISubsystem::~UAISubsystem EnvQueryManager (0000017E283B6200), frame # 1863
[2021.01.27-17.08.27:281][863]LogUObjectHash: Compacting FUObjectHashTables data took   0.53ms
[2021.01.27-17.08.27:313][864]LogPlayLevel: Display: Destroying online subsystem :Context_2
[2021.01.27-17.08.53:116][165]LogSlate: Took 0.002362 seconds to synchronously load lazily loaded font '../../../Engine/Content/Slate/Fonts/Roboto-Light.ttf' (167K)
[2021.01.27-17.08.53:148][165]LogAssetEditorSubsystem: Opening Asset editor for Blueprint /Game/BananaCollector/Blueprints/BP_Player.BP_Player
[2021.01.27-17.08.53:865][165]LogContentBrowser: Native class hierarchy updated for 'BlueprintGraph' in 0.0005 seconds. Added 125 classes and 0 folders.
[2021.01.27-17.08.56:492][165]LogSlate: Took 0.000953 seconds to synchronously load lazily loaded font '../../../Engine/Content/Slate/Fonts/Roboto-BoldCondensed.ttf' (158K)
[2021.01.27-17.08.56:561][166]LogSlate: Took 0.001123 seconds to synchronously load lazily loaded font '../../../Engine/Content/Slate/Fonts/Roboto-Italic.ttf' (157K)
[2021.01.27-17.09.10:618][547]LogSlate: Window 'BP_Player' being destroyed
[2021.01.27-17.09.10:643][547]LogSlate: Window 'BP_Player' being destroyed
[2021.01.27-17.09.10:644][547]LogWorld: UWorld::CleanupWorld for World_3, bSessionEnded=true, bCleanupResources=true
[2021.01.27-17.09.10:644][547]LogSlate: InvalidateAllWidgets triggered.  All widgets were invalidated
[2021.01.27-17.09.12:895][585]LogAssetEditorSubsystem: Opening Asset editor for Blueprint /Game/BananaCollector/Blueprints/BP_Banana.BP_Banana
[2021.01.27-17.10.29:481][493]LogSlate: Took 0.001035 seconds to synchronously load lazily loaded font '../../../Engine/Content/Slate/Fonts/Roboto-BoldCondensedItalic.ttf' (160K)
[2021.01.27-17.10.42:222][579]LogSlate: Window 'Change Variable Type' being destroyed
[2021.01.27-17.10.45:991][671]LogSlate: Window 'Find in Blueprints' being destroyed
[2021.01.27-17.10.46:039][671]LogSlate: Window 'Find in Blueprints' being destroyed
[2021.01.27-17.14.53:944][305]BlueprintLog: New page: Compile BP_Banana
[2021.01.27-17.14.54:041][305]LogUObjectHash: Compacting FUObjectHashTables data took   1.98ms
[2021.01.27-17.14.54:123][305]LogSlate: Took 0.001595 seconds to synchronously load lazily loaded font '../../../Engine/Content/Slate/Fonts/DroidSansMono.ttf' (77K)
[2021.01.27-17.14.58:961][440]LogSlate: Window 'BP_Banana' being destroyed
[2021.01.27-17.14.59:009][440]LogSlate: Window 'BP_Banana' being destroyed
[2021.01.27-17.14.59:009][440]LogWorld: UWorld::CleanupWorld for World_4, bSessionEnded=true, bCleanupResources=true
[2021.01.27-17.14.59:009][440]LogSlate: InvalidateAllWidgets triggered.  All widgets were invalidated
[2021.01.27-17.15.16:131][934]LogAssetEditorSubsystem: Opening Asset editor for Blueprint /Game/BananaCollector/Blueprints/BP_Banana.BP_Banana
[2021.01.27-17.15.26:309][195]BlueprintLog: New page: Compile BP_Banana
[2021.01.27-17.15.26:387][195]LogUObjectHash: Compacting FUObjectHashTables data took   1.83ms
[2021.01.27-17.17.52:889][216]LogUObjectHash: Compacting FUObjectHashTables data took   2.01ms
[2021.01.27-17.17.53:437][216]LogUObjectHash: Compacting FUObjectHashTables data took   0.47ms
[2021.01.27-17.17.53:600][216]LogSavePackage: Moving 'E:/Mr. Banana Grabber/BananaCollectorStarter5/BananaCollectorStarter 4.25/Saved/TutorialMap4E9BFAD44AAD6E74263FFDAF68E0099D.tmp' to 'E:/Mr. Banana Grabber/BananaCollectorStarter5/BananaCollectorStarter 4.25/Content/BananaCollector/Maps/TutorialMap.umap'
[2021.01.27-17.17.53:658][216]LogFileHelpers: Saving map 'TutorialMap' took 0.745
[2021.01.27-17.17.53:693][216]LogSavePackage: Moving 'E:/Mr. Banana Grabber/BananaCollectorStarter5/BananaCollectorStarter 4.25/Saved/TutorialMap_BuiltData4C6291CB40CC3A6879FADB9B14B5B647.tmp' to 'E:/Mr. Banana Grabber/BananaCollectorStarter5/BananaCollectorStarter 4.25/Content/BananaCollector/Maps/TutorialMap_BuiltData.uasset'
[2021.01.27-17.17.53:780][216]LogSavePackage: Moving 'E:/Mr. Banana Grabber/BananaCollectorStarter5/BananaCollectorStarter 4.25/Saved/BP_Banana4523C69143798423CB3610A612629ECD.tmp' to 'E:/Mr. Banana Grabber/BananaCollectorStarter5/BananaCollectorStarter 4.25/Content/BananaCollector/Blueprints/BP_Banana.uasset'
[2021.01.27-17.17.53:803][216]LogSavePackage: Moving 'E:/Mr. Banana Grabber/BananaCollectorStarter5/BananaCollectorStarter 4.25/Saved/TutorialMap_BuiltData0D219F56411CFA35682973A3CA8C10EE.tmp' to 'E:/Mr. Banana Grabber/BananaCollectorStarter5/BananaCollectorStarter 4.25/Content/BananaCollector/Maps/TutorialMap_BuiltData.uasset'
[2021.01.27-17.17.53:833][216]AssetCheck: New page: Asset Save: multiple assets
[2021.01.27-17.17.53:833][216]LogContentValidation: Display: Validating World /Game/BananaCollector/Maps/TutorialMap.TutorialMap
[2021.01.27-17.17.53:833][216]LogContentValidation: Display: Validating MapBuildDataRegistry /Game/BananaCollector/Maps/TutorialMap_BuiltData.TutorialMap_BuiltData
[2021.01.27-17.17.53:833][216]LogContentValidation: Display: Validating Blueprint /Game/BananaCollector/Blueprints/BP_Banana.BP_Banana
[2021.01.27-17.25.19:946][846]LogSlate: Window 'BP_Banana' being destroyed
[2021.01.27-17.25.19:995][846]LogSlate: Window 'BP_Banana' being destroyed
[2021.01.27-17.25.19:996][846]LogWorld: UWorld::CleanupWorld for World_5, bSessionEnded=true, bCleanupResources=true
[2021.01.27-17.25.19:996][846]LogSlate: InvalidateAllWidgets triggered.  All widgets were invalidated
[2021.01.27-17.25.22:954][936]LogTemp: Repeating last play command: Selected Viewport
[2021.01.27-17.25.22:981][936]LogPlayLevel: PlayLevel: No blueprints needed recompiling
[2021.01.27-17.25.22:983][936]PIE: New page: PIE session: TutorialMap (Jan 27, 2021, 5:25:22 AM)
[2021.01.27-17.25.22:984][936]LogPlayLevel: Creating play world package: /Game/BananaCollector/Maps/UEDPIE_0_TutorialMap
[2021.01.27-17.25.22:992][936]LogPlayLevel: PIE: StaticDuplicateObject took: (0.008197s)
[2021.01.27-17.25.22:996][936]LogAIModule: Creating AISystem for world TutorialMap
[2021.01.27-17.25.22:997][936]LogAISub: UAISubsystem::UAISubsystem EnvQueryManager (0000017E952E1A00), frame # 14936
[2021.01.27-17.25.22:997][936]LogAISub: UAISubsystem::UAISubsystem AIPerceptionSystem (0000017EA05607C0), frame # 14936
[2021.01.27-17.25.22:997][936]LogPlayLevel: PIE: World Init took: (0.005199s)
[2021.01.27-17.25.22:997][936]LogPlayLevel: PIE: Created PIE world by copying editor world from /Game/BananaCollector/Maps/TutorialMap.TutorialMap to /Game/BananaCollector/Maps/UEDPIE_0_TutorialMap.TutorialMap (0.013629s)
[2021.01.27-17.25.23:028][936]LogUObjectHash: Compacting FUObjectHashTables data took   1.92ms
[2021.01.27-17.25.23:030][936]LogAudioMixer: Display: Audio Mixer Platform Settings:
[2021.01.27-17.25.23:030][936]LogAudioMixer: Display: 	Sample Rate:						  48000
[2021.01.27-17.25.23:030][936]LogAudioMixer: Display: 	Callback Buffer Frame Size Requested: 1024
[2021.01.27-17.25.23:030][936]LogAudioMixer: Display: 	Callback Buffer Frame Size To Use:	  1024
[2021.01.27-17.25.23:030][936]LogAudioMixer: Display: 	Number of buffers to queue:			  2
[2021.01.27-17.25.23:030][936]LogAudioMixer: Display: 	Max Channels (voices):				  32
[2021.01.27-17.25.23:030][936]LogAudioMixer: Display: 	Number of Async Source Workers:		  0
[2021.01.27-17.25.23:031][936]LogAudio: Display: AudioDevice MaxSources: 32
[2021.01.27-17.25.23:031][936]LogAudio: Display: Using built-in audio occlusion.
[2021.01.27-17.25.23:031][936]LogAudioMixer: Display: Initializing audio mixer.
[2021.01.27-17.25.23:036][936]LogAudioMixer: Display: 0: FrontLeft
[2021.01.27-17.25.23:037][936]LogAudioMixer: Display: 1: FrontRight
[2021.01.27-17.25.23:054][936]LogAudioMixer: Display: Using Audio Device NS-32D20SNA14 (Intel(R) Display Audio)
[2021.01.27-17.25.23:054][936]LogAudioMixer: Display: Initializing Sound Submixes...
[2021.01.27-17.25.23:054][936]LogAudioMixer: Display: Creating Master Submix 'MasterSubmixDefault'
[2021.01.27-17.25.23:054][936]LogAudioMixer: Display: Creating Master Submix 'MasterReverbSubmixDefault'
[2021.01.27-17.25.23:054][936]LogAudioMixer: Display: Creating Master Submix 'MasterEQSubmixDefault'
[2021.01.27-17.25.23:073][936]LogInit: FAudioDevice initialized.
[2021.01.27-17.25.23:084][936]LogLoad: Game class is 'GM_Tutorial_C'
[2021.01.27-17.25.23:089][936]LogWorld: Bringing World /Game/BananaCollector/Maps/UEDPIE_0_TutorialMap.TutorialMap up for play (max tick rate 60) at 2021.01.27-11.25.23
[2021.01.27-17.25.23:090][936]LogWorld: Bringing up level for play took: 0.002639
[2021.01.27-17.25.23:092][936]LogOnline: OSS: Creating online subsystem instance for: :Context_8
[2021.01.27-17.25.23:097][936]PIE: Server logged in
[2021.01.27-17.25.23:097][936]PIE: Play in editor total start time 0.124 seconds.
[2021.01.27-17.25.28:885][104]LogSlate: Updating window title bar state: overlay mode, drag disabled, window buttons hidden, title bar hidden
[2021.01.27-17.25.28:885][104]LogWorld: BeginTearingDown for /Game/BananaCollector/Maps/UEDPIE_0_TutorialMap
[2021.01.27-17.25.28:886][104]LogWorld: UWorld::CleanupWorld for TutorialMap, bSessionEnded=true, bCleanupResources=true
[2021.01.27-17.25.28:886][104]LogSlate: InvalidateAllWidgets triggered.  All widgets were invalidated
[2021.01.27-17.25.28:937][104]LogPlayLevel: Display: Shutting down PIE online subsystems
[2021.01.27-17.25.28:940][104]LogSlate: InvalidateAllWidgets triggered.  All widgets were invalidated
[2021.01.27-17.25.28:958][104]LogSlate: Updating window title bar state: overlay mode, drag disabled, window buttons hidden, title bar hidden
[2021.01.27-17.25.28:980][104]LogAISub: UAISubsystem::~UAISubsystem AIPerceptionSystem (0000017EA05607C0), frame # 15104
[2021.01.27-17.25.28:980][104]LogAISub: UAISubsystem::~UAISubsystem EnvQueryManager (0000017E952E1A00), frame # 15104
[2021.01.27-17.25.28:982][104]LogUObjectHash: Compacting FUObjectHashTables data took   1.62ms
[2021.01.27-17.25.29:013][105]LogPlayLevel: Display: Destroying online subsystem :Context_8
[2021.01.27-17.29.11:933][ 78]LogUObjectHash: Compacting FUObjectHashTables data took   2.27ms
[2021.01.27-17.29.57:935][ 78]LogSlate: Window 'Delete Assets' being destroyed
[2021.01.27-17.29.58:178][ 78]LogUObjectGlobals: Force Deleting 1 Package(s):
	Asset Name: /Game/BananaCollector/Meshes/MrBANAGRABBER3_PhysicsAsset.MrBANAGRABBER3_PhysicsAsset
[2021.01.27-17.29.59:908][ 78]LogUObjectHash: Compacting FUObjectHashTables data took   1.31ms
[2021.01.27-17.29.59:927][ 78]LogUObjectHash: Compacting FUObjectHashTables data took   0.91ms
[2021.01.27-17.29.59:942][ 78]LogUObjectHash: Compacting FUObjectHashTables data took   0.37ms
[2021.01.27-17.30.05:972][193]LogUObjectHash: Compacting FUObjectHashTables data took   1.40ms
[2021.01.27-17.30.08:748][193]LogSlate: Window 'Delete Assets' being destroyed
[2021.01.27-17.30.08:896][193]LogUObjectGlobals: Force Deleting 1 Package(s):
	Asset Name: /Game/BananaCollector/Meshes/MrBANAGRABBER3_Skeleton.MrBANAGRABBER3_Skeleton
[2021.01.27-17.30.09:228][193]LogUObjectHash: Compacting FUObjectHashTables data took   0.97ms
[2021.01.27-17.30.09:245][193]LogUObjectHash: Compacting FUObjectHashTables data took   1.07ms
[2021.01.27-17.30.09:262][193]LogUObjectHash: Compacting FUObjectHashTables data took   0.68ms
[2021.01.27-17.30.24:724][371]LogAssetEditorSubsystem: Opening Asset editor for StaticMesh /Game/BananaCollector/Meshes/MrBANAGRABBER4.MrBANAGRABBER4
[2021.01.27-17.30.25:216][371]LogWorld: UWorld::CleanupWorld for World_7, bSessionEnded=true, bCleanupResources=true
[2021.01.27-17.30.25:216][371]LogSlate: InvalidateAllWidgets triggered.  All widgets were invalidated
[2021.01.27-17.30.25:782][372]LogRenderer: Reallocating scene render targets to support 1460x892 Format 10 NumSamples 1 (Frame:1).
[2021.01.27-17.30.32:256][436]LogSlate: Window 'MrBANAGRABBER4' being destroyed
[2021.01.27-17.30.32:379][436]LogSlate: Window 'MrBANAGRABBER4' being destroyed
[2021.01.27-17.30.32:405][436]LogWorld: UWorld::CleanupWorld for World_8, bSessionEnded=true, bCleanupResources=true
[2021.01.27-17.30.32:405][436]LogSlate: InvalidateAllWidgets triggered.  All widgets were invalidated
[2021.01.27-17.30.36:872][491]LogLinker: Warning: While loading 'E:/Mr. Banana Grabber/BananaCollectorStarter5/BananaCollectorStarter 4.25/Content/BananaCollector/Meshes/MrBANAGRABBER3.uasset' failed to load '/Game/BananaCollector/Meshes/MrBANAGRABBER3_PhysicsAsset': Can't find file.
[2021.01.27-17.30.36:872][491]LogLinker: Warning: While loading 'E:/Mr. Banana Grabber/BananaCollectorStarter5/BananaCollectorStarter 4.25/Content/BananaCollector/Meshes/MrBANAGRABBER3.uasset' failed to load '/Game/BananaCollector/Meshes/MrBANAGRABBER3_PhysicsAsset': Can't find file.
[2021.01.27-17.30.36:873][491]LogLinker: Warning: While loading 'E:/Mr. Banana Grabber/BananaCollectorStarter5/BananaCollectorStarter 4.25/Content/BananaCollector/Meshes/MrBANAGRABBER3.uasset' failed to load '/Game/BananaCollector/Meshes/MrBANAGRABBER3_Skeleton': Can't find file.
[2021.01.27-17.30.36:873][491]LogLinker: Warning: While loading 'E:/Mr. Banana Grabber/BananaCollectorStarter5/BananaCollectorStarter 4.25/Content/BananaCollector/Meshes/MrBANAGRABBER3.uasset' failed to load '/Game/BananaCollector/Meshes/MrBANAGRABBER3_Skeleton': Can't find file.
[2021.01.27-17.30.36:873][491]LogLinker: Warning: While loading 'E:/Mr. Banana Grabber/BananaCollectorStarter5/BananaCollectorStarter 4.25/Content/BananaCollector/Meshes/MrBANAGRABBER3.uasset' failed to load '/Game/BananaCollector/Meshes/MrBANAGRABBER3_PhysicsAsset': Can't find file.
[2021.01.27-17.30.36:873][491]LogLinker: Warning: While loading 'E:/Mr. Banana Grabber/BananaCollectorStarter5/BananaCollectorStarter 4.25/Content/BananaCollector/Meshes/MrBANAGRABBER3.uasset' failed to load '/Game/BananaCollector/Meshes/MrBANAGRABBER3_PhysicsAsset': Can't find file.
[2021.01.27-17.30.36:873][491]LogLinker: Warning: While loading 'E:/Mr. Banana Grabber/BananaCollectorStarter5/BananaCollectorStarter 4.25/Content/BananaCollector/Meshes/MrBANAGRABBER3.uasset' failed to load '/Game/BananaCollector/Meshes/MrBANAGRABBER3_Skeleton': Can't find file.
[2021.01.27-17.30.36:873][491]LogLinker: Warning: While loading 'E:/Mr. Banana Grabber/BananaCollectorStarter5/BananaCollectorStarter 4.25/Content/BananaCollector/Meshes/MrBANAGRABBER3.uasset' failed to load '/Game/BananaCollector/Meshes/MrBANAGRABBER3_Skeleton': Can't find file.
[2021.01.27-17.30.36:874][491]LogLinker: Warning: While loading 'E:/Mr. Banana Grabber/BananaCollectorStarter5/BananaCollectorStarter 4.25/Content/BananaCollector/Meshes/MrBANAGRABBER3.uasset' failed to load '/Game/BananaCollector/Meshes/MrBANAGRABBER3_Skeleton': Can't find file.
[2021.01.27-17.30.36:874][491]LoadErrors: Failed to load /Game/BananaCollector/Meshes/MrBANAGRABBER3_Skeleton.MrBANAGRABBER3_Skeleton Referenced by MrBANAGRABBER3
[2021.01.27-17.30.36:874][491]LogLinker: Warning: While loading 'E:/Mr. Banana Grabber/BananaCollectorStarter5/BananaCollectorStarter 4.25/Content/BananaCollector/Meshes/MrBANAGRABBER3.uasset' failed to load '/Game/BananaCollector/Meshes/MrBANAGRABBER3_Skeleton': Can't find file.
[2021.01.27-17.30.36:875][491]LogLinker: Warning: While loading 'E:/Mr. Banana Grabber/BananaCollectorStarter5/BananaCollectorStarter 4.25/Content/BananaCollector/Meshes/MrBANAGRABBER3.uasset' failed to load '/Game/BananaCollector/Meshes/MrBANAGRABBER3_PhysicsAsset': Can't find file.
[2021.01.27-17.30.36:875][491]LoadErrors: Failed to load /Game/BananaCollector/Meshes/MrBANAGRABBER3_PhysicsAsset.MrBANAGRABBER3_PhysicsAsset Referenced by MrBANAGRABBER3
[2021.01.27-17.30.36:877][491]LogLinker: Warning: While loading 'E:/Mr. Banana Grabber/BananaCollectorStarter5/BananaCollectorStarter 4.25/Content/BananaCollector/Meshes/MrBANAGRABBER3.uasset' failed to load '/Game/BananaCollector/Meshes/MrBANAGRABBER3_PhysicsAsset': Can't find file.
[2021.01.27-17.30.44:666][491]LogAnimation: Warning: SkeletalMesh MrBANAGRABBER3 has no skeleton. This needs to fixed before an animation can be set
[2021.01.27-17.30.44:670][491]LogAnimation: Warning: SkeletalMesh MrBANAGRABBER3 has no skeleton. This needs to fixed before an animation can be set
[2021.01.27-17.30.44:670][491]LogAnimation: Warning: SkeletalMesh MrBANAGRABBER3 has no skeleton. This needs to fixed before an animation can be set
[2021.01.27-17.30.44:713][492]LogAnimation: Warning: SkeletalMesh MrBANAGRABBER3 has no skeleton. This needs to fixed before an animation can be set
[2021.01.27-17.30.53:803][743]LogAnimation: Warning: SkeletalMesh MrBANAGRABBER3 has no skeleton. This needs to fixed before an animation can be set
[2021.01.27-17.30.54:325][748]LogAnimation: Warning: SkeletalMesh MrBANAGRABBER3 has no skeleton. This needs to fixed before an animation can be set
[2021.01.27-17.30.54:647][753]LogAnimation: Warning: SkeletalMesh MrBANAGRABBER3 has no skeleton. This needs to fixed before an animation can be set
[2021.01.27-17.30.55:069][758]LogAnimation: Warning: SkeletalMesh MrBANAGRABBER3 has no skeleton. This needs to fixed before an animation can be set
[2021.01.27-17.30.55:482][763]LogAnimation: Warning: SkeletalMesh MrBANAGRABBER3 has no skeleton. This needs to fixed before an animation can be set
[2021.01.27-17.30.55:889][768]LogAnimation: Warning: SkeletalMesh MrBANAGRABBER3 has no skeleton. This needs to fixed before an animation can be set
[2021.01.27-17.30.56:339][774]LogAnimation: Warning: SkeletalMesh MrBANAGRABBER3 has no skeleton. This needs to fixed before an animation can be set
[2021.01.27-17.30.56:750][779]LogAnimation: Warning: SkeletalMesh MrBANAGRABBER3 has no skeleton. This needs to fixed before an animation can be set
[2021.01.27-17.31.00:833][880]LogUObjectHash: Compacting FUObjectHashTables data took   2.58ms
[2021.01.27-17.31.02:948][880]LogSlate: Window 'Delete Assets' being destroyed
[2021.01.27-17.31.03:686][880]LogUObjectHash: Compacting FUObjectHashTables data took   2.06ms
[2021.01.27-17.31.03:729][880]LogUObjectHash: Compacting FUObjectHashTables data took   1.08ms
[2021.01.27-17.31.03:743][880]LogUObjectHash: Compacting FUObjectHashTables data took   0.30ms
[2021.01.27-17.31.06:241][944]LogTemp: Repeating last play command: Selected Viewport
[2021.01.27-17.31.06:264][944]LogPlayLevel: PlayLevel: No blueprints needed recompiling
[2021.01.27-17.31.06:270][944]PIE: New page: PIE session: TutorialMap (Jan 27, 2021, 5:31:06 AM)
[2021.01.27-17.31.06:271][944]LogPlayLevel: Creating play world package: /Game/BananaCollector/Maps/UEDPIE_0_TutorialMap
[2021.01.27-17.31.06:282][944]LogPlayLevel: PIE: StaticDuplicateObject took: (0.010914s)
[2021.01.27-17.31.06:289][944]LogAIModule: Creating AISystem for world TutorialMap
[2021.01.27-17.31.06:290][944]LogAISub: UAISubsystem::UAISubsystem EnvQueryManager (0000017EA6E3E200), frame # 16944
[2021.01.27-17.31.06:291][944]LogAISub: UAISubsystem::UAISubsystem AIPerceptionSystem (0000017E955CB4C0), frame # 16944
[2021.01.27-17.31.06:292][944]LogPlayLevel: PIE: World Init took: (0.009007s)
[2021.01.27-17.31.06:292][944]LogPlayLevel: PIE: Created PIE world by copying editor world from /Game/BananaCollector/Maps/TutorialMap.TutorialMap to /Game/BananaCollector/Maps/UEDPIE_0_TutorialMap.TutorialMap (0.021221s)
[2021.01.27-17.31.06:313][944]LogUObjectHash: Compacting FUObjectHashTables data took   1.57ms
[2021.01.27-17.31.06:316][944]LogAudioMixer: Display: Audio Mixer Platform Settings:
[2021.01.27-17.31.06:317][944]LogAudioMixer: Display: 	Sample Rate:						  48000
[2021.01.27-17.31.06:317][944]LogAudioMixer: Display: 	Callback Buffer Frame Size Requested: 1024
[2021.01.27-17.31.06:317][944]LogAudioMixer: Display: 	Callback Buffer Frame Size To Use:	  1024
[2021.01.27-17.31.06:317][944]LogAudioMixer: Display: 	Number of buffers to queue:			  2
[2021.01.27-17.31.06:317][944]LogAudioMixer: Display: 	Max Channels (voices):				  32
[2021.01.27-17.31.06:317][944]LogAudioMixer: Display: 	Number of Async Source Workers:		  0
[2021.01.27-17.31.06:317][944]LogAudio: Display: AudioDevice MaxSources: 32
[2021.01.27-17.31.06:318][944]LogAudio: Display: Using built-in audio occlusion.
[2021.01.27-17.31.06:318][944]LogAudioMixer: Display: Initializing audio mixer.
[2021.01.27-17.31.06:323][944]LogAudioMixer: Display: 0: FrontLeft
[2021.01.27-17.31.06:323][944]LogAudioMixer: Display: 1: FrontRight
[2021.01.27-17.31.06:336][944]LogAudioMixer: Display: Using Audio Device NS-32D20SNA14 (Intel(R) Display Audio)
[2021.01.27-17.31.06:336][944]LogAudioMixer: Display: Initializing Sound Submixes...
[2021.01.27-17.31.06:336][944]LogAudioMixer: Display: Creating Master Submix 'MasterSubmixDefault'
[2021.01.27-17.31.06:336][944]LogAudioMixer: Display: Creating Master Submix 'MasterReverbSubmixDefault'
[2021.01.27-17.31.06:337][944]LogAudioMixer: Display: Creating Master Submix 'MasterEQSubmixDefault'
[2021.01.27-17.31.06:349][944]LogInit: FAudioDevice initialized.
[2021.01.27-17.31.06:365][944]LogLoad: Game class is 'GM_Tutorial_C'
[2021.01.27-17.31.06:371][944]LogWorld: Bringing World /Game/BananaCollector/Maps/UEDPIE_0_TutorialMap.TutorialMap up for play (max tick rate 60) at 2021.01.27-11.31.06
[2021.01.27-17.31.06:372][944]LogWorld: Bringing up level for play took: 0.003487
[2021.01.27-17.31.06:373][944]LogOnline: OSS: Creating online subsystem instance for: :Context_13
[2021.01.27-17.31.06:385][944]PIE: Server logged in
[2021.01.27-17.31.06:385][944]PIE: Play in editor total start time 0.125 seconds.
[2021.01.27-17.31.12:623][124]LogSlate: Updating window title bar state: overlay mode, drag disabled, window buttons hidden, title bar hidden
[2021.01.27-17.31.12:623][124]LogWorld: BeginTearingDown for /Game/BananaCollector/Maps/UEDPIE_0_TutorialMap
[2021.01.27-17.31.12:626][124]LogWorld: UWorld::CleanupWorld for TutorialMap, bSessionEnded=true, bCleanupResources=true
[2021.01.27-17.31.12:626][124]LogSlate: InvalidateAllWidgets triggered.  All widgets were invalidated
[2021.01.27-17.31.12:659][124]LogPlayLevel: Display: Shutting down PIE online subsystems
[2021.01.27-17.31.12:661][124]LogSlate: InvalidateAllWidgets triggered.  All widgets were invalidated
[2021.01.27-17.31.12:695][124]LogSlate: Updating window title bar state: overlay mode, drag disabled, window buttons hidden, title bar hidden
[2021.01.27-17.31.12:698][124]LogAISub: UAISubsystem::~UAISubsystem AIPerceptionSystem (0000017E955CB4C0), frame # 17124
[2021.01.27-17.31.12:698][124]LogAISub: UAISubsystem::~UAISubsystem EnvQueryManager (0000017EA6E3E200), frame # 17124
[2021.01.27-17.31.12:699][124]LogUObjectHash: Compacting FUObjectHashTables data took   1.12ms
[2021.01.27-17.31.12:733][125]LogPlayLevel: Display: Destroying online subsystem :Context_13
[2021.01.27-17.31.27:909][423]LogUObjectHash: Compacting FUObjectHashTables data took   1.14ms
