Log file open, 03/02/17 10:42:43
LogInit:Display: Running engine for game: BananaCollector
LogPlatformFile: Not using cached read wrapper
LogInit:Display: RandInit(442424782) SRandInit(442424782).
LogTaskGraph: Started task graph with 5 named threads and 8 total threads with 1 sets of task threads.
LogStats: Stats thread started at 0.123749
LogInit: Using libcurl 7.47.1
LogInit:  - built for x86_64-pc-win32
LogInit:  - supports SSL with OpenSSL/1.0.2g
LogInit:  - supports HTTP deflate (compression) using libz 1.2.8
LogInit:  - other features:
LogInit:      CURL_VERSION_SSL
LogInit:      CURL_VERSION_LIBZ
LogInit:      CURL_VERSION_IPV6
LogInit:      CURL_VERSION_ASYNCHDNS
LogInit:      CURL_VERSION_LARGEFILE
LogInit:      CURL_VERSION_IDN
LogInit:  CurlRequestOptions (configurable via config and command line):
LogInit:  - bVerifyPeer = false  - Libcurl will NOT verify peer certificate
LogInit:  - bUseHttpProxy = false  - Libcurl will NOT use HTTP proxy
LogInit:  - bDontReuseConnections = false  - Libcurl will reuse connections
LogInit:  - CertBundlePath = nullptr  - Libcurl will use whatever was configured at build time.
LogInit: Build: ++UE4+Release-4.15-CL-3299760
LogInit: Engine Version: 4.15.0-3299760+++UE4+Release-4.15
LogInit: Compatible Engine Version: 4.15.0-3299760+++UE4+Release-4.15
LogInit: Net CL: 3299760
LogDevObjectVersion: Number of dev versions registered: 14
LogDevObjectVersion:   Dev-Blueprints (B0D832E4-1F89-4F0D-ACCF-7EB736FD4AA2): 8
LogDevObjectVersion:   Dev-Build (E1C64328-A22C-4D53-A36C-8E866417BD8C): 0
LogDevObjectVersion:   Dev-Core (375EC13C-06E4-48FB-B500-84F0262A717E): 2
LogDevObjectVersion:   Dev-Editor (E4B068ED-F494-42E9-A231-DA0B2E46BB41): 14
LogDevObjectVersion:   Dev-Framework (CFFC743F-43B0-4480-9391-14DF171D2073): 22
LogDevObjectVersion:   Dev-Mobile (B02B49B5-BB20-44E9-A304-32B752E40360): 0
LogDevObjectVersion:   Dev-Networking (A4E4105C-59A1-49B5-A7C5-40C4547EDFEE): 0
LogDevObjectVersion:   Dev-Online (39C831C9-5AE6-47DC-9A44-9C173E1C8E7C): 0
LogDevObjectVersion:   Dev-Physics (78F01B33-EBEA-4F98-B9B4-84EACCB95AA2): 0
LogDevObjectVersion:   Dev-Platform (6631380F-2D4D-43E0-8009-CF276956A95A): 0
LogDevObjectVersion:   Dev-Rendering (12F88B9F-8875-4AFC-A67C-D90C383ABD29): 12
LogDevObjectVersion:   Dev-Sequencer (7B5AE74C-D270-4C10-A958-57980B212A5A): 3
LogDevObjectVersion:   Dev-VR (D7296918-1DD6-4BDD-9DE2-64A83CC13884): 0
LogDevObjectVersion:   Dev-LoadTimes (C2A15278-BFE7-4AFE-6C17-90FF531DF755): 1
LogInit: Compiled (64-bit): Feb 14 2017 02:04:14
LogInit: Compiled with Visual C++: 19.00.23026.00
LogInit: Build Configuration: Development
LogInit: Branch Name: ++UE4+Release-4.15
LogInit: Command line:  
LogInit: Base directory: C:/Program Files/Epic Games/UE_4.15/Engine/Binaries/Win64/
LogInit: Installed Engine Build: 1
LogInit: Presizing for max 8388607 objects, including 0 objects not considered by GC, pre-allocating 0 bytes for permanent pool.
LogInit: Object subsystem initialized
[2017.03.01-21.42.44:529][  0]LogInit: Selected Device Profile: [Windows]
[2017.03.01-21.42.44:529][  0]LogInit: Applying CVar settings loaded from the selected device profile: [Windows]
[2017.03.01-21.42.44:575][  0]LogInit: Computer: DESKTOP-VB28MJU
[2017.03.01-21.42.44:575][  0]LogInit: User: Tommy
[2017.03.01-21.42.44:575][  0]LogInit: CPU Page size=65536, Cores=4
[2017.03.01-21.42.44:575][  0]LogInit: High frequency timer resolution =3.312789 MHz
[2017.03.01-21.42.44:577][  0]LogMemory: Memory total: Physical=7.9GB (8GB approx)
[2017.03.01-21.42.44:577][  0]LogMemory: Platform Memory Stats for Windows
[2017.03.01-21.42.44:577][  0]LogMemory: Process Physical Memory: 262.71 MB used, 262.71 MB peak
[2017.03.01-21.42.44:577][  0]LogMemory: Process Virtual Memory: 262.55 MB used, 262.55 MB peak
[2017.03.01-21.42.44:577][  0]LogMemory: Physical Memory: 4261.20 MB used,  3823.98 MB free, 8085.18 MB total
[2017.03.01-21.42.44:577][  0]LogMemory: Virtual Memory: 644.23 MB used,  3823.98 MB free, 134217728.00 MB total
[2017.03.01-21.42.44:931][  0]LogTextLocalizationManager: No specific translations for ('en-AU') exist, so ('en') translations will be used.
[2017.03.01-21.42.47:134][  0]LogD3D11RHI: D3D11 adapters:
[2017.03.01-21.42.47:159][  0]LogD3D11RHI:    0. 'NVIDIA GeForce GTX 960' (Feature Level 11_0)
[2017.03.01-21.42.47:159][  0]LogD3D11RHI:       2016/0/4042 MB DedicatedVideo/DedicatedSystem/SharedSystem, Outputs:1, VendorId:0x10de
[2017.03.01-21.42.47:162][  0]LogD3D11RHI:    1. 'Intel(R) HD Graphics 4000' (Feature Level 11_0)
[2017.03.01-21.42.47:162][  0]LogD3D11RHI:       32/0/1760 MB DedicatedVideo/DedicatedSystem/SharedSystem, Outputs:0, VendorId:0x8086
[2017.03.01-21.42.47:163][  0]LogD3D11RHI:    2. 'Microsoft Basic Render Driver' (Feature Level 11_0)
[2017.03.01-21.42.47:163][  0]LogD3D11RHI:       0/0/4042 MB DedicatedVideo/DedicatedSystem/SharedSystem, Outputs:0, VendorId:0x1414
[2017.03.01-21.42.47:163][  0]LogD3D11RHI: Chosen D3D11 Adapter: 0
[2017.03.01-21.42.47:169][  0]LogD3D11RHI: Creating new Direct3DDevice
[2017.03.01-21.42.47:169][  0]LogD3D11RHI:     GPU DeviceId: 0x1401 (for the marketing name, search the web for "GPU Device Id")
[2017.03.01-21.42.47:169][  0]LogWindows: EnumDisplayDevices:
[2017.03.01-21.42.47:169][  0]LogWindows:    0. 'NVIDIA GeForce GTX 960' (P:1 D:1)
[2017.03.01-21.42.47:169][  0]LogWindows:    1. 'NVIDIA GeForce GTX 960' (P:0 D:0)
[2017.03.01-21.42.47:169][  0]LogWindows:    2. 'NVIDIA GeForce GTX 960' (P:0 D:0)
[2017.03.01-21.42.47:169][  0]LogWindows:    3. 'NVIDIA GeForce GTX 960' (P:0 D:0)
[2017.03.01-21.42.47:170][  0]LogWindows:    4. 'Intel(R) HD Graphics 4000' (P:0 D:0)
[2017.03.01-21.42.47:170][  0]LogWindows:    5. 'Intel(R) HD Graphics 4000' (P:0 D:0)
[2017.03.01-21.42.47:170][  0]LogWindows: DebugString: PrimaryIsNotTheChoosenAdapter PrimaryIsNotTheChoosenAdapter FoundDriverCount:4 
[2017.03.01-21.42.47:170][  0]LogD3D11RHI:     Adapter Name: NVIDIA GeForce GTX 960
[2017.03.01-21.42.47:170][  0]LogD3D11RHI:   Driver Version: 376.53 (internal:21.21.13.7653, unified:376.53)
[2017.03.01-21.42.47:170][  0]LogD3D11RHI:      Driver Date: 12-29-2016
[2017.03.01-21.42.47:170][  0]LogRHI: Texture pool is 1361 MB (70% of 1945 MB)
[2017.03.01-21.42.47:188][  0]LogD3D11RHI: Async texture creation enabled
[2017.03.01-21.42.47:227][  0]LogD3D11RHI: GPU Timing Frequency: 1000.000000 (Debug: 2 1)
[2017.03.01-21.42.47:290][  0]LogShaderCompilers: Guid format shader working directory is -42 characters bigger than the processId version (D:/OneDrive/Freelance/Ray Wenderlich/Unreal Engine 4 Blueprints Tutorial/BananaCollector/Intermediate/Shaders/WorkingDirectory/1732/).
[2017.03.01-21.42.47:290][  0]LogShaderCompilers: Cleaned the shader compiler working directory 'C:/Users/Tommy/AppData/Local/Temp/UnrealShaderWorkingDir/7A08215644DDD95E82D1BB8D946DC40F/'.
[2017.03.01-21.42.47:290][  0]LogShaderCompilers:Display: Using Local Shader Compiler.
[2017.03.01-21.42.49:549][  0]LogTemp:Display: Loaded TP AllDesktopTargetPlatform
[2017.03.01-21.42.49:606][  0]LogTemp:Display: Loaded TP MacClientTargetPlatform
[2017.03.01-21.42.49:664][  0]LogTemp:Display: Loaded TP MacNoEditorTargetPlatform
[2017.03.01-21.42.49:723][  0]LogTemp:Display: Loaded TP MacServerTargetPlatform
[2017.03.01-21.42.49:784][  0]LogTemp:Display: Loaded TP MacTargetPlatform
[2017.03.01-21.42.49:841][  0]LogTemp:Display: Loaded TP WindowsClientTargetPlatform
[2017.03.01-21.42.49:898][  0]LogTemp:Display: Loaded TP WindowsNoEditorTargetPlatform
[2017.03.01-21.42.49:955][  0]LogTemp:Display: Loaded TP WindowsServerTargetPlatform
[2017.03.01-21.42.50:002][  0]LogTemp:Display: Loaded TP WindowsTargetPlatform
[2017.03.01-21.42.50:061][  0]LogTemp:Display: Loaded TP AndroidTargetPlatform
[2017.03.01-21.42.50:116][  0]LogTemp:Display: Loaded TP Android_ASTCTargetPlatform
[2017.03.01-21.42.50:172][  0]LogTemp:Display: Loaded TP Android_ATCTargetPlatform
[2017.03.01-21.42.50:228][  0]LogTemp:Display: Loaded TP Android_DXTTargetPlatform
[2017.03.01-21.42.50:283][  0]LogTemp:Display: Loaded TP Android_ETC1TargetPlatform
[2017.03.01-21.42.50:340][  0]LogTemp:Display: Loaded TP Android_ETC2TargetPlatform
[2017.03.01-21.42.50:452][  0]LogTemp:Display: Loaded TP Android_MultiTargetPlatform
[2017.03.01-21.42.50:452][  0]LogTemp:Display: Loaded TP Android_PVRTCTargetPlatform
[2017.03.01-21.42.50:492][  0]LogTemp:Display: Loaded TP HTML5TargetPlatform
[2017.03.01-21.42.50:617][  0]LogTemp:Display: Loaded TP IOSTargetPlatform
[2017.03.01-21.42.50:655][  0]LogTemp:Display: Loaded TP TVOSTargetPlatform
[2017.03.01-21.42.50:711][  0]LogTemp:Display: Loaded TP LinuxClientTargetPlatform
[2017.03.01-21.42.50:767][  0]LogTemp:Display: Loaded TP LinuxNoEditorTargetPlatform
[2017.03.01-21.42.50:823][  0]LogTemp:Display: Loaded TP LinuxServerTargetPlatform
[2017.03.01-21.42.50:882][  0]LogTemp:Display: Loaded TP LinuxTargetPlatform
[2017.03.01-21.42.50:882][  0]LogTargetPlatformManager:Display: Building Assets For Windows
[2017.03.01-21.42.51:601][  0]LogDerivedDataCache:Display: Max Cache Size: 512 MB
[2017.03.01-21.42.51:972][  0]LogDerivedDataCache: Loaded boot cache 0.37s 50MB C:/Users/Tommy/AppData/Local/UnrealEngine/4.15/DerivedDataCache/Boot.ddc.
[2017.03.01-21.42.51:972][  0]LogDerivedDataCache:Display: Loaded Boot cache: C:/Users/Tommy/AppData/Local/UnrealEngine/4.15/DerivedDataCache/Boot.ddc
[2017.03.01-21.42.51:972][  0]LogDerivedDataCache: FDerivedDataBackendGraph:  Pak pak cache file D:/OneDrive/Freelance/Ray Wenderlich/Unreal Engine 4 Blueprints Tutorial/BananaCollector/DerivedDataCache/DDC.ddp not found, will not use a pak cache.
[2017.03.01-21.42.51:972][  0]LogDerivedDataCache: Unable to find inner node Pak for hierarchical cache Hierarchy.
[2017.03.01-21.42.51:972][  0]LogDerivedDataCache: FDerivedDataBackendGraph:  CompressedPak pak cache file D:/OneDrive/Freelance/Ray Wenderlich/Unreal Engine 4 Blueprints Tutorial/BananaCollector/DerivedDataCache/Compressed.ddp not found, will not use a pak cache.
[2017.03.01-21.42.51:972][  0]LogDerivedDataCache: Unable to find inner node CompressedPak for hierarchical cache Hierarchy.
[2017.03.01-21.42.52:000][  0]LogDerivedDataCache:Display: Pak cache opened for reading ../../../Engine/DerivedDataCache/Compressed.ddp.
[2017.03.01-21.42.52:014][  0]LogDerivedDataCache: Using Local data cache path C:/Users/Tommy/AppData/Local/UnrealEngine/Common/DerivedDataCache: Writable
[2017.03.01-21.42.52:035][  0]LogSlate: Using Freetype 2.6.0
[2017.03.01-21.42.52:048][  0]LogSlate: SlateFontCache - WITH_FREETYPE: 1, WITH_HARFBUZZ: 1
[2017.03.01-21.42.52:048][  0]LogSlate: SlateFontCache - WITH_FREETYPE: 1, WITH_HARFBUZZ: 1
[2017.03.01-21.42.55:079][  0]LogInit: Selected Device Profile: [Windows]
[2017.03.01-21.42.55:090][  0]LogContentStreaming: Texture pool size is 0.00 MB
[2017.03.01-21.42.55:380][  0]LogMeshUtilities: Using QuadricMeshReduction for automatic static mesh reduction
[2017.03.01-21.42.55:434][  0]LogSimplygon: Simplygon DLL not present - disabling.
[2017.03.01-21.42.55:484][  0]LogMeshUtilities: Using SimplygonSwarm for distributed automatic mesh merging
[2017.03.01-21.42.55:484][  0]LogMeshUtilities: No automatic skeletal mesh reduction module available
[2017.03.01-21.42.55:484][  0]LogMeshUtilities: No automatic mesh merging module available
[2017.03.01-21.42.56:861][  0]LogNetVersion: GetLocalNetworkVersion: CL: 3299760, ProjectName: bananacollector, ProjectVersion: , EngineNetworkVersion: 2, GameNetworkVersion: 0, NetworkChecksum: 2521614572
[2017.03.01-21.42.56:926][  0]LogAssetRegistry: FAssetRegistry took 0.0242 seconds to start up
[2017.03.01-21.42.56:980][  0]LogPackageLocalizationCache: Processed 3 localized package path(s) for 2 prioritized culture(s) in 0.027405 seconds
[2017.03.01-21.42.56:984][  0]LogUObjectArray: 32475 objects as part of root set at end of initial load.
[2017.03.01-21.42.56:984][  0]LogUObjectAllocator: 7073360 out of 0 bytes used by permanent object pool.
[2017.03.01-21.42.56:984][  0]LogUObjectArray: CloseDisregardForGC: 0/0 objects in disregard for GC pool
[2017.03.01-21.42.57:057][  0]LogInit: WinSock: version 1.1 (2.2), MaxSocks=32767, MaxUdp=65467
[2017.03.01-21.43.00:350][  0]LogTcpMessaging: Initializing TcpMessaging bridge
[2017.03.01-21.43.00:395][  0]LogUdpMessaging: Initializing bridge on interface 0.0.0.0:0 to multicast group 230.0.0.1:6666.
[2017.03.01-21.43.01:027][  0]LogMaterial: Uniform references updated for custom material expression Custom.
[2017.03.01-21.43.01:521][  0]SourceControl: Info Source control is disabled
[2017.03.01-21.43.01:582][  0]SourceControl: Info Source control is disabled
[2017.03.01-21.43.01:642][  0]SourceControl: Info Source control is disabled
[2017.03.01-21.43.01:695][  0]SourceControl: Info Source control is disabled
[2017.03.01-21.43.03:154][  0]LogEngine: Initializing Engine...
[2017.03.01-21.43.03:157][  0]LogHMD: Failed to initialize OpenVR with code 110
[2017.03.01-21.43.03:565][  0]LogAIModule: Creating AISystem for world Untitled
[2017.03.01-21.43.03:598][  0]LogInit: XAudio2 using 'Speakers (Realtek High Definition Audio)' : 2 channels at 48 kHz using 32 bits per sample (channel mask 0x3)
[2017.03.01-21.43.03:622][  0]LogInit: FAudioDevice initialized.
[2017.03.01-21.43.03:644][  0]LogDerivedDataCache: Saved boot cache 0.02s 50MB C:/Users/Tommy/AppData/Local/UnrealEngine/4.15/DerivedDataCache/Boot.ddc.
[2017.03.01-21.43.03:651][  0]LogInit: Texture streaming: Enabled
[2017.03.01-21.43.03:759][  0]LogEngineSessionManager: EngineSessionManager initialized
[2017.03.01-21.43.03:947][  0]LogInit: Transaction tracking system initialized
[2017.03.01-21.43.04:567][  0]BlueprintLog: New page: Editor Load
[2017.03.01-21.43.05:663][  0]LocalizationService: Info Localization service is disabled
[2017.03.01-21.43.06:713][  0]LogConsoleResponse:Display: 
[2017.03.01-21.43.07:132][  0]LogFileCache: Scanning file cache for directory 'D:/OneDrive/Freelance/Ray Wenderlich/Unreal Engine 4 Blueprints Tutorial/BananaCollector/Content/' took 0.02s
[2017.03.01-21.43.07:132][  0]LogCook:Display: Max memory allowance for cook 16384mb min free memory 0mb
[2017.03.01-21.43.07:133][  0]LogCook:Display: Mobile HDR setting 1
[2017.03.01-21.43.08:388][  0]SourceControl: Info Source control is disabled
[2017.03.01-21.43.08:393][  0]Cmd: MAP LOAD FILE="D:/OneDrive/Freelance/Ray Wenderlich/Unreal Engine 4 Blueprints Tutorial/BananaCollector/Content/BananaCollector/Maps/TutorialMap.umap" TEMPLATE=0 SHOWPROGRESS=1 FEATURELEVEL=3
[2017.03.01-21.43.08:396][  0]LightingResults: New page: Lighting Build
[2017.03.01-21.43.08:460][  0]MapCheck: New page: Map Check
[2017.03.01-21.43.08:460][  0]LightingResults: New page: Lighting Build
[2017.03.01-21.43.08:903][  0]LogAIModule: Creating AISystem for world TutorialMap
[2017.03.01-21.43.08:968][  0]LogEditorServer: Finished looking for orphan Actors (0.000 secs)
[2017.03.01-21.43.08:973][  0]Cmd: MAP CHECKDEP NOCLEARLOG
[2017.03.01-21.43.09:015][  0]MapCheck: Info Map check complete: 0 Error(s), 0 Warning(s), took 42.228ms to complete.
[2017.03.01-21.43.09:015][  0]LogFileHelpers: Loading map 'TutorialMap' took 0.625
[2017.03.01-21.43.09:348][  0]LogCollectionManager: Loaded 0 collections in 0.001618 seconds
[2017.03.01-21.43.09:451][  0]LogFileCache: Scanning file cache for directory 'D:/OneDrive/Freelance/Ray Wenderlich/Unreal Engine 4 Blueprints Tutorial/BananaCollector/Saved/Collections/' took 0.01s
[2017.03.01-21.43.09:451][  0]LogFileCache: Scanning file cache for directory 'D:/OneDrive/Freelance/Ray Wenderlich/Unreal Engine 4 Blueprints Tutorial/BananaCollector/Content/Developers/Tommy/Collections/' took 0.01s
[2017.03.01-21.43.09:451][  0]LogFileCache: Scanning file cache for directory 'D:/OneDrive/Freelance/Ray Wenderlich/Unreal Engine 4 Blueprints Tutorial/BananaCollector/Content/Collections/' took 0.01s
[2017.03.01-21.43.09:451][  0]LogCollectionManager: Rebuilt the GUID cache for 0 collections in 0.000002 seconds
[2017.03.01-21.43.09:463][  0]LogContentBrowser: Native class hierarchy populated in 0.0100 seconds. Added 2244 classes and 450 folders.
[2017.03.01-21.43.09:474][  0]LogStats: UGameplayTagsManager::ConstructGameplayTagTree: Construct from data asset -  0.000 s
[2017.03.01-21.43.09:475][  0]LogStats: UGameplayTagsManager::ConstructGameplayTagTree: GameplayTagTreeChangedEvent.Broadcast -  0.000 s
[2017.03.01-21.43.09:561][  0]LogContentBrowser: Native class hierarchy updated for 'WidgetCarousel' in 0.0005 seconds. Added 0 classes and 0 folders.
[2017.03.01-21.43.09:886][  0]LogContentBrowser: Native class hierarchy updated for 'AddContentDialog' in 0.0005 seconds. Added 0 classes and 0 folders.
[2017.03.01-21.43.09:938][  0]LogContentBrowser: Native class hierarchy updated for 'SceneOutliner' in 0.0005 seconds. Added 1 classes and 2 folders.
[2017.03.01-21.43.10:148][  0]LogCrashTracker: Crashtracker disabled due to settings.
[2017.03.01-21.43.10:174][  0]LogUObjectGlobals:Warning: Failed to find object 'Class None.'
[2017.03.01-21.43.10:254][  0]LogContentBrowser: Native class hierarchy updated for 'HierarchicalLODOutliner' in 0.0005 seconds. Added 1 classes and 2 folders.
[2017.03.01-21.43.10:254][  0]LogLoad: (Engine Initialization) Total time: 29.75 seconds
[2017.03.01-21.43.10:254][  0]LogLoad: (Engine Initialization) Total Blueprint compile time: 0.18 seconds
[2017.03.01-21.43.10:254][  0]LogExternalProfiler: Found external profiler: VSPerf
[2017.03.01-21.43.10:254][  0]LogExternalProfiler: Using external profiler: VSPerf
[2017.03.01-21.43.10:598][  0]LogOcInput: OculusInput pre-init called
[2017.03.01-21.43.10:637][  0]LogContentStreaming: Texture pool size now 600 MB
[2017.03.01-21.43.10:652][  0]LogSlate: Took 0.005264 seconds to synchronously load lazily loaded font '../../../Engine/Content/Slate/Fonts/Roboto-Regular.ttf' (155K)
[2017.03.01-21.43.10:662][  0]LogSlate: Took 0.004476 seconds to synchronously load lazily loaded font '../../../Engine/Content/Slate/Fonts/Roboto-Bold.ttf' (160K)
[2017.03.01-21.43.10:675][  0]LogSlate: Took 0.004674 seconds to synchronously load lazily loaded font '../../../Engine/Content/Editor/Slate/Fonts/FontAwesome.ttf' (139K)
[2017.03.01-21.43.10:884][  0]LogSlate: Took 0.004198 seconds to synchronously load lazily loaded font '../../../Engine/Content/Slate/Fonts/Roboto-Light.ttf' (159K)
[2017.03.01-21.43.10:924][  0]LogRenderer: Reallocating scene render targets to support 1208x616 NumSamples 1 (Frame:2).
[2017.03.01-21.43.11:026][  1]LogAssetRegistry: Asset discovery search completed in 14.1228 seconds
[2017.03.01-21.43.11:026][  1]LogCollectionManager: Rebuilt the object cache for 0 collections in 0.000005 seconds (found 0 objects)
[2017.03.01-21.43.11:027][  1]LogCollectionManager: Fixed up redirectors for 0 collections in 0.000022 seconds (updated 0 objects)
[2017.03.01-21.43.11:688][  3]LogSlate: Took 0.000307 seconds to synchronously load lazily loaded font '../../../Engine/Content/Slate/Fonts/Roboto-Light.ttf' (159K)
[2017.03.01-22.05.57:869][437]LogSlate: Only BGRA pngs, bmps or icos are supported in by External Image Picker
[2017.03.01-22.05.57:930][438]LogTemp:Display: Executing iPhonePackager certificates Engine -bundlename com.YourCompany.BananaCollector

[2017.03.01-22.05.57:930][438]LogTemp:Display: CWD: C:\Program Files\Epic Games\UE_4.15\Engine\Binaries\DotNET\IOS

[2017.03.01-22.05.57:930][438]LogTemp:Display: Initial Dir: C:\Program Files\Epic Games\UE_4.15

[2017.03.01-22.05.57:930][438]LogTemp:Display: Env CWD: C:\Program Files\Epic Games\UE_4.15\Engine\Binaries\DotNET\IOS

[2017.03.01-22.05.57:930][438]LogTemp:Display: BranchPath = DESKTOP-VB28MJU/C/Program Files/Epic Games/UE_4.15/Engine/Binaries --- GameBranchPath = DESKTOP-VB28MJU/C/Program Files/Epic Games/UE_4.15/Engine/Binaries

[2017.03.01-22.05.57:944][439]LogTemp:Display: IPP ERROR: Application exception: System.IO.DirectoryNotFoundException: Could not find a part of the path 'C:\Users\Tommy\AppData\Local\Apple Computer\MobileDevice\Provisioning Profiles'.

[2017.03.01-22.05.57:944][439]LogTemp:Display:    at System.IO.__Error.WinIOError(Int32 errorCode, String maybeFullPath)

[2017.03.01-22.05.57:944][439]LogTemp:Display:    at System.IO.FileSystemEnumerableIterator`1.CommonInit()

[2017.03.01-22.05.57:944][439]LogTemp:Display:    at System.IO.Directory.EnumerateFiles(String path, String searchPattern)

[2017.03.01-22.05.57:944][439]LogTemp:Display:    at iPhonePackager.CodeSignatureBuilder.FindProvisions(String CFBundleIdentifier)

[2017.03.01-22.05.57:944][439]LogTemp:Display:    at iPhonePackager.Program.Main(String[] args)

[2017.03.01-22.17.12:277][942]LogSlate: Took 0.000161 seconds to synchronously load lazily loaded font '../../../Engine/Content/Slate/Fonts/Roboto-Light.ttf' (159K)
[2017.03.01-22.17.12:774][942]LogSlate: Took 0.000139 seconds to synchronously load lazily loaded font '../../../Engine/Content/Slate/Fonts/Roboto-Regular.ttf' (155K)
[2017.03.01-22.17.12:911][942]LogContentBrowser: Native class hierarchy updated for 'BlueprintGraph' in 0.0009 seconds. Added 112 classes and 0 folders.
[2017.03.01-22.17.13:814][942]LogSlate: Took 0.004232 seconds to synchronously load lazily loaded font '../../../Engine/Content/Editor/Slate/Fonts/Roboto-BoldCondensed.ttf' (158K)
[2017.03.01-22.39.49:374][ 79]LogSlate: Took 0.005143 seconds to synchronously load lazily loaded font '../../../Engine/Content/Editor/Slate/Fonts/Roboto-Italic.ttf' (157K)
[2017.03.01-22.40.50:886][545]LogSlate: Only BGRA pngs, bmps or icos are supported in by External Image Picker
[2017.03.01-22.40.50:950][546]LogTemp:Display: Executing iPhonePackager certificates Engine -bundlename com.YourCompany.BananaCollector

[2017.03.01-22.40.50:950][546]LogTemp:Display: CWD: C:\Program Files\Epic Games\UE_4.15\Engine\Binaries\DotNET\IOS

[2017.03.01-22.40.50:950][546]LogTemp:Display: Initial Dir: C:\Program Files\Epic Games\UE_4.15

[2017.03.01-22.40.50:950][546]LogTemp:Display: Env CWD: C:\Program Files\Epic Games\UE_4.15\Engine\Binaries\DotNET\IOS

[2017.03.01-22.40.50:950][546]LogTemp:Display: BranchPath = DESKTOP-VB28MJU/C/Program Files/Epic Games/UE_4.15/Engine/Binaries --- GameBranchPath = DESKTOP-VB28MJU/C/Program Files/Epic Games/UE_4.15/Engine/Binaries

[2017.03.01-22.40.50:969][547]LogTemp:Display: IPP ERROR: Application exception: System.IO.DirectoryNotFoundException: Could not find a part of the path 'C:\Users\Tommy\AppData\Local\Apple Computer\MobileDevice\Provisioning Profiles'.

[2017.03.01-22.40.50:969][547]LogTemp:Display:    at System.IO.__Error.WinIOError(Int32 errorCode, String maybeFullPath)

[2017.03.01-22.40.50:969][547]LogTemp:Display:    at System.IO.FileSystemEnumerableIterator`1.CommonInit()

[2017.03.01-22.40.50:969][547]LogTemp:Display:    at System.IO.Directory.EnumerateFiles(String path, String searchPattern)

[2017.03.01-22.40.50:969][547]LogTemp:Display:    at iPhonePackager.CodeSignatureBuilder.FindProvisions(String CFBundleIdentifier)

[2017.03.01-22.40.50:970][547]LogTemp:Display:    at iPhonePackager.Program.Main(String[] args)

[2017.03.01-22.42.55:430][220]LogFileHelpers: Editor autosave (incl. sublevels) for '/Game/BananaCollector/Maps/TutorialMap' took 0.032
[2017.03.01-22.42.55:433][220]OBJ SavePackage: Generating thumbnails for [0] asset(s) in package [/Game/BananaCollector/Blueprints/BP_Player] ([1] browsable assets)...
[2017.03.01-22.42.55:434][220]OBJ SavePackage: Finished generating thumbnails for package [/Game/BananaCollector/Blueprints/BP_Player]
[2017.03.01-22.42.55:466][220]LogSavePackage: Save=22.80ms
[2017.03.01-22.42.55:467][220]LogSavePackage: Moving 'D:/OneDrive/Freelance/Ray Wenderlich/Unreal Engine 4 Blueprints Tutorial/BananaCollector/Saved/BP_Player_Auto1B4B014614B91499F3D4D3F805FF74CA5.tmp' to 'D:/OneDrive/Freelance/Ray Wenderlich/Unreal Engine 4 Blueprints Tutorial/BananaCollector/Saved/Autosaves/Game/BananaCollector/Blueprints/BP_Player_Auto1.uasset'
[2017.03.01-22.42.55:468][220]LogSavePackage:Display: Finished SavePackage D:/OneDrive/Freelance/Ray Wenderlich/Unreal Engine 4 Blueprints Tutorial/BananaCollector/Saved/Autosaves/Game/BananaCollector/Blueprints/BP_Player_Auto1.uasset
[2017.03.01-22.42.55:468][220]LogFileHelpers: Auto-saving content packages took 0.037
[2017.03.01-23.25.07:834][769]LogEditorTransaction: Undo Create Reroute Node
[2017.03.01-23.25.36:837][128]LogFileHelpers: Editor autosave (incl. sublevels) for '/Game/BananaCollector/Maps/TutorialMap' took 0.063
[2017.03.01-23.25.36:838][128]OBJ SavePackage: Generating thumbnails for [0] asset(s) in package [/Game/BananaCollector/Blueprints/BP_Player] ([1] browsable assets)...
[2017.03.01-23.25.36:838][128]OBJ SavePackage: Finished generating thumbnails for package [/Game/BananaCollector/Blueprints/BP_Player]
[2017.03.01-23.25.36:869][128]LogSavePackage: Save=17.71ms
[2017.03.01-23.25.36:869][128]LogSavePackage: Moving 'D:/OneDrive/Freelance/Ray Wenderlich/Unreal Engine 4 Blueprints Tutorial/BananaCollector/Saved/BP_Player_Auto2FBC294B14314E2D96D606AA88D57F08F.tmp' to 'D:/OneDrive/Freelance/Ray Wenderlich/Unreal Engine 4 Blueprints Tutorial/BananaCollector/Saved/Autosaves/Game/BananaCollector/Blueprints/BP_Player_Auto2.uasset'
[2017.03.01-23.25.36:869][128]LogSavePackage:Display: Finished SavePackage D:/OneDrive/Freelance/Ray Wenderlich/Unreal Engine 4 Blueprints Tutorial/BananaCollector/Saved/Autosaves/Game/BananaCollector/Blueprints/BP_Player_Auto2.uasset
[2017.03.01-23.25.36:870][128]LogFileHelpers: Auto-saving content packages took 0.032
[2017.03.02-03.17.33:756][580]BlueprintLog: New page: Compile BP_Player
[2017.03.02-03.17.39:287][848]BlueprintLog: New page: Compile BP_Player
[2017.03.02-03.17.39:791][884]LogSavePackage: Save=17.31ms
[2017.03.02-03.17.39:791][884]LogSavePackage: Moving 'D:/OneDrive/Freelance/Ray Wenderlich/Unreal Engine 4 Blueprints Tutorial/BananaCollector/Saved/BP_Player7EB6990C4D23C59965D4F3B95C6EAD68.tmp' to 'D:/OneDrive/Freelance/Ray Wenderlich/Unreal Engine 4 Blueprints Tutorial/BananaCollector/Content/BananaCollector/Blueprints/BP_Player.uasset'
[2017.03.02-03.17.39:795][884]LogSavePackage:Display: Finished SavePackage D:/OneDrive/Freelance/Ray Wenderlich/Unreal Engine 4 Blueprints Tutorial/BananaCollector/Content/BananaCollector/Blueprints/BP_Player.uasset
[2017.03.02-03.26.57:233][813]LogSlate: Only BGRA pngs, bmps or icos are supported in by External Image Picker
[2017.03.02-03.26.57:294][814]LogTemp:Display: Executing iPhonePackager certificates Engine -bundlename com.YourCompany.BananaCollector

[2017.03.02-03.26.57:294][814]LogTemp:Display: CWD: C:\Program Files\Epic Games\UE_4.15\Engine\Binaries\DotNET\IOS

[2017.03.02-03.26.57:294][814]LogTemp:Display: Initial Dir: C:\Program Files\Epic Games\UE_4.15

[2017.03.02-03.26.57:294][814]LogTemp:Display: Env CWD: C:\Program Files\Epic Games\UE_4.15\Engine\Binaries\DotNET\IOS

[2017.03.02-03.26.57:294][814]LogTemp:Display: BranchPath = DESKTOP-VB28MJU/C/Program Files/Epic Games/UE_4.15/Engine/Binaries --- GameBranchPath = DESKTOP-VB28MJU/C/Program Files/Epic Games/UE_4.15/Engine/Binaries

[2017.03.02-03.26.57:328][814]LogTemp:Display: IPP ERROR: Application exception: System.IO.DirectoryNotFoundException: Could not find a part of the path 'C:\Users\Tommy\AppData\Local\Apple Computer\MobileDevice\Provisioning Profiles'.

[2017.03.02-03.26.57:328][814]LogTemp:Display:    at System.IO.__Error.WinIOError(Int32 errorCode, String maybeFullPath)

[2017.03.02-03.26.57:328][814]LogTemp:Display:    at System.IO.FileSystemEnumerableIterator`1.CommonInit()

[2017.03.02-03.26.57:328][814]LogTemp:Display:    at System.IO.Directory.EnumerateFiles(String path, String searchPattern)

[2017.03.02-03.26.57:328][814]LogTemp:Display:    at iPhonePackager.CodeSignatureBuilder.FindProvisions(String CFBundleIdentifier)

[2017.03.02-03.26.57:328][814]LogTemp:Display:    at iPhonePackager.Program.Main(String[] args)

[2017.03.02-03.30.22:341][129]LogSlate: Only BGRA pngs, bmps or icos are supported in by External Image Picker
[2017.03.02-03.30.22:405][130]LogTemp:Display: Executing iPhonePackager certificates Engine -bundlename com.YourCompany.BananaCollector

[2017.03.02-03.30.22:406][130]LogTemp:Display: CWD: C:\Program Files\Epic Games\UE_4.15\Engine\Binaries\DotNET\IOS

[2017.03.02-03.30.22:406][130]LogTemp:Display: Initial Dir: C:\Program Files\Epic Games\UE_4.15

[2017.03.02-03.30.22:406][130]LogTemp:Display: Env CWD: C:\Program Files\Epic Games\UE_4.15\Engine\Binaries\DotNET\IOS

[2017.03.02-03.30.22:406][130]LogTemp:Display: BranchPath = DESKTOP-VB28MJU/C/Program Files/Epic Games/UE_4.15/Engine/Binaries --- GameBranchPath = DESKTOP-VB28MJU/C/Program Files/Epic Games/UE_4.15/Engine/Binaries

[2017.03.02-03.30.22:406][130]LogTemp:Display: IPP ERROR: Application exception: System.IO.DirectoryNotFoundException: Could not find a part of the path 'C:\Users\Tommy\AppData\Local\Apple Computer\MobileDevice\Provisioning Profiles'.

[2017.03.02-03.30.22:406][130]LogTemp:Display:    at System.IO.__Error.WinIOError(Int32 errorCode, String maybeFullPath)

[2017.03.02-03.30.22:406][130]LogTemp:Display:    at System.IO.FileSystemEnumerableIterator`1.CommonInit()

[2017.03.02-03.30.22:406][130]LogTemp:Display:    at System.IO.Directory.EnumerateFiles(String path, String searchPattern)

[2017.03.02-03.30.22:406][130]LogTemp:Display:    at iPhonePackager.CodeSignatureBuilder.FindProvisions(String CFBundleIdentifier)

[2017.03.02-03.30.22:406][130]LogTemp:Display:    at iPhonePackager.Program.Main(String[] args)

[2017.03.02-03.41.30:958][899]LogSlate: Only BGRA pngs, bmps or icos are supported in by External Image Picker
[2017.03.02-03.41.31:012][900]LogTemp:Display: Executing iPhonePackager certificates Engine -bundlename com.YourCompany.BananaCollector

[2017.03.02-03.41.31:012][900]LogTemp:Display: CWD: C:\Program Files\Epic Games\UE_4.15\Engine\Binaries\DotNET\IOS

[2017.03.02-03.41.31:013][900]LogTemp:Display: Initial Dir: C:\Program Files\Epic Games\UE_4.15

[2017.03.02-03.41.31:013][900]LogTemp:Display: Env CWD: C:\Program Files\Epic Games\UE_4.15\Engine\Binaries\DotNET\IOS

[2017.03.02-03.41.31:013][900]LogTemp:Display: BranchPath = DESKTOP-VB28MJU/C/Program Files/Epic Games/UE_4.15/Engine/Binaries --- GameBranchPath = DESKTOP-VB28MJU/C/Program Files/Epic Games/UE_4.15/Engine/Binaries

[2017.03.02-03.41.31:013][900]LogTemp:Display: IPP ERROR: Application exception: System.IO.DirectoryNotFoundException: Could not find a part of the path 'C:\Users\Tommy\AppData\Local\Apple Computer\MobileDevice\Provisioning Profiles'.

[2017.03.02-03.41.31:013][900]LogTemp:Display:    at System.IO.__Error.WinIOError(Int32 errorCode, String maybeFullPath)

[2017.03.02-03.41.31:013][900]LogTemp:Display:    at System.IO.FileSystemEnumerableIterator`1.CommonInit()

[2017.03.02-03.41.31:013][900]LogTemp:Display:    at System.IO.Directory.EnumerateFiles(String path, String searchPattern)

[2017.03.02-03.41.31:013][900]LogTemp:Display:    at iPhonePackager.CodeSignatureBuilder.FindProvisions(String CFBundleIdentifier)

[2017.03.02-03.41.31:013][900]LogTemp:Display:    at iPhonePackager.Program.Main(String[] args)

[2017.03.02-03.48.49:394][391]LogSavePackage: Save=73.45ms
[2017.03.02-03.48.49:394][391]LogSavePackage: Moving 'D:/OneDrive/Freelance/Ray Wenderlich/Unreal Engine 4 Blueprints Tutorial/BananaCollector/Saved/BP_PlayerE7A3EDA14D4A7E457F35B9BD8AA06839.tmp' to 'D:/OneDrive/Freelance/Ray Wenderlich/Unreal Engine 4 Blueprints Tutorial/BananaCollector/Content/BananaCollector/Blueprints/BP_Player.uasset'
[2017.03.02-03.48.49:394][391]LogSavePackage:Display: Finished SavePackage D:/OneDrive/Freelance/Ray Wenderlich/Unreal Engine 4 Blueprints Tutorial/BananaCollector/Content/BananaCollector/Blueprints/BP_Player.uasset
[2017.03.02-04.30.16:172][255]LogSlate: Only BGRA pngs, bmps or icos are supported in by External Image Picker
[2017.03.02-04.30.16:237][256]LogTemp:Display: Executing iPhonePackager certificates Engine -bundlename com.YourCompany.BananaCollector

[2017.03.02-04.30.16:237][256]LogTemp:Display: CWD: C:\Program Files\Epic Games\UE_4.15\Engine\Binaries\DotNET\IOS

[2017.03.02-04.30.16:237][256]LogTemp:Display: Initial Dir: C:\Program Files\Epic Games\UE_4.15

[2017.03.02-04.30.16:237][256]LogTemp:Display: Env CWD: C:\Program Files\Epic Games\UE_4.15\Engine\Binaries\DotNET\IOS

[2017.03.02-04.30.16:237][256]LogTemp:Display: BranchPath = DESKTOP-VB28MJU/C/Program Files/Epic Games/UE_4.15/Engine/Binaries --- GameBranchPath = DESKTOP-VB28MJU/C/Program Files/Epic Games/UE_4.15/Engine/Binaries

[2017.03.02-04.30.16:237][256]LogTemp:Display: IPP ERROR: Application exception: System.IO.DirectoryNotFoundException: Could not find a part of the path 'C:\Users\Tommy\AppData\Local\Apple Computer\MobileDevice\Provisioning Profiles'.

[2017.03.02-04.30.16:237][256]LogTemp:Display:    at System.IO.__Error.WinIOError(Int32 errorCode, String maybeFullPath)

[2017.03.02-04.30.16:237][256]LogTemp:Display:    at System.IO.FileSystemEnumerableIterator`1.CommonInit()

[2017.03.02-04.30.16:237][256]LogTemp:Display:    at System.IO.Directory.EnumerateFiles(String path, String searchPattern)

[2017.03.02-04.30.16:237][256]LogTemp:Display:    at iPhonePackager.CodeSignatureBuilder.FindProvisions(String CFBundleIdentifier)

[2017.03.02-04.30.16:237][256]LogTemp:Display:    at iPhonePackager.Program.Main(String[] args)

[2017.03.02-04.31.12:605][ 72]LogFileHelpers: Editor autosave (incl. sublevels) for '/Game/BananaCollector/Maps/TutorialMap' took 0.042
[2017.03.02-04.31.12:606][ 72]OBJ SavePackage: Generating thumbnails for [0] asset(s) in package [/Game/BananaCollector/Blueprints/BP_Player] ([1] browsable assets)...
[2017.03.02-04.31.12:606][ 72]OBJ SavePackage: Finished generating thumbnails for package [/Game/BananaCollector/Blueprints/BP_Player]
[2017.03.02-04.31.12:638][ 72]LogSavePackage: Save=19.81ms
[2017.03.02-04.31.12:638][ 72]LogSavePackage: Moving 'D:/OneDrive/Freelance/Ray Wenderlich/Unreal Engine 4 Blueprints Tutorial/BananaCollector/Saved/BP_Player_Auto3D8BCB1514E3CE318ED61E7AB1C558DC6.tmp' to 'D:/OneDrive/Freelance/Ray Wenderlich/Unreal Engine 4 Blueprints Tutorial/BananaCollector/Saved/Autosaves/Game/BananaCollector/Blueprints/BP_Player_Auto3.uasset'
[2017.03.02-04.31.12:638][ 72]LogSavePackage:Display: Finished SavePackage D:/OneDrive/Freelance/Ray Wenderlich/Unreal Engine 4 Blueprints Tutorial/BananaCollector/Saved/Autosaves/Game/BananaCollector/Blueprints/BP_Player_Auto3.uasset
[2017.03.02-04.31.12:638][ 72]LogFileHelpers: Auto-saving content packages took 0.032
[2017.03.02-04.38.38:308][219]LogSlate: Only BGRA pngs, bmps or icos are supported in by External Image Picker
[2017.03.02-04.38.38:383][220]LogTemp:Display: Executing iPhonePackager certificates Engine -bundlename com.YourCompany.BananaCollector

[2017.03.02-04.38.38:383][220]LogTemp:Display: CWD: C:\Program Files\Epic Games\UE_4.15\Engine\Binaries\DotNET\IOS

[2017.03.02-04.38.38:383][220]LogTemp:Display: Initial Dir: C:\Program Files\Epic Games\UE_4.15

[2017.03.02-04.38.38:383][220]LogTemp:Display: Env CWD: C:\Program Files\Epic Games\UE_4.15\Engine\Binaries\DotNET\IOS

[2017.03.02-04.38.38:383][220]LogTemp:Display: BranchPath = DESKTOP-VB28MJU/C/Program Files/Epic Games/UE_4.15/Engine/Binaries --- GameBranchPath = DESKTOP-VB28MJU/C/Program Files/Epic Games/UE_4.15/Engine/Binaries

[2017.03.02-04.38.38:383][220]LogTemp:Display: IPP ERROR: Application exception: System.IO.DirectoryNotFoundException: Could not find a part of the path 'C:\Users\Tommy\AppData\Local\Apple Computer\MobileDevice\Provisioning Profiles'.

[2017.03.02-04.38.38:383][220]LogTemp:Display:    at System.IO.__Error.WinIOError(Int32 errorCode, String maybeFullPath)

[2017.03.02-04.38.38:383][220]LogTemp:Display:    at System.IO.FileSystemEnumerableIterator`1.CommonInit()

[2017.03.02-04.38.38:383][220]LogTemp:Display:    at System.IO.Directory.EnumerateFiles(String path, String searchPattern)

[2017.03.02-04.38.38:383][220]LogTemp:Display:    at iPhonePackager.CodeSignatureBuilder.FindProvisions(String CFBundleIdentifier)

[2017.03.02-04.38.38:383][220]LogTemp:Display:    at iPhonePackager.Program.Main(String[] args)

[2017.03.02-04.38.49:354][172]BlueprintLog: New page: Compile BP_Player
[2017.03.02-04.38.57:473][999]BlueprintLog: New page: Compile BP_Player
[2017.03.02-04.38.59:527][114]LogSlate: Only BGRA pngs, bmps or icos are supported in by External Image Picker
[2017.03.02-04.38.59:588][115]LogTemp:Display: Executing iPhonePackager certificates Engine -bundlename com.YourCompany.BananaCollector

[2017.03.02-04.38.59:588][115]LogTemp:Display: CWD: C:\Program Files\Epic Games\UE_4.15\Engine\Binaries\DotNET\IOS

[2017.03.02-04.38.59:588][115]LogTemp:Display: Initial Dir: C:\Program Files\Epic Games\UE_4.15

[2017.03.02-04.38.59:588][115]LogTemp:Display: Env CWD: C:\Program Files\Epic Games\UE_4.15\Engine\Binaries\DotNET\IOS

[2017.03.02-04.38.59:588][115]LogTemp:Display: BranchPath = DESKTOP-VB28MJU/C/Program Files/Epic Games/UE_4.15/Engine/Binaries --- GameBranchPath = DESKTOP-VB28MJU/C/Program Files/Epic Games/UE_4.15/Engine/Binaries

[2017.03.02-04.38.59:589][115]LogTemp:Display: IPP ERROR: Application exception: System.IO.DirectoryNotFoundException: Could not find a part of the path 'C:\Users\Tommy\AppData\Local\Apple Computer\MobileDevice\Provisioning Profiles'.

[2017.03.02-04.38.59:589][115]LogTemp:Display:    at System.IO.__Error.WinIOError(Int32 errorCode, String maybeFullPath)

[2017.03.02-04.38.59:589][115]LogTemp:Display:    at System.IO.FileSystemEnumerableIterator`1.CommonInit()

[2017.03.02-04.38.59:589][115]LogTemp:Display:    at System.IO.Directory.EnumerateFiles(String path, String searchPattern)

[2017.03.02-04.38.59:589][115]LogTemp:Display:    at iPhonePackager.CodeSignatureBuilder.FindProvisions(String CFBundleIdentifier)

[2017.03.02-04.38.59:589][115]LogTemp:Display:    at iPhonePackager.Program.Main(String[] args)

[2017.03.02-04.39.52:599][843]LogSlate: Only BGRA pngs, bmps or icos are supported in by External Image Picker
[2017.03.02-04.39.52:659][844]LogTemp:Display: Executing iPhonePackager certificates Engine -bundlename com.YourCompany.BananaCollector

[2017.03.02-04.39.52:659][844]LogTemp:Display: CWD: C:\Program Files\Epic Games\UE_4.15\Engine\Binaries\DotNET\IOS

[2017.03.02-04.39.52:659][844]LogTemp:Display: Initial Dir: C:\Program Files\Epic Games\UE_4.15

[2017.03.02-04.39.52:659][844]LogTemp:Display: Env CWD: C:\Program Files\Epic Games\UE_4.15\Engine\Binaries\DotNET\IOS

[2017.03.02-04.39.52:659][844]LogTemp:Display: BranchPath = DESKTOP-VB28MJU/C/Program Files/Epic Games/UE_4.15/Engine/Binaries --- GameBranchPath = DESKTOP-VB28MJU/C/Program Files/Epic Games/UE_4.15/Engine/Binaries

[2017.03.02-04.39.52:659][844]LogTemp:Display: IPP ERROR: Application exception: System.IO.DirectoryNotFoundException: Could not find a part of the path 'C:\Users\Tommy\AppData\Local\Apple Computer\MobileDevice\Provisioning Profiles'.

[2017.03.02-04.39.52:659][844]LogTemp:Display:    at System.IO.__Error.WinIOError(Int32 errorCode, String maybeFullPath)

[2017.03.02-04.39.52:659][844]LogTemp:Display:    at System.IO.FileSystemEnumerableIterator`1.CommonInit()

[2017.03.02-04.39.52:659][844]LogTemp:Display:    at System.IO.Directory.EnumerateFiles(String path, String searchPattern)

[2017.03.02-04.39.52:659][844]LogTemp:Display:    at iPhonePackager.CodeSignatureBuilder.FindProvisions(String CFBundleIdentifier)

[2017.03.02-04.39.52:659][844]LogTemp:Display:    at iPhonePackager.Program.Main(String[] args)

[2017.03.02-04.41.13:515][817]LogFileHelpers: Editor autosave (incl. sublevels) for '/Game/BananaCollector/Maps/TutorialMap' took 0.016
[2017.03.02-04.41.13:516][817]OBJ SavePackage: Generating thumbnails for [0] asset(s) in package [/Game/BananaCollector/Blueprints/BP_Player] ([1] browsable assets)...
[2017.03.02-04.41.13:516][817]OBJ SavePackage: Finished generating thumbnails for package [/Game/BananaCollector/Blueprints/BP_Player]
[2017.03.02-04.41.13:541][817]LogSavePackage: Save=16.62ms
[2017.03.02-04.41.13:541][817]LogSavePackage: Moving 'D:/OneDrive/Freelance/Ray Wenderlich/Unreal Engine 4 Blueprints Tutorial/BananaCollector/Saved/BP_Player_Auto486BD46F9421B3B79B7F676BE575B30CD.tmp' to 'D:/OneDrive/Freelance/Ray Wenderlich/Unreal Engine 4 Blueprints Tutorial/BananaCollector/Saved/Autosaves/Game/BananaCollector/Blueprints/BP_Player_Auto4.uasset'
[2017.03.02-04.41.13:541][817]LogSavePackage:Display: Finished SavePackage D:/OneDrive/Freelance/Ray Wenderlich/Unreal Engine 4 Blueprints Tutorial/BananaCollector/Saved/Autosaves/Game/BananaCollector/Blueprints/BP_Player_Auto4.uasset
[2017.03.02-04.41.13:541][817]LogFileHelpers: Auto-saving content packages took 0.025
[2017.03.02-05.00.23:734][688]LogEditorViewport: Clicking on Actor (LMB): PlayerStart (PlayerStart)
[2017.03.02-05.00.24:217][727]Cmd: DELETE
[2017.03.02-05.00.24:217][727]Cmd: ACTOR DELETE
[2017.03.02-05.00.24:232][727]LogEditorActor: Deleted Actor: PlayerStart
[2017.03.02-05.00.24:288][727]LogEditorActor: Deleted 1 Actors (0.062 secs)
[2017.03.02-05.00.24:844][793]LogTemp: Repeting last play command: Selected Viewport
[2017.03.02-05.00.24:867][793]BlueprintLog: New page: Pre-Play auto-recompile
[2017.03.02-05.00.24:867][793]LogPlayLevel: [PlayLevel] Compiling BP_Player before play...
[2017.03.02-05.00.25:015][793]LogPlayLevel: PlayLevel: Blueprint regeneration took 148 ms (1 blueprints)
[2017.03.02-05.00.25:020][793]PIE: New page: PIE session: TutorialMap (3 Mar 2017 7:00:25 am)
[2017.03.02-05.00.25:021][793]LogPlayLevel: Creating play world package: /Game/BananaCollector/Maps/UEDPIE_0_TutorialMap
[2017.03.02-05.00.25:030][793]LogPlayLevel: PIE: StaticDuplicateObject took: (0.008106s)
[2017.03.02-05.00.25:031][793]LogAIModule: Creating AISystem for world TutorialMap
[2017.03.02-05.00.25:031][793]LogPlayLevel: PIE: World Init took: (0.001327s)
[2017.03.02-05.00.25:032][793]LogPlayLevel: PIE: Created PIE world by copying editor world from /Game/BananaCollector/Maps/TutorialMap.TutorialMap to /Game/BananaCollector/Maps/UEDPIE_0_TutorialMap.TutorialMap (0.010906s)
[2017.03.02-05.00.25:054][793]LogInit: XAudio2 using 'Speakers (Realtek High Definition Audio)' : 2 channels at 48 kHz using 32 bits per sample (channel mask 0x3)
[2017.03.02-05.00.25:068][793]LogInit: FAudioDevice initialized.
[2017.03.02-05.00.25:134][793]LogLoad: Game class is 'GM_Tutorial_C'
[2017.03.02-05.00.25:145][793]LogWorld: Bringing World /Game/BananaCollector/Maps/UEDPIE_0_TutorialMap.TutorialMap up for play (max tick rate 0) at 2017.03.02-18.00.25
[2017.03.02-05.00.25:146][793]LogWorld: Bringing up level for play took: 0.002754
[2017.03.02-05.00.26:447][793]LogContentBrowser: Native class hierarchy updated for 'MovieSceneCapture' in 0.0012 seconds. Added 11 classes and 0 folders.
[2017.03.02-05.00.26:452][793]PIE: Info Play in editor start time for /Game/BananaCollector/Maps/UEDPIE_0_TutorialMap 1.153
[2017.03.02-05.00.31:363][351]LogPlayLevel: PlayLevel: No blueprints needed recompiling
[2017.03.02-05.00.31:363][351]PIE: New page: PIE session: TutorialMap (3 Mar 2017 7:00:31 am)
[2017.03.02-05.00.31:363][351]LogPlayLevel: Creating play world package: /Game/BananaCollector/Maps/UEDPIE_0_TutorialMap
[2017.03.02-05.00.31:365][351]LogPlayLevel: PIE: StaticDuplicateObject took: (0.001875s)
[2017.03.02-05.00.31:365][351]LogAIModule: Creating AISystem for world TutorialMap
[2017.03.02-05.00.31:366][351]LogPlayLevel: PIE: World Init took: (0.000674s)
[2017.03.02-05.00.31:366][351]LogPlayLevel: PIE: Created PIE world by copying editor world from /Game/BananaCollector/Maps/TutorialMap.TutorialMap to /Game/BananaCollector/Maps/UEDPIE_0_TutorialMap.TutorialMap (0.002741s)
[2017.03.02-05.00.31:386][351]LogInit: XAudio2 using 'Speakers (Realtek High Definition Audio)' : 2 channels at 48 kHz using 32 bits per sample (channel mask 0x3)
[2017.03.02-05.00.31:396][351]LogInit: FAudioDevice initialized.
[2017.03.02-05.00.31:447][351]LogLoad: Game class is 'GM_Tutorial_C'
[2017.03.02-05.00.31:449][351]LogWorld: Bringing World /Game/BananaCollector/Maps/UEDPIE_0_TutorialMap.TutorialMap up for play (max tick rate 0) at 2017.03.02-18.00.31
[2017.03.02-05.00.31:449][351]LogWorld: Bringing up level for play took: 0.001153
[2017.03.02-05.00.31:455][351]PIE: Info Play in editor start time for /Game/BananaCollector/Maps/UEDPIE_0_TutorialMap 0.156
[2017.03.02-05.00.31:507][351]LogRenderer: Reallocating scene render targets to support 1208x656 NumSamples 1 (Frame:62205).
[2017.03.02-05.00.35:533][805]LogPlayLevel: PlayLevel: No blueprints needed recompiling
[2017.03.02-05.00.35:533][805]PIE: New page: PIE session: TutorialMap (3 Mar 2017 7:00:35 am)
[2017.03.02-05.00.35:533][805]LogPlayLevel: Creating play world package: /Game/BananaCollector/Maps/UEDPIE_0_TutorialMap
[2017.03.02-05.00.35:535][805]LogPlayLevel: PIE: StaticDuplicateObject took: (0.001760s)
[2017.03.02-05.00.35:536][805]LogAIModule: Creating AISystem for world TutorialMap
[2017.03.02-05.00.35:536][805]LogPlayLevel: PIE: World Init took: (0.000638s)
[2017.03.02-05.00.35:536][805]LogPlayLevel: PIE: Created PIE world by copying editor world from /Game/BananaCollector/Maps/TutorialMap.TutorialMap to /Game/BananaCollector/Maps/UEDPIE_0_TutorialMap.TutorialMap (0.002645s)
[2017.03.02-05.00.35:556][805]LogInit: XAudio2 using 'Speakers (Realtek High Definition Audio)' : 2 channels at 48 kHz using 32 bits per sample (channel mask 0x3)
[2017.03.02-05.00.35:564][805]LogInit: FAudioDevice initialized.
[2017.03.02-05.00.35:595][805]LogLoad: Game class is 'GM_Tutorial_C'
[2017.03.02-05.00.35:597][805]LogWorld: Bringing World /Game/BananaCollector/Maps/UEDPIE_0_TutorialMap.TutorialMap up for play (max tick rate 0) at 2017.03.02-18.00.35
[2017.03.02-05.00.35:597][805]LogWorld: Bringing up level for play took: 0.001124
[2017.03.02-05.00.35:598][805]PIE: Info Play in editor start time for /Game/BananaCollector/Maps/UEDPIE_0_TutorialMap 0.298
[2017.03.02-05.00.38:822][168]LogTemp: Repeting last play command: Selected Viewport
[2017.03.02-05.00.38:837][168]LogPlayLevel: PlayLevel: No blueprints needed recompiling
[2017.03.02-05.00.38:837][168]PIE: New page: PIE session: TutorialMap (3 Mar 2017 7:00:38 am)
[2017.03.02-05.00.38:837][168]LogPlayLevel: Creating play world package: /Game/BananaCollector/Maps/UEDPIE_0_TutorialMap
[2017.03.02-05.00.38:839][168]LogPlayLevel: PIE: StaticDuplicateObject took: (0.001865s)
[2017.03.02-05.00.38:839][168]LogAIModule: Creating AISystem for world TutorialMap
[2017.03.02-05.00.38:840][168]LogPlayLevel: PIE: World Init took: (0.000670s)
[2017.03.02-05.00.38:840][168]LogPlayLevel: PIE: Created PIE world by copying editor world from /Game/BananaCollector/Maps/TutorialMap.TutorialMap to /Game/BananaCollector/Maps/UEDPIE_0_TutorialMap.TutorialMap (0.002745s)
[2017.03.02-05.00.38:859][168]LogInit: XAudio2 using 'Speakers (Realtek High Definition Audio)' : 2 channels at 48 kHz using 32 bits per sample (channel mask 0x3)
[2017.03.02-05.00.38:869][168]LogInit: FAudioDevice initialized.
[2017.03.02-05.00.38:901][168]LogLoad: Game class is 'GM_Tutorial_C'
[2017.03.02-05.00.38:903][168]LogWorld: Bringing World /Game/BananaCollector/Maps/UEDPIE_0_TutorialMap.TutorialMap up for play (max tick rate 0) at 2017.03.02-18.00.38
[2017.03.02-05.00.38:903][168]LogWorld: Bringing up level for play took: 0.001056
[2017.03.02-05.00.38:904][168]PIE: Info Play in editor start time for /Game/BananaCollector/Maps/UEDPIE_0_TutorialMap -0.396
[2017.03.02-05.00.48:502][771]LogSavePackage: Save=30.85ms
[2017.03.02-05.00.48:502][771]LogSavePackage: Moving 'D:/OneDrive/Freelance/Ray Wenderlich/Unreal Engine 4 Blueprints Tutorial/BananaCollector/Saved/BP_Player6DE3FB5F4AEE2BDD380E148E093DAFFE.tmp' to 'D:/OneDrive/Freelance/Ray Wenderlich/Unreal Engine 4 Blueprints Tutorial/BananaCollector/Content/BananaCollector/Blueprints/BP_Player.uasset'
[2017.03.02-05.00.48:506][771]LogSavePackage:Display: Finished SavePackage D:/OneDrive/Freelance/Ray Wenderlich/Unreal Engine 4 Blueprints Tutorial/BananaCollector/Content/BananaCollector/Blueprints/BP_Player.uasset
[2017.03.02-05.00.48:578][771]LogSavePackage: Save=29.30ms
[2017.03.02-05.00.48:578][771]LogSavePackage: Moving 'D:/OneDrive/Freelance/Ray Wenderlich/Unreal Engine 4 Blueprints Tutorial/BananaCollector/Saved/UEDPCTutorialMap8B936E484BF2052D2681548715979230.tmp' to 'D:/OneDrive/Freelance/Ray Wenderlich/Unreal Engine 4 Blueprints Tutorial/BananaCollector/Saved/Autosaves/Game/BananaCollector/Maps/UEDPCTutorialMap.umap'
[2017.03.02-05.00.48:579][771]LogSavePackage:Display: Finished SavePackage D:/OneDrive/Freelance/Ray Wenderlich/Unreal Engine 4 Blueprints Tutorial/BananaCollector/Saved/Autosaves/Game/BananaCollector/Maps/UEDPCTutorialMap.umap
[2017.03.02-05.00.48:599][771]LogSavePackage: Save=5.47ms
[2017.03.02-05.00.48:599][771]LogSavePackage: Moving 'D:/OneDrive/Freelance/Ray Wenderlich/Unreal Engine 4 Blueprints Tutorial/BananaCollector/Saved/TutorialMap_BuiltDataDD2BEAB245B1C0603F0F5A81641F9522.tmp' to 'D:/OneDrive/Freelance/Ray Wenderlich/Unreal Engine 4 Blueprints Tutorial/BananaCollector/Content/BananaCollector/Maps/TutorialMap_BuiltData.uasset'
[2017.03.02-05.00.48:600][771]LogSavePackage:Display: Finished SavePackage D:/OneDrive/Freelance/Ray Wenderlich/Unreal Engine 4 Blueprints Tutorial/BananaCollector/Content/BananaCollector/Maps/TutorialMap_BuiltData.uasset
[2017.03.02-05.00.48:604][771]LogEditorTransaction: Undo Spawn Play From Here Start
[2017.03.02-05.01.04:884][237]LogEditorViewport: Clicking on Actor (LMB): BP_Sky_Sphere_C (BP_Sky_Sphere)
[2017.03.02-05.01.14:201][502]LogPlayLevel: PlayLevel: No blueprints needed recompiling
[2017.03.02-05.01.14:201][502]PIE: New page: PIE session: TutorialMap (3 Mar 2017 7:01:14 am)
[2017.03.02-05.01.14:201][502]LogPlayLevel: Creating play world package: /Game/BananaCollector/Maps/UEDPIE_0_TutorialMap
[2017.03.02-05.01.14:203][502]LogPlayLevel: PIE: StaticDuplicateObject took: (0.001966s)
[2017.03.02-05.01.14:204][502]LogAIModule: Creating AISystem for world TutorialMap
[2017.03.02-05.01.14:204][502]LogPlayLevel: PIE: World Init took: (0.000869s)
[2017.03.02-05.01.14:204][502]LogPlayLevel: PIE: Created PIE world by copying editor world from /Game/BananaCollector/Maps/TutorialMap.TutorialMap to /Game/BananaCollector/Maps/UEDPIE_0_TutorialMap.TutorialMap (0.003062s)
[2017.03.02-05.01.14:226][502]LogInit: XAudio2 using 'Speakers (Realtek High Definition Audio)' : 2 channels at 48 kHz using 32 bits per sample (channel mask 0x3)
[2017.03.02-05.01.14:237][502]LogInit: FAudioDevice initialized.
[2017.03.02-05.01.14:272][502]LogLoad: Game class is 'GM_Tutorial_C'
[2017.03.02-05.01.14:274][502]LogWorld: Bringing World /Game/BananaCollector/Maps/UEDPIE_0_TutorialMap.TutorialMap up for play (max tick rate 0) at 2017.03.02-18.01.14
[2017.03.02-05.01.14:275][502]LogWorld: Bringing up level for play took: 0.001282
[2017.03.02-05.01.14:276][502]PIE: Info Play in editor start time for /Game/BananaCollector/Maps/UEDPIE_0_TutorialMap 0.976
[2017.03.02-05.01.39:757][683]LogSavePackage: Save=25.32ms
[2017.03.02-05.01.39:757][683]LogSavePackage: Moving 'D:/OneDrive/Freelance/Ray Wenderlich/Unreal Engine 4 Blueprints Tutorial/BananaCollector/Saved/TutorialMap_Auto5043B14844B8B9E6271DEEB9377185EA2.tmp' to 'D:/OneDrive/Freelance/Ray Wenderlich/Unreal Engine 4 Blueprints Tutorial/BananaCollector/Saved/Autosaves/Game/BananaCollector/Maps/TutorialMap_Auto5.umap'
[2017.03.02-05.01.39:762][683]LogSavePackage:Display: Finished SavePackage D:/OneDrive/Freelance/Ray Wenderlich/Unreal Engine 4 Blueprints Tutorial/BananaCollector/Saved/Autosaves/Game/BananaCollector/Maps/TutorialMap_Auto5.umap
[2017.03.02-05.01.39:766][683]LogFileHelpers: Editor autosave (incl. sublevels) for '/Game/BananaCollector/Maps/TutorialMap' took 0.055
[2017.03.02-05.01.39:766][683]LogFileHelpers: Editor autosave (incl. sublevels) for all levels took 0.055
[2017.03.02-05.10.40:525][296]LogMaterial: Missing cached shader map for material LayerVisMaterial, compiling. 
[2017.03.02-05.10.40:529][296]LogTemp:Display: Added material ShaderMap 0x0000020C37297900 with Material 0x0000020C376D1600 to ShaderMapsBeingCompiled
[2017.03.02-05.10.40:544][296]LogTemp:Display: Kicking off shader compilation for LayerVisMaterial, GameThreadShaderMap 0x0000020C37297900
[2017.03.02-05.10.40:567][296]LogMaterial: Missing cached shader map for material SelectBrushMaterial, compiling. 
[2017.03.02-05.10.40:569][296]LogTemp:Display: Added material ShaderMap 0x0000020C4B8A9600 with Material 0x0000020C664DBA00 to ShaderMapsBeingCompiled
[2017.03.02-05.10.40:585][296]LogTemp:Display: Kicking off shader compilation for SelectBrushMaterial, GameThreadShaderMap 0x0000020C4B8A9600
[2017.03.02-05.10.40:595][296]LogMaterial: Missing cached shader map for material SelectBrushMaterial, compiling. 
[2017.03.02-05.10.40:596][296]LogTemp:Display: Added material ShaderMap 0x0000020C6AAEEB00 with Material 0x0000020C4A9C0A00 to ShaderMapsBeingCompiled
[2017.03.02-05.10.40:612][296]LogTemp:Display: Kicking off shader compilation for SelectBrushMaterial, GameThreadShaderMap 0x0000020C6AAEEB00
[2017.03.02-05.10.40:703][296]LogMaterial: Missing cached shader map for material MaskBrushMaterial, compiling. 
[2017.03.02-05.10.40:704][296]LogTemp:Display: Added material ShaderMap 0x0000020C6AA0F580 with Material 0x0000020C4D37FE80 to ShaderMapsBeingCompiled
[2017.03.02-05.10.40:724][296]LogTemp:Display: Kicking off shader compilation for MaskBrushMaterial, GameThreadShaderMap 0x0000020C6AA0F580
[2017.03.02-05.10.40:751][296]LogMaterial: Missing cached shader map for material LandscapeLayerUsageMaterial, compiling. 
[2017.03.02-05.10.40:752][296]LogTemp:Display: Added material ShaderMap 0x0000020C6A71F200 with Material 0x0000020C1B524580 to ShaderMapsBeingCompiled
[2017.03.02-05.10.40:760][296]LogTemp:Display: Kicking off shader compilation for LandscapeLayerUsageMaterial, GameThreadShaderMap 0x0000020C6A71F200
[2017.03.02-05.10.40:805][296]LogMaterial: Missing cached shader map for material CircleBrushMaterial, compiling. 
[2017.03.02-05.10.40:806][296]LogTemp:Display: Added material ShaderMap 0x0000020C6A67D600 with Material 0x0000020C5C373700 to ShaderMapsBeingCompiled
[2017.03.02-05.10.40:820][296]LogTemp:Display: Kicking off shader compilation for CircleBrushMaterial, GameThreadShaderMap 0x0000020C6A67D600
[2017.03.02-05.10.40:827][296]LogMaterial: Missing cached shader map for material CircleBrushMaterial, compiling. 
[2017.03.02-05.10.40:828][296]LogTemp:Display: Added material ShaderMap 0x0000020C6A5ED280 with Material 0x0000020C5E7B8880 to ShaderMapsBeingCompiled
[2017.03.02-05.10.40:840][296]LogTemp:Display: Kicking off shader compilation for CircleBrushMaterial, GameThreadShaderMap 0x0000020C6A5ED280
[2017.03.02-05.10.40:852][296]LogMaterial: Missing cached shader map for material CircleBrushMaterial, compiling. 
[2017.03.02-05.10.40:854][296]LogTemp:Display: Added material ShaderMap 0x0000020C67A33580 with Material 0x0000020C15D54D00 to ShaderMapsBeingCompiled
[2017.03.02-05.10.40:871][296]LogTemp:Display: Kicking off shader compilation for CircleBrushMaterial, GameThreadShaderMap 0x0000020C67A33580
[2017.03.02-05.10.40:882][296]LogMaterial: Missing cached shader map for material CircleBrushMaterial, compiling. 
[2017.03.02-05.10.40:883][296]LogTemp:Display: Added material ShaderMap 0x0000020C6AF21980 with Material 0x0000020C5FC10580 to ShaderMapsBeingCompiled
[2017.03.02-05.10.40:900][296]LogTemp:Display: Kicking off shader compilation for CircleBrushMaterial, GameThreadShaderMap 0x0000020C6AF21980
[2017.03.02-05.10.40:926][296]LogMaterial: Missing cached shader map for material AlphaBrushMaterial, compiling. 
[2017.03.02-05.10.40:927][296]LogTemp:Display: Added material ShaderMap 0x0000020C6ADE5600 with Material 0x0000020C61657700 to ShaderMapsBeingCompiled
[2017.03.02-05.10.40:944][296]LogTemp:Display: Kicking off shader compilation for AlphaBrushMaterial, GameThreadShaderMap 0x0000020C6ADE5600
[2017.03.02-05.10.40:955][296]LogMaterial: Missing cached shader map for material CircleBrushMaterial, compiling. 
[2017.03.02-05.10.40:956][296]LogTemp:Display: Added material ShaderMap 0x0000020C6ADD7C80 with Material 0x0000020C168D5A80 to ShaderMapsBeingCompiled
[2017.03.02-05.10.40:968][296]LogTemp:Display: Kicking off shader compilation for CircleBrushMaterial, GameThreadShaderMap 0x0000020C6ADD7C80
[2017.03.02-05.10.40:970][296]LogTemp:Display: Added shader map 0x0000020C4B8A9600 from material 0x0000020C591FA980
[2017.03.02-05.10.40:970][296]LogTemp:Display: Found existing compiling shader for material SelectBrushMaterial, linking to other GameThreadShaderMap 0x0000020C4B8A9600
[2017.03.02-05.10.40:980][296]LogMaterial: Missing cached shader map for material MaskBrushMaterial, compiling. 
[2017.03.02-05.10.40:981][296]LogTemp:Display: Added material ShaderMap 0x0000020C735CE780 with Material 0x0000020C10A32200 to ShaderMapsBeingCompiled
[2017.03.02-05.10.40:996][296]LogTemp:Display: Kicking off shader compilation for MaskBrushMaterial, GameThreadShaderMap 0x0000020C735CE780
[2017.03.02-05.10.41:008][296]LogTexture:Display: Building textures: Texture2D_2 (G8)
[2017.03.02-05.10.42:712][399]LogTemp:Display: Finished compile of shader map 0x0000020C37297900
[2017.03.02-05.10.42:712][399]LogTemp:Display: Shader map LayerVisMaterial complete, GameThreadShaderMap 0x0000020C37297900, marking material LayerVisMaterial as finished
[2017.03.02-05.10.42:712][399]LogTemp:Display: Marking material as finished 0x0000020C376D1600
[2017.03.02-05.10.43:507][454]LogTemp:Display: Finished compile of shader map 0x0000020C4B8A9600
[2017.03.02-05.10.43:507][454]LogTemp:Display: Shader map SelectBrushMaterial complete, GameThreadShaderMap 0x0000020C4B8A9600, marking material SelectBrushMaterial as finished
[2017.03.02-05.10.43:507][454]LogTemp:Display: Marking material as finished 0x0000020C664DBA00
[2017.03.02-05.10.43:508][454]LogTemp:Display: Shader map SelectBrushMaterial complete, GameThreadShaderMap 0x0000020C4B8A9600, marking material SelectBrushMaterial as finished
[2017.03.02-05.10.43:509][454]LogTemp:Display: Marking material as finished 0x0000020C591FA980
[2017.03.02-05.10.45:230][570]LogTemp:Display: Finished compile of shader map 0x0000020C6AAEEB00
[2017.03.02-05.10.45:230][570]LogTemp:Display: Shader map SelectBrushMaterial complete, GameThreadShaderMap 0x0000020C6AAEEB00, marking material SelectBrushMaterial as finished
[2017.03.02-05.10.45:230][570]LogTemp:Display: Marking material as finished 0x0000020C4A9C0A00
[2017.03.02-05.10.46:098][627]LogTemp:Display: Finished compile of shader map 0x0000020C6AA0F580
[2017.03.02-05.10.46:098][627]LogTemp:Display: Shader map MaskBrushMaterial complete, GameThreadShaderMap 0x0000020C6AA0F580, marking material MaskBrushMaterial as finished
[2017.03.02-05.10.46:098][627]LogTemp:Display: Marking material as finished 0x0000020C4D37FE80
[2017.03.02-05.10.46:102][627]LogTemp:Display: Finished compile of shader map 0x0000020C6A71F200
[2017.03.02-05.10.46:102][627]LogTemp:Display: Shader map LandscapeLayerUsageMaterial complete, GameThreadShaderMap 0x0000020C6A71F200, marking material LandscapeLayerUsageMaterial as finished
[2017.03.02-05.10.46:102][627]LogTemp:Display: Marking material as finished 0x0000020C1B524580
[2017.03.02-05.10.48:661][801]LogTemp:Display: Finished compile of shader map 0x0000020C6A5ED280
[2017.03.02-05.10.48:661][801]LogTemp:Display: Shader map CircleBrushMaterial complete, GameThreadShaderMap 0x0000020C6A5ED280, marking material CircleBrushMaterial as finished
[2017.03.02-05.10.48:661][801]LogTemp:Display: Marking material as finished 0x0000020C5E7B8880
[2017.03.02-05.10.48:666][801]LogTemp:Display: Finished compile of shader map 0x0000020C6A67D600
[2017.03.02-05.10.48:666][801]LogTemp:Display: Shader map CircleBrushMaterial complete, GameThreadShaderMap 0x0000020C6A67D600, marking material CircleBrushMaterial as finished
[2017.03.02-05.10.48:666][801]LogTemp:Display: Marking material as finished 0x0000020C5C373700
[2017.03.02-05.10.50:529][930]LogTemp:Display: Finished compile of shader map 0x0000020C67A33580
[2017.03.02-05.10.50:529][930]LogTemp:Display: Shader map CircleBrushMaterial complete, GameThreadShaderMap 0x0000020C67A33580, marking material CircleBrushMaterial as finished
[2017.03.02-05.10.50:529][930]LogTemp:Display: Marking material as finished 0x0000020C15D54D00
[2017.03.02-05.10.51:383][987]LogTemp:Display: Finished compile of shader map 0x0000020C6AF21980
[2017.03.02-05.10.51:383][987]LogTemp:Display: Shader map CircleBrushMaterial complete, GameThreadShaderMap 0x0000020C6AF21980, marking material CircleBrushMaterial as finished
[2017.03.02-05.10.51:383][987]LogTemp:Display: Marking material as finished 0x0000020C5FC10580
[2017.03.02-05.10.53:338][123]LogTemp:Display: Finished compile of shader map 0x0000020C6ADE5600
[2017.03.02-05.10.53:338][123]LogTemp:Display: Shader map AlphaBrushMaterial complete, GameThreadShaderMap 0x0000020C6ADE5600, marking material AlphaBrushMaterial as finished
[2017.03.02-05.10.53:339][123]LogTemp:Display: Marking material as finished 0x0000020C61657700
[2017.03.02-05.10.54:189][195]LogTemp:Display: Finished compile of shader map 0x0000020C735CE780
[2017.03.02-05.10.54:189][195]LogTemp:Display: Shader map MaskBrushMaterial complete, GameThreadShaderMap 0x0000020C735CE780, marking material MaskBrushMaterial as finished
[2017.03.02-05.10.54:189][195]LogTemp:Display: Marking material as finished 0x0000020C10A32200
[2017.03.02-05.10.54:193][195]LogTemp:Display: Finished compile of shader map 0x0000020C6ADD7C80
[2017.03.02-05.10.54:193][195]LogTemp:Display: Shader map CircleBrushMaterial complete, GameThreadShaderMap 0x0000020C6ADD7C80, marking material CircleBrushMaterial as finished
[2017.03.02-05.10.54:193][195]LogTemp:Display: Marking material as finished 0x0000020C168D5A80
[2017.03.02-05.12.08:354][435]LogSavePackage: Save=26.13ms
[2017.03.02-05.12.08:354][435]LogSavePackage: Moving 'D:/OneDrive/Freelance/Ray Wenderlich/Unreal Engine 4 Blueprints Tutorial/BananaCollector/Saved/TutorialMap_Auto64767963C4F74D41BA34752AD2DDDA35E.tmp' to 'D:/OneDrive/Freelance/Ray Wenderlich/Unreal Engine 4 Blueprints Tutorial/BananaCollector/Saved/Autosaves/Game/BananaCollector/Maps/TutorialMap_Auto6.umap'
[2017.03.02-05.12.08:355][435]LogSavePackage:Display: Finished SavePackage D:/OneDrive/Freelance/Ray Wenderlich/Unreal Engine 4 Blueprints Tutorial/BananaCollector/Saved/Autosaves/Game/BananaCollector/Maps/TutorialMap_Auto6.umap
[2017.03.02-05.12.08:357][435]LogFileHelpers: Editor autosave (incl. sublevels) for '/Game/BananaCollector/Maps/TutorialMap' took 0.054
[2017.03.02-05.12.08:357][435]LogFileHelpers: Editor autosave (incl. sublevels) for all levels took 0.054
[2017.03.02-07.33.36:022][501]LogSlate: Only BGRA pngs, bmps or icos are supported in by External Image Picker
[2017.03.02-07.33.36:098][502]LogTemp:Display: Executing iPhonePackager certificates Engine -bundlename com.YourCompany.BananaCollector

[2017.03.02-07.33.36:098][502]LogTemp:Display: CWD: C:\Program Files\Epic Games\UE_4.15\Engine\Binaries\DotNET\IOS

[2017.03.02-07.33.36:098][502]LogTemp:Display: Initial Dir: C:\Program Files\Epic Games\UE_4.15

[2017.03.02-07.33.36:098][502]LogTemp:Display: Env CWD: C:\Program Files\Epic Games\UE_4.15\Engine\Binaries\DotNET\IOS

[2017.03.02-07.33.36:098][502]LogTemp:Display: BranchPath = DESKTOP-VB28MJU/C/Program Files/Epic Games/UE_4.15/Engine/Binaries --- GameBranchPath = DESKTOP-VB28MJU/C/Program Files/Epic Games/UE_4.15/Engine/Binaries

[2017.03.02-07.33.36:098][502]LogTemp:Display: IPP ERROR: Application exception: System.IO.DirectoryNotFoundException: Could not find a part of the path 'C:\Users\Tommy\AppData\Local\Apple Computer\MobileDevice\Provisioning Profiles'.

[2017.03.02-07.33.36:098][502]LogTemp:Display:    at System.IO.__Error.WinIOError(Int32 errorCode, String maybeFullPath)

[2017.03.02-07.33.36:098][502]LogTemp:Display:    at System.IO.FileSystemEnumerableIterator`1.CommonInit()

[2017.03.02-07.33.36:098][502]LogTemp:Display:    at System.IO.Directory.EnumerateFiles(String path, String searchPattern)

[2017.03.02-07.33.36:098][502]LogTemp:Display:    at iPhonePackager.CodeSignatureBuilder.FindProvisions(String CFBundleIdentifier)

[2017.03.02-07.33.36:098][502]LogTemp:Display:    at iPhonePackager.Program.Main(String[] args)

[2017.03.02-10.51.37:851][862]LogSavePackage: Save=26.18ms
[2017.03.02-10.51.37:851][862]LogSavePackage: Moving 'D:/OneDrive/Freelance/Ray Wenderlich/Unreal Engine 4 Blueprints Tutorial/BananaCollector/Saved/BP_Player14B8519D4D82DD2ED8E727BA02F5FFA9.tmp' to 'D:/OneDrive/Freelance/Ray Wenderlich/Unreal Engine 4 Blueprints Tutorial/BananaCollector/Content/BananaCollector/Blueprints/BP_Player.uasset'
[2017.03.02-10.51.37:852][862]LogSavePackage:Display: Finished SavePackage D:/OneDrive/Freelance/Ray Wenderlich/Unreal Engine 4 Blueprints Tutorial/BananaCollector/Content/BananaCollector/Blueprints/BP_Player.uasset
[2017.03.02-10.51.40:816][985]LogSavePackage: Save=28.23ms
[2017.03.02-10.51.40:816][985]LogSavePackage: Moving 'D:/OneDrive/Freelance/Ray Wenderlich/Unreal Engine 4 Blueprints Tutorial/BananaCollector/Saved/TutorialMap644FF9954661353CEB1A2A8548AC9569.tmp' to 'D:/OneDrive/Freelance/Ray Wenderlich/Unreal Engine 4 Blueprints Tutorial/BananaCollector/Content/BananaCollector/Maps/TutorialMap.umap'
[2017.03.02-10.51.40:820][985]LogSavePackage:Display: Finished SavePackage D:/OneDrive/Freelance/Ray Wenderlich/Unreal Engine 4 Blueprints Tutorial/BananaCollector/Content/BananaCollector/Maps/TutorialMap.umap
[2017.03.02-10.51.40:848][985]LogFileHelpers: Saving map 'TutorialMap' took 0.140
[2017.03.02-10.51.41:179][985]LogWindowsTextInputMethodSystem:Display: IME system now deactivated.
[2017.03.02-10.51.41:181][985]LogWindowsTextInputMethodSystem:Display: IME system now deactivated.
[2017.03.02-10.51.41:423][986]Cmd: QUIT_EDITOR
[2017.03.02-10.51.41:914][986]LogExit: Preparing to exit.
[2017.03.02-10.51.42:954][986]LogExit: Editor shut down
[2017.03.02-10.51.42:956][986]LogExit: Transaction tracking system shut down
[2017.03.02-10.51.43:165][986]LogObj: Freed 0b from 0 cluster array pools.
[2017.03.02-10.51.43:165][986]LogExit: Object subsystem successfully closed.
[2017.03.02-10.51.43:194][986]LogD3D11RHI: Shutdown
[2017.03.02-10.51.43:194][986]LogD3D11RHI: CleanupD3DDevice
[2017.03.02-10.51.43:274][986]LogD3D11RHI: ~FD3D11DynamicRHI
[2017.03.02-10.51.43:302][986]LogModuleManager: Shutting down and abandoning module MovieSceneCapture (504)
[2017.03.02-10.51.43:302][986]LogModuleManager: Shutting down and abandoning module BlueprintGraph (502)
[2017.03.02-10.51.43:302][986]LogModuleManager: Shutting down and abandoning module BlueprintProfiler (500)
[2017.03.02-10.51.43:304][986]LogModuleManager: Shutting down and abandoning module ExternalImagePicker (498)
[2017.03.02-10.51.43:304][986]LogModuleManager: Shutting down and abandoning module HierarchicalLODOutliner (496)
[2017.03.02-10.51.43:304][986]LogModuleManager: Shutting down and abandoning module CrashTracker (494)
[2017.03.02-10.51.43:304][986]LogModuleManager: Shutting down and abandoning module SceneOutliner (492)
[2017.03.02-10.51.43:304][986]LogModuleManager: Shutting down and abandoning module AddContentDialog (490)
[2017.03.02-10.51.43:305][986]LogDirectoryWatcher: A directory notification for 'C:/Program Files/Epic Games/UE_4.15/FeaturePacks/' was aborted.
[2017.03.02-10.51.43:312][986]LogModuleManager: Shutting down and abandoning module WidgetCarousel (489)
[2017.03.02-10.51.43:312][986]LogModuleManager: Shutting down and abandoning module EditorWidgets (486)
[2017.03.02-10.51.43:312][986]LogModuleManager: Shutting down and abandoning module CollectionManager (484)
[2017.03.02-10.51.43:312][986]LogDirectoryWatcher: A directory notification for 'D:/OneDrive/Freelance/Ray Wenderlich/Unreal Engine 4 Blueprints Tutorial/BananaCollector/Content/Collections/' was aborted.
[2017.03.02-10.51.43:312][986]LogDirectoryWatcher: A directory notification for 'D:/OneDrive/Freelance/Ray Wenderlich/Unreal Engine 4 Blueprints Tutorial/BananaCollector/Content/Developers/Tommy/Collections/' was aborted.
[2017.03.02-10.51.43:312][986]LogDirectoryWatcher: A directory notification for 'D:/OneDrive/Freelance/Ray Wenderlich/Unreal Engine 4 Blueprints Tutorial/BananaCollector/Saved/Collections/' was aborted.
[2017.03.02-10.51.43:312][986]LogModuleManager: Shutting down and abandoning module StatsViewer (482)
[2017.03.02-10.51.43:313][986]LogModuleManager: Shutting down and abandoning module FoliageEdit (480)
[2017.03.02-10.51.43:313][986]LogModuleManager: Shutting down and abandoning module LandscapeEditor (478)
[2017.03.02-10.51.43:313][986]LogModuleManager: Shutting down and abandoning module SceneDepthPickerMode (476)
[2017.03.02-10.51.43:313][986]LogModuleManager: Shutting down and abandoning module ActorPickerMode (474)
[2017.03.02-10.51.43:313][986]LogModuleManager: Shutting down and abandoning module GeometryMode (472)
[2017.03.02-10.51.43:313][986]LogModuleManager: Shutting down and abandoning module TextureAlignMode (470)
[2017.03.02-10.51.43:313][986]LogModuleManager: Shutting down and abandoning module BspMode (468)
[2017.03.02-10.51.43:314][986]LogModuleManager: Shutting down and abandoning module HardwareSurvey (466)
[2017.03.02-10.51.43:314][986]LogModuleManager: Shutting down and abandoning module SequenceRecorderSections (464)
[2017.03.02-10.51.43:314][986]LogModuleManager: Shutting down and abandoning module AutomationWorker (462)
[2017.03.02-10.51.43:314][986]LogModuleManager: Shutting down and abandoning module MatineeToLevelSequence (460)
[2017.03.02-10.51.43:314][986]LogModuleManager: Shutting down and abandoning module LevelSequenceEditor (458)
[2017.03.02-10.51.43:316][986]LogModuleManager: Shutting down and abandoning module PlacementMode (457)
[2017.03.02-10.51.43:316][986]LogModuleManager: Shutting down and abandoning module WmfMediaFactory (454)
[2017.03.02-10.51.43:316][986]LogModuleManager: Shutting down and abandoning module WmfMediaEditor (452)
[2017.03.02-10.51.43:316][986]LogModuleManager: Shutting down and abandoning module MfMediaFactory (450)
[2017.03.02-10.51.43:316][986]LogModuleManager: Shutting down and abandoning module MfMediaEditor (448)
[2017.03.02-10.51.43:316][986]LogModuleManager: Shutting down and abandoning module AvfMediaFactory (446)
[2017.03.02-10.51.43:316][986]LogModuleManager: Shutting down and abandoning module AvfMediaEditor (444)
[2017.03.02-10.51.43:316][986]LogModuleManager: Shutting down and abandoning module AndroidMediaFactory (442)
[2017.03.02-10.51.43:316][986]LogModuleManager: Shutting down and abandoning module Media (441)
[2017.03.02-10.51.43:316][986]LogModuleManager: Shutting down and abandoning module AndroidMediaEditor (438)
[2017.03.02-10.51.43:316][986]LogModuleManager: Shutting down and abandoning module CharacterAI (436)
[2017.03.02-10.51.43:316][986]LogModuleManager: Shutting down and abandoning module AudioCapture (434)
[2017.03.02-10.51.43:316][986]LogModuleManager: Shutting down and abandoning module SequenceRecorder (433)
[2017.03.02-10.51.43:317][986]LogModuleManager: Shutting down and abandoning module SmartSnapping (430)
[2017.03.02-10.51.43:317][986]LogModuleManager: Shutting down and abandoning module SessionServices (428)
[2017.03.02-10.51.43:317][986]LogModuleManager: Shutting down and abandoning module ViewportSnapping (426)
[2017.03.02-10.51.43:317][986]LogModuleManager: Shutting down and abandoning module ViewportInteraction (424)
[2017.03.02-10.51.43:317][986]LogModuleManager: Shutting down and abandoning module LogVisualizer (422)
[2017.03.02-10.51.43:318][986]LogModuleManager: Shutting down and abandoning module IntroTutorials (420)
[2017.03.02-10.51.43:318][986]LogModuleManager: Shutting down and abandoning module GameProjectGeneration (419)
[2017.03.02-10.51.43:320][986]LogModuleManager: Shutting down and abandoning module EditorLiveStreaming (416)
[2017.03.02-10.51.43:320][986]LogModuleManager: Shutting down and abandoning module IOSPlatformEditor (414)
[2017.03.02-10.51.43:320][986]LogModuleManager: Shutting down and abandoning module HTML5PlatformEditor (412)
[2017.03.02-10.51.43:320][986]LogModuleManager: Shutting down and abandoning module AndroidPlatformEditor (410)
[2017.03.02-10.51.43:320][986]LogModuleManager: Shutting down and abandoning module AndroidDeviceDetection (409)
[2017.03.02-10.51.44:313][986]LogModuleManager: Shutting down and abandoning module IOSRuntimeSettings (406)
[2017.03.02-10.51.44:313][986]LogModuleManager: Shutting down and abandoning module AndroidRuntimeSettings (404)
[2017.03.02-10.51.44:313][986]LogModuleManager: Shutting down and abandoning module InputBindingEditor (402)
[2017.03.02-10.51.44:314][986]LogModuleManager: Shutting down and abandoning module NiagaraEditor (400)
[2017.03.02-10.51.44:315][986]LogModuleManager: Shutting down and abandoning module MergeActors (398)
[2017.03.02-10.51.44:316][986]LogModuleManager: Shutting down and abandoning module SizeMap (396)
[2017.03.02-10.51.44:316][986]LogModuleManager: Shutting down and abandoning module TreeMap (394)
[2017.03.02-10.51.44:317][986]LogModuleManager: Shutting down and abandoning module ReferenceViewer (392)
[2017.03.02-10.51.44:317][986]LogModuleManager: Shutting down and abandoning module LocalizationDashboard (390)
[2017.03.02-10.51.44:317][986]LogModuleManager: Shutting down and abandoning module LocalizationService (389)
[2017.03.02-10.51.44:318][986]LogModuleManager: Shutting down and abandoning module HardwareTargeting (386)
[2017.03.02-10.51.44:318][986]LogModuleManager: Shutting down and abandoning module DeviceProfileEditor (384)
[2017.03.02-10.51.44:318][986]LogModuleManager: Shutting down and abandoning module UndoHistory (382)
[2017.03.02-10.51.44:319][986]LogModuleManager: Shutting down and abandoning module UserFeedback (380)
[2017.03.02-10.51.44:319][986]LogModuleManager: Shutting down and abandoning module XmlParser (378)
[2017.03.02-10.51.44:319][986]LogModuleManager: Shutting down and abandoning module Blutility (376)
[2017.03.02-10.51.44:319][986]LogModuleManager: Shutting down and abandoning module ProjectSettingsViewer (374)
[2017.03.02-10.51.44:319][986]LogModuleManager: Shutting down and abandoning module ProjectTargetPlatformEditor (373)
[2017.03.02-10.51.44:320][986]LogModuleManager: Shutting down and abandoning module EditorSettingsViewer (370)
[2017.03.02-10.51.44:320][986]LogModuleManager: Shutting down and abandoning module SettingsEditor (368)
[2017.03.02-10.51.44:320][986]LogModuleManager: Shutting down and abandoning module ProjectLauncher (366)
[2017.03.02-10.51.44:321][986]LogModuleManager: Shutting down and abandoning module SessionFrontend (364)
[2017.03.02-10.51.44:321][986]LogModuleManager: Shutting down and abandoning module ProfilerClient (362)
[2017.03.02-10.51.44:322][986]LogModuleManager: Shutting down and abandoning module DeviceManager (360)
[2017.03.02-10.51.44:322][986]LogModuleManager: Shutting down and abandoning module TargetDeviceServices (359)
[2017.03.02-10.51.44:366][986]LogModuleManager: Shutting down and abandoning module AutomationController (356)
[2017.03.02-10.51.44:366][986]LogModuleManager: Shutting down and abandoning module AutomationWindow (354)
[2017.03.02-10.51.44:367][986]LogModuleManager: Shutting down and abandoning module Layers (352)
[2017.03.02-10.51.44:369][986]LogModuleManager: Shutting down and abandoning module ComponentVisualizers (350)
[2017.03.02-10.51.44:369][986]LogModuleManager: Shutting down and abandoning module DetailCustomizations (348)
[2017.03.02-10.51.44:370][986]LogModuleManager: Shutting down and abandoning module PackagesDialog (346)
[2017.03.02-10.51.44:370][986]LogModuleManager: Shutting down and abandoning module Persona (344)
[2017.03.02-10.51.44:371][986]LogModuleManager: Shutting down and abandoning module AnimGraph (343)
[2017.03.02-10.51.44:371][986]LogModuleManager: Shutting down and abandoning module Kismet (340)
[2017.03.02-10.51.44:382][986]LogModuleManager: Shutting down and abandoning module GraphEditor (338)
[2017.03.02-10.51.44:383][986]LogModuleManager: Shutting down and abandoning module ClassViewer (336)
[2017.03.02-10.51.44:383][986]LogModuleManager: Shutting down and abandoning module Toolbox (334)
[2017.03.02-10.51.44:383][986]LogModuleManager: Shutting down and abandoning module ModuleUI (332)
[2017.03.02-10.51.44:384][986]LogModuleManager: Shutting down and abandoning module MovieSceneTools (330)
[2017.03.02-10.51.44:384][986]LogModuleManager: Shutting down and abandoning module OutputLog (328)
[2017.03.02-10.51.44:384][986]LogModuleManager: Shutting down and abandoning module GammaUI (326)
[2017.03.02-10.51.44:385][986]LogModuleManager: Shutting down and abandoning module Documentation (324)
[2017.03.02-10.51.44:385][986]LogModuleManager: Shutting down and abandoning module Niagara (322)
[2017.03.02-10.51.44:385][986]LogModuleManager: Shutting down and abandoning module StreamingPauseRendering (320)
[2017.03.02-10.51.44:385][986]LogModuleManager: Shutting down and abandoning module AnalyticsET (318)
[2017.03.02-10.51.44:385][986]LogModuleManager: Shutting down and abandoning module PortalServices (316)
[2017.03.02-10.51.44:385][986]LogModuleManager: Shutting down and abandoning module PortalRpc (314)
[2017.03.02-10.51.44:385][986]LogModuleManager: Shutting down and abandoning module MessagingRpc (312)
[2017.03.02-10.51.44:385][986]LogModuleManager: Shutting down and abandoning module AIModule (310)
[2017.03.02-10.51.44:385][986]LogModuleManager: Shutting down and abandoning module GameplayDebugger (309)
[2017.03.02-10.51.44:385][986]LogModuleManager: Shutting down and abandoning module AITestSuite (307)
[2017.03.02-10.51.44:385][986]LogModuleManager: Shutting down and abandoning module ProfilerService (304)
[2017.03.02-10.51.44:614][986]LogModuleManager: Shutting down and abandoning module TaskGraph (302)
[2017.03.02-10.51.44:614][986]LogModuleManager: Shutting down and abandoning module SteamVRController (300)
[2017.03.02-10.51.44:614][986]LogModuleManager: Shutting down and abandoning module SteamVR (298)
[2017.03.02-10.51.44:614][986]LogModuleManager: Shutting down and abandoning module ProceduralMeshComponentEditor (296)
[2017.03.02-10.51.44:614][986]LogModuleManager: Shutting down and abandoning module ProceduralMeshComponent (294)
[2017.03.02-10.51.44:614][986]LogModuleManager: Shutting down and abandoning module OculusLibrary (292)
[2017.03.02-10.51.44:614][986]LogModuleManager: Shutting down and abandoning module OculusInput (290)
[2017.03.02-10.51.44:614][986]LogModuleManager: Shutting down and abandoning module MobilePatchingUtils (288)
[2017.03.02-10.51.44:614][986]LogModuleManager: Shutting down and abandoning module CustomMeshComponent (286)
[2017.03.02-10.51.44:614][986]LogModuleManager: Shutting down and abandoning module CableComponent (284)
[2017.03.02-10.51.44:614][986]LogModuleManager: Shutting down and abandoning module ArchVisCharacter (282)
[2017.03.02-10.51.44:614][986]LogModuleManager: Shutting down and abandoning module MediaPlayerEditor (278)
[2017.03.02-10.51.44:617][986]LogModuleManager: Shutting down and abandoning module HTML5Networking (276)
[2017.03.02-10.51.44:617][986]LogModuleManager: Shutting down and abandoning module AlembicImporter (274)
[2017.03.02-10.51.44:617][986]LogModuleManager: Shutting down and abandoning module AlembicLibrary (273)
[2017.03.02-10.51.44:617][986]LogModuleManager: Shutting down and abandoning module GeometryCache (272)
[2017.03.02-10.51.44:618][986]LogModuleManager: Shutting down and abandoning module GeometryCacheEd (271)
[2017.03.02-10.51.44:618][986]LogModuleManager: Shutting down and abandoning module SuperSearchEditor (266)
[2017.03.02-10.51.44:618][986]LogModuleManager: Shutting down and abandoning module SuperSearch (265)
[2017.03.02-10.51.44:618][986]LogModuleManager: Shutting down and abandoning module SpeedTreeImporter (262)
[2017.03.02-10.51.44:618][986]LogModuleManager: Shutting down and abandoning module PluginBrowser (260)
[2017.03.02-10.51.44:619][986]LogModuleManager: Shutting down and abandoning module MobileLauncherProfileWizard (258)
[2017.03.02-10.51.44:620][986]LogModuleManager: Shutting down and abandoning module EpicSurvey (256)
[2017.03.02-10.51.44:620][986]LogModuleManager: Shutting down and abandoning module VisualStudioSourceCodeAccess (254)
[2017.03.02-10.51.44:620][986]LogModuleManager: Shutting down and abandoning module DesktopPlatform (253)
[2017.03.02-10.51.44:620][986]LogModuleManager: Shutting down and abandoning module UObjectPlugin (250)
[2017.03.02-10.51.44:620][986]LogModuleManager: Shutting down and abandoning module SubversionSourceControl (248)
[2017.03.02-10.51.44:620][986]LogModuleManager: Shutting down and abandoning module PerforceSourceControl (246)
[2017.03.02-10.51.44:620][986]LogModuleManager: Shutting down and abandoning module GitSourceControl (244)
[2017.03.02-10.51.44:621][986]LogModuleManager: Shutting down and abandoning module SourceControl (243)
[2017.03.02-10.51.44:621][986]LogModuleManager: Shutting down and abandoning module LightPropagationVolumeEditor (240)
[2017.03.02-10.51.44:621][986]LogModuleManager: Shutting down and abandoning module PaperTiledImporter (238)
[2017.03.02-10.51.44:621][986]LogModuleManager: Shutting down and abandoning module PaperSpriteSheetImporter (236)
[2017.03.02-10.51.44:621][986]LogModuleManager: Shutting down and abandoning module Paper2DEditor (234)
[2017.03.02-10.51.44:622][986]LogModuleManager: Shutting down and abandoning module MeshPaint (233)
[2017.03.02-10.51.44:622][986]LogModuleManager: Shutting down and abandoning module LevelEditor (231)
[2017.03.02-10.51.44:624][986]LogModuleManager: Shutting down and abandoning module PixelInspectorModule (230)
[2017.03.02-10.51.44:625][986]LogModuleManager: Shutting down and abandoning module MainFrame (228)
[2017.03.02-10.51.44:625][986]LogModuleManager: Shutting down and abandoning module HotReload (227)
[2017.03.02-10.51.44:625][986]LogModuleManager: Shutting down and abandoning module ContentBrowser (223)
[2017.03.02-10.51.44:627][986]LogModuleManager: Shutting down and abandoning module PhysXVehiclesEditor (220)
[2017.03.02-10.51.44:627][986]LogModuleManager: Shutting down and abandoning module PhysXVehicles (218)
[2017.03.02-10.51.44:627][986]LogModuleManager: Shutting down and abandoning module LocationServicesBPLibrary (216)
[2017.03.02-10.51.44:627][986]LogModuleManager: Shutting down and abandoning module UdpMessaging (214)
[2017.03.02-10.51.44:728][986]LogModuleManager: Shutting down and abandoning module TcpMessaging (212)
[2017.03.02-10.51.44:829][986]LogModuleManager: Shutting down and abandoning module GameplayTagsEditor (210)
[2017.03.02-10.51.44:829][986]LogModuleManager: Shutting down and abandoning module FacialAnimationEditor (208)
[2017.03.02-10.51.44:830][986]LogModuleManager: Shutting down and abandoning module FacialAnimation (206)
[2017.03.02-10.51.44:830][986]LogModuleManager: Shutting down and abandoning module LightPropagationVolumeRuntime (204)
[2017.03.02-10.51.44:830][986]LogModuleManager: Shutting down and abandoning module Paper2D (202)
[2017.03.02-10.51.44:830][986]LogModuleManager: Shutting down and abandoning module WindowsMoviePlayer (200)
[2017.03.02-10.51.44:830][986]LogModuleManager: Shutting down and abandoning module WmfMedia (198)
[2017.03.02-10.51.44:830][986]LogModuleManager: Shutting down and abandoning module MfMedia (196)
[2017.03.02-10.51.44:830][986]LogModuleManager: Shutting down and abandoning module MediaAssets (194)
[2017.03.02-10.51.44:830][986]LogModuleManager: Shutting down and abandoning module GameLiveStreaming (192)
[2017.03.02-10.51.44:830][986]LogModuleManager: Shutting down and abandoning module VREditor (190)
[2017.03.02-10.51.44:830][986]LogModuleManager: Shutting down and abandoning module GameplayTasksEditor (188)
[2017.03.02-10.51.44:830][986]LogModuleManager: Shutting down and abandoning module BehaviorTreeEditor (186)
[2017.03.02-10.51.44:830][986]LogModuleManager: Shutting down and abandoning module FunctionalTesting (184)
[2017.03.02-10.51.44:830][986]LogModuleManager: Shutting down and abandoning module CollisionAnalyzer (182)
[2017.03.02-10.51.44:830][986]LogModuleManager: Shutting down and abandoning module UMG (180)
[2017.03.02-10.51.44:831][986]LogModuleManager: Shutting down and abandoning module UMGEditor (179)
[2017.03.02-10.51.44:831][986]LogModuleManager: Shutting down and abandoning module Sequencer (178)
[2017.03.02-10.51.44:831][986]LogModuleManager: Shutting down and abandoning module AssetTools (176)
[2017.03.02-10.51.44:831][986]LogModuleManager: Shutting down and abandoning module MessageLog (175)
[2017.03.02-10.51.44:831][986]LogModuleManager: Shutting down and abandoning module WorkspaceMenuStructure (174)
[2017.03.02-10.51.44:831][986]LogModuleManager: Shutting down and abandoning module SlateReflector (168)
[2017.03.02-10.51.44:831][986]LogModuleManager: Shutting down and abandoning module Slate (166)
[2017.03.02-10.51.44:831][986]LogModuleManager: Shutting down and abandoning module EditorStyle (164)
[2017.03.02-10.51.44:835][986]LogModuleManager: Shutting down and abandoning module SourceCodeAccess (162)
[2017.03.02-10.51.44:835][986]LogModuleManager: Shutting down and abandoning module HeadMountedDisplay (160)
[2017.03.02-10.51.44:835][986]LogModuleManager: Shutting down and abandoning module XAudio2 (158)
[2017.03.02-10.51.44:835][986]LogModuleManager: Shutting down and abandoning module Networking (156)
[2017.03.02-10.51.44:835][986]LogModuleManager: Shutting down and abandoning module Core (152)
[2017.03.02-10.51.44:835][986]LogModuleManager: Shutting down and abandoning module AssetRegistry (150)
[2017.03.02-10.51.45:017][986]LogDirectoryWatcher: A directory notification for '../../../Engine/Content/' was aborted.
[2017.03.02-10.51.45:017][986]LogDirectoryWatcher: A directory notification for 'D:/OneDrive/Freelance/Ray Wenderlich/Unreal Engine 4 Blueprints Tutorial/BananaCollector/Content/' was aborted.
[2017.03.02-10.51.45:017][986]LogDirectoryWatcher: A directory notification for '../../../Engine/Plugins/2D/Paper2D/Content/' was aborted.
[2017.03.02-10.51.45:018][986]LogModuleManager: Shutting down and abandoning module DirectoryWatcher (149)
[2017.03.02-10.51.45:022][986]LogModuleManager: Shutting down and abandoning module KismetCompiler (146)
[2017.03.02-10.51.45:022][986]LogModuleManager: Shutting down and abandoning module PhysXFormats (144)
[2017.03.02-10.51.45:022][986]LogModuleManager: Shutting down and abandoning module MeshUtilities (142)
[2017.03.02-10.51.45:022][986]LogModuleManager: Shutting down and abandoning module SimplygonSwarm (141)
[2017.03.02-10.51.45:022][986]LogModuleManager: Shutting down and abandoning module SimplygonMeshReduction (139)
[2017.03.02-10.51.45:022][986]LogModuleManager: Shutting down and abandoning module QuadricMeshReduction (137)
[2017.03.02-10.51.45:022][986]LogModuleManager: Shutting down and abandoning module PropertyEditor (135)
[2017.03.02-10.51.45:022][986]LogModuleManager: Shutting down and abandoning module DerivedDataCache (132)
[2017.03.02-10.51.45:062][986]LogDerivedDataCache: Shutdown
[2017.03.02-10.51.45:062][986]LogModuleManager: Shutting down and abandoning module TargetPlatform (130)
[2017.03.02-10.51.45:062][986]LogModuleManager: Shutting down and abandoning module VulkanShaderFormat (129)
[2017.03.02-10.51.45:062][986]LogModuleManager: Shutting down and abandoning module ShaderFormatOpenGL (127)
[2017.03.02-10.51.45:063][986]LogModuleManager: Shutting down and abandoning module ShaderFormatD3D (125)
[2017.03.02-10.51.45:063][986]LogModuleManager: Shutting down and abandoning module MetalShaderFormat (123)
[2017.03.02-10.51.45:064][986]LogModuleManager: Shutting down and abandoning module TextureFormatUncompressed (121)
[2017.03.02-10.51.45:064][986]LogModuleManager: Shutting down and abandoning module TextureFormatPVR (119)
[2017.03.02-10.51.45:064][986]LogModuleManager: Shutting down and abandoning module TextureFormatDXT (117)
[2017.03.02-10.51.45:064][986]LogModuleManager: Shutting down and abandoning module TextureFormatIntelISPCTexComp (115)
[2017.03.02-10.51.45:065][986]LogModuleManager: Shutting down and abandoning module TextureFormatASTC (113)
[2017.03.02-10.51.45:065][986]LogModuleManager: Shutting down and abandoning module ImageWrapper (112)
[2017.03.02-10.51.45:065][986]LogModuleManager: Shutting down and abandoning module TextureFormatAndroid (109)
[2017.03.02-10.51.45:065][986]LogModuleManager: Shutting down and abandoning module AudioFormatOpus (107)
[2017.03.02-10.51.45:065][986]LogModuleManager: Shutting down and abandoning module AudioFormatOgg (105)
[2017.03.02-10.51.45:065][986]LogModuleManager: Shutting down and abandoning module AudioFormatADPCM (103)
[2017.03.02-10.51.45:065][986]LogModuleManager: Shutting down and abandoning module LinuxTargetPlatform (101)
[2017.03.02-10.51.45:065][986]LogModuleManager: Shutting down and abandoning module LinuxServerTargetPlatform (99)
[2017.03.02-10.51.45:065][986]LogModuleManager: Shutting down and abandoning module LinuxNoEditorTargetPlatform (97)
[2017.03.02-10.51.45:065][986]LogModuleManager: Shutting down and abandoning module LinuxClientTargetPlatform (95)
[2017.03.02-10.51.45:065][986]LogModuleManager: Shutting down and abandoning module TVOSTargetPlatform (93)
[2017.03.02-10.51.45:065][986]LogModuleManager: Shutting down and abandoning module Messaging (91)
[2017.03.02-10.51.45:065][986]LogModuleManager: Shutting down and abandoning module IOSTargetPlatform (89)
[2017.03.02-10.51.45:065][986]LogModuleManager: Shutting down and abandoning module HTML5TargetPlatform (87)
[2017.03.02-10.51.45:065][986]LogModuleManager: Shutting down and abandoning module Android_PVRTCTargetPlatform (85)
[2017.03.02-10.51.45:065][986]LogModuleManager: Shutting down and abandoning module Android_MultiTargetPlatform (83)
[2017.03.02-10.51.45:065][986]LogModuleManager: Shutting down and abandoning module Android_ETC2TargetPlatform (81)
[2017.03.02-10.51.45:065][986]LogModuleManager: Shutting down and abandoning module Android_ETC1TargetPlatform (79)
[2017.03.02-10.51.45:065][986]LogModuleManager: Shutting down and abandoning module Android_DXTTargetPlatform (77)
[2017.03.02-10.51.45:065][986]LogModuleManager: Shutting down and abandoning module Android_ATCTargetPlatform (75)
[2017.03.02-10.51.45:065][986]LogModuleManager: Shutting down and abandoning module Android_ASTCTargetPlatform (73)
[2017.03.02-10.51.45:065][986]LogModuleManager: Shutting down and abandoning module AndroidTargetPlatform (71)
[2017.03.02-10.51.45:065][986]LogModuleManager: Shutting down and abandoning module WindowsTargetPlatform (69)
[2017.03.02-10.51.45:065][986]LogModuleManager: Shutting down and abandoning module WindowsServerTargetPlatform (67)
[2017.03.02-10.51.45:065][986]LogModuleManager: Shutting down and abandoning module WindowsNoEditorTargetPlatform (65)
[2017.03.02-10.51.45:065][986]LogModuleManager: Shutting down and abandoning module WindowsClientTargetPlatform (63)
[2017.03.02-10.51.45:065][986]LogModuleManager: Shutting down and abandoning module MacTargetPlatform (61)
[2017.03.02-10.51.45:065][986]LogModuleManager: Shutting down and abandoning module MacServerTargetPlatform (59)
[2017.03.02-10.51.45:065][986]LogModuleManager: Shutting down and abandoning module MacNoEditorTargetPlatform (57)
[2017.03.02-10.51.45:065][986]LogModuleManager: Shutting down and abandoning module MacClientTargetPlatform (55)
[2017.03.02-10.51.45:066][986]LogModuleManager: Shutting down and abandoning module AllDesktopTargetPlatform (53)
[2017.03.02-10.51.45:066][986]LogModuleManager: Shutting down and abandoning module InputCore (50)
[2017.03.02-10.51.45:066][986]LogModuleManager: Shutting down and abandoning module Settings (48)
[2017.03.02-10.51.45:066][986]LogModuleManager: Shutting down and abandoning module OculusRift (46)
[2017.03.02-10.51.45:066][986]LogModuleManager: Shutting down and abandoning module ExampleDeviceProfileSelector (44)
[2017.03.02-10.51.45:066][986]LogModuleManager: Shutting down and abandoning module OnlineBlueprintSupport (42)
[2017.03.02-10.51.45:066][986]LogModuleManager: Shutting down and abandoning module OnlineSubsystem (38)
[2017.03.02-10.51.45:066][986]LogOnline:Display: Unloading online subsystem: NULL
[2017.03.02-10.51.45:067][986]LogModuleManager: Shutting down and abandoning module XMPP (37)
[2017.03.02-10.51.45:068][986]LogModuleManager: Shutting down and abandoning module HTTP (35)
[2017.03.02-10.51.45:068][986]LogHttp:Display: Http module shutting down, but needs to wait on 1 outstanding Http requests:
[2017.03.02-10.51.45:068][986]LogHttp:Display: 	verb=[POST] url=[https://datarouter.ol.epicgames.com/datarouter/api/v1/public/data?SessionID=%7B2C1EAB50-48C1-9F20-EB7B-6CB52DDA7489%7D&AppID=UEEditor.Rocket.Release&AppVersion=4.15.0-3299760%2B%2B%2BUE4%2BRelease-4.15&UserID=1bda2ee54da093b2a50b8c91a368fe62%7Cddaae3d7adad4251b47aebd4e1f1f19e%7C69959759-ac70-48c0-a241-92f33d26a024&AppEnvironment=datacollector-binary&UploadType=eteventstream] status=Processing
[2017.03.02-10.51.45:099][986]LogModuleManager: Shutting down and abandoning module SSL (34)
[2017.03.02-10.51.45:101][986]LogModuleManager: Shutting down and abandoning module AudioEditor (30)
[2017.03.02-10.51.45:102][986]LogModuleManager: Shutting down and abandoning module TextureCompressor (28)
[2017.03.02-10.51.45:103][986]LogModuleManager: Shutting down and abandoning module ShaderCore (26)
[2017.03.02-10.51.45:103][986]LogModuleManager: Shutting down and abandoning module Landscape (24)
[2017.03.02-10.51.45:103][986]LogModuleManager: Shutting down and abandoning module SlateRHIRenderer (22)
[2017.03.02-10.51.45:115][986]LogModuleManager: Shutting down and abandoning module OpenGLDrv (20)
[2017.03.02-10.51.45:116][986]LogModuleManager: Shutting down and abandoning module D3D11RHI (18)
[2017.03.02-10.51.45:116][986]LogModuleManager: Shutting down and abandoning module AnimGraphRuntime (16)
[2017.03.02-10.51.45:117][986]LogModuleManager: Shutting down and abandoning module Renderer (14)
[2017.03.02-10.51.45:117][986]LogModuleManager: Shutting down and abandoning module Engine (12)
[2017.03.02-10.51.45:117][986]LogModuleManager: Shutting down and abandoning module CoreUObject (10)
[2017.03.02-10.51.45:117][986]LogModuleManager: Shutting down and abandoning module NetworkFile (8)
[2017.03.02-10.51.45:117][986]LogModuleManager: Shutting down and abandoning module StreamingFile (6)
[2017.03.02-10.51.45:117][986]LogModuleManager: Shutting down and abandoning module SandboxFile (4)
[2017.03.02-10.51.45:117][986]LogModuleManager: Shutting down and abandoning module PakFile (2)
[2017.03.02-10.51.45:119][986]LogExit: Exiting.
[2017.03.02-10.51.45:124][986]Log file closed, 03/02/17 23:51:45
