Log file open, 03/02/17 18:00:51
LogInit:Display: Running engine for game: BananaCollector
LogPlatformFile: Not using cached read wrapper
LogInit:Display: RandInit(1630076092) SRandInit(1630076092).
LogTaskGraph: Started task graph with 5 named threads and 8 total threads with 1 sets of task threads.
LogStats: Stats thread started at 0.110598
LogInit: Using libcurl 7.47.1
LogInit:  - built for x86_64-pc-win32
LogInit:  - supports SSL with OpenSSL/1.0.2g
LogInit:  - supports HTTP deflate (compression) using libz 1.2.8
LogInit:  - other features:
LogInit:      CURL_VERSION_SSL
LogInit:      CURL_VERSION_LIBZ
LogInit:      CURL_VERSION_IPV6
LogInit:      CURL_VERSION_ASYNCHDNS
LogInit:      CURL_VERSION_LARGEFILE
LogInit:      CURL_VERSION_IDN
LogInit:  CurlRequestOptions (configurable via config and command line):
LogInit:  - bVerifyPeer = false  - Libcurl will NOT verify peer certificate
LogInit:  - bUseHttpProxy = false  - Libcurl will NOT use HTTP proxy
LogInit:  - bDontReuseConnections = false  - Libcurl will reuse connections
LogInit:  - CertBundlePath = nullptr  - Libcurl will use whatever was configured at build time.
LogInit: Build: ++UE4+Release-4.15-CL-3299760
LogInit: Engine Version: 4.15.0-3299760+++UE4+Release-4.15
LogInit: Compatible Engine Version: 4.15.0-3299760+++UE4+Release-4.15
LogInit: Net CL: 3299760
LogDevObjectVersion: Number of dev versions registered: 14
LogDevObjectVersion:   Dev-Blueprints (B0D832E4-1F89-4F0D-ACCF-7EB736FD4AA2): 8
LogDevObjectVersion:   Dev-Build (E1C64328-A22C-4D53-A36C-8E866417BD8C): 0
LogDevObjectVersion:   Dev-Core (375EC13C-06E4-48FB-B500-84F0262A717E): 2
LogDevObjectVersion:   Dev-Editor (E4B068ED-F494-42E9-A231-DA0B2E46BB41): 14
LogDevObjectVersion:   Dev-Framework (CFFC743F-43B0-4480-9391-14DF171D2073): 22
LogDevObjectVersion:   Dev-Mobile (B02B49B5-BB20-44E9-A304-32B752E40360): 0
LogDevObjectVersion:   Dev-Networking (A4E4105C-59A1-49B5-A7C5-40C4547EDFEE): 0
LogDevObjectVersion:   Dev-Online (39C831C9-5AE6-47DC-9A44-9C173E1C8E7C): 0
LogDevObjectVersion:   Dev-Physics (78F01B33-EBEA-4F98-B9B4-84EACCB95AA2): 0
LogDevObjectVersion:   Dev-Platform (6631380F-2D4D-43E0-8009-CF276956A95A): 0
LogDevObjectVersion:   Dev-Rendering (12F88B9F-8875-4AFC-A67C-D90C383ABD29): 12
LogDevObjectVersion:   Dev-Sequencer (7B5AE74C-D270-4C10-A958-57980B212A5A): 3
LogDevObjectVersion:   Dev-VR (D7296918-1DD6-4BDD-9DE2-64A83CC13884): 0
LogDevObjectVersion:   Dev-LoadTimes (C2A15278-BFE7-4AFE-6C17-90FF531DF755): 1
LogInit: Compiled (64-bit): Feb 14 2017 02:04:14
LogInit: Compiled with Visual C++: 19.00.23026.00
LogInit: Build Configuration: Development
LogInit: Branch Name: ++UE4+Release-4.15
LogInit: Command line:  /Temp/Autosaves/Game/BananaCollector/Maps/UEDPCTutorialMap -game -PIEVIACONSOLE -ResX=1280 -ResY=720  -Multiprocess -messaging -SessionName="Play in Standalone Game" -windowed 
LogInit: Base directory: C:/Program Files/Epic Games/UE_4.15/Engine/Binaries/Win64/
LogInit: Installed Engine Build: 1
LogInit: Presizing for max 8388607 objects, including 0 objects not considered by GC, pre-allocating 0 bytes for permanent pool.
LogInit: Object subsystem initialized
[2017.03.02-05.00.52:324][  0]LogInit: Selected Device Profile: [Windows]
[2017.03.02-05.00.52:324][  0]LogInit: Applying CVar settings loaded from the selected device profile: [Windows]
[2017.03.02-05.00.52:344][  0]LogInit: Computer: DESKTOP-VB28MJU
[2017.03.02-05.00.52:344][  0]LogInit: User: Tommy
[2017.03.02-05.00.52:344][  0]LogInit: CPU Page size=65536, Cores=4
[2017.03.02-05.00.52:344][  0]LogInit: High frequency timer resolution =3.312789 MHz
[2017.03.02-05.00.52:345][  0]LogMemory: Memory total: Physical=7.9GB (8GB approx)
[2017.03.02-05.00.52:345][  0]LogMemory: Platform Memory Stats for Windows
[2017.03.02-05.00.52:345][  0]LogMemory: Process Physical Memory: 263.00 MB used, 263.00 MB peak
[2017.03.02-05.00.52:345][  0]LogMemory: Process Virtual Memory: 262.54 MB used, 262.54 MB peak
[2017.03.02-05.00.52:345][  0]LogMemory: Physical Memory: 5376.64 MB used,  2708.54 MB free, 8085.18 MB total
[2017.03.02-05.00.52:345][  0]LogMemory: Virtual Memory: 644.23 MB used,  2708.54 MB free, 134217728.00 MB total
[2017.03.02-05.00.52:645][  0]LogTextLocalizationManager: No specific translations for ('en-AU') exist, so ('en') translations will be used.
[2017.03.02-05.00.53:143][  0]LogD3D11RHI: D3D11 adapters:
[2017.03.02-05.00.53:170][  0]LogD3D11RHI:    0. 'NVIDIA GeForce GTX 960' (Feature Level 11_0)
[2017.03.02-05.00.53:170][  0]LogD3D11RHI:       2016/0/4042 MB DedicatedVideo/DedicatedSystem/SharedSystem, Outputs:1, VendorId:0x10de
[2017.03.02-05.00.53:174][  0]LogD3D11RHI:    1. 'Intel(R) HD Graphics 4000' (Feature Level 11_0)
[2017.03.02-05.00.53:174][  0]LogD3D11RHI:       32/0/1760 MB DedicatedVideo/DedicatedSystem/SharedSystem, Outputs:0, VendorId:0x8086
[2017.03.02-05.00.53:175][  0]LogD3D11RHI:    2. 'Microsoft Basic Render Driver' (Feature Level 11_0)
[2017.03.02-05.00.53:175][  0]LogD3D11RHI:       0/0/4042 MB DedicatedVideo/DedicatedSystem/SharedSystem, Outputs:0, VendorId:0x1414
[2017.03.02-05.00.53:175][  0]LogD3D11RHI: Chosen D3D11 Adapter: 0
[2017.03.02-05.00.53:181][  0]LogD3D11RHI: Creating new Direct3DDevice
[2017.03.02-05.00.53:181][  0]LogD3D11RHI:     GPU DeviceId: 0x1401 (for the marketing name, search the web for "GPU Device Id")
[2017.03.02-05.00.53:181][  0]LogWindows: EnumDisplayDevices:
[2017.03.02-05.00.53:181][  0]LogWindows:    0. 'NVIDIA GeForce GTX 960' (P:1 D:1)
[2017.03.02-05.00.53:181][  0]LogWindows:    1. 'NVIDIA GeForce GTX 960' (P:0 D:0)
[2017.03.02-05.00.53:181][  0]LogWindows:    2. 'NVIDIA GeForce GTX 960' (P:0 D:0)
[2017.03.02-05.00.53:181][  0]LogWindows:    3. 'NVIDIA GeForce GTX 960' (P:0 D:0)
[2017.03.02-05.00.53:182][  0]LogWindows:    4. 'Intel(R) HD Graphics 4000' (P:0 D:0)
[2017.03.02-05.00.53:182][  0]LogWindows:    5. 'Intel(R) HD Graphics 4000' (P:0 D:0)
[2017.03.02-05.00.53:182][  0]LogWindows: DebugString: PrimaryIsNotTheChoosenAdapter PrimaryIsNotTheChoosenAdapter FoundDriverCount:4 
[2017.03.02-05.00.53:182][  0]LogD3D11RHI:     Adapter Name: NVIDIA GeForce GTX 960
[2017.03.02-05.00.53:182][  0]LogD3D11RHI:   Driver Version: 376.53 (internal:21.21.13.7653, unified:376.53)
[2017.03.02-05.00.53:182][  0]LogD3D11RHI:      Driver Date: 12-29-2016
[2017.03.02-05.00.53:182][  0]LogRHI: Texture pool is 1361 MB (70% of 1945 MB)
[2017.03.02-05.00.53:203][  0]LogD3D11RHI: Async texture creation enabled
[2017.03.02-05.00.53:221][  0]LogD3D11RHI: GPU Timing Frequency: 1000.000000 (Debug: 2 2)
[2017.03.02-05.00.53:268][  0]LogShaderCompilers: Guid format shader working directory is -42 characters bigger than the processId version (D:/OneDrive/Freelance/Ray Wenderlich/Unreal Engine 4 Blueprints Tutorial/BananaCollector/Intermediate/Shaders/WorkingDirectory/7648/).
[2017.03.02-05.00.53:268][  0]LogShaderCompilers: Cleaned the shader compiler working directory 'C:/Users/Tommy/AppData/Local/Temp/UnrealShaderWorkingDir/271D1C1F43738DFE6FC435998EB55DF1/'.
[2017.03.02-05.00.53:268][  0]LogShaderCompilers:Display: Using Local Shader Compiler.
[2017.03.02-05.00.55:581][  0]LogTemp:Display: Loaded TP WindowsClientTargetPlatform
[2017.03.02-05.00.55:650][  0]LogTemp:Display: Loaded TP WindowsNoEditorTargetPlatform
[2017.03.02-05.00.55:721][  0]LogTemp:Display: Loaded TP WindowsServerTargetPlatform
[2017.03.02-05.00.55:777][  0]LogTemp:Display: Loaded TP WindowsTargetPlatform
[2017.03.02-05.00.55:777][  0]LogTargetPlatformManager:Display: Building Assets For Windows
[2017.03.02-05.00.56:659][  0]LogDerivedDataCache:Display: Max Cache Size: 512 MB
[2017.03.02-05.00.56:714][  0]LogDerivedDataCache: Loaded boot cache 0.05s 50MB C:/Users/Tommy/AppData/Local/UnrealEngine/4.15/DerivedDataCache/Boot.ddc.
[2017.03.02-05.00.56:714][  0]LogDerivedDataCache:Display: Loaded Boot cache: C:/Users/Tommy/AppData/Local/UnrealEngine/4.15/DerivedDataCache/Boot.ddc
[2017.03.02-05.00.56:714][  0]LogDerivedDataCache: FDerivedDataBackendGraph:  Pak pak cache file D:/OneDrive/Freelance/Ray Wenderlich/Unreal Engine 4 Blueprints Tutorial/BananaCollector/DerivedDataCache/DDC.ddp not found, will not use a pak cache.
[2017.03.02-05.00.56:714][  0]LogDerivedDataCache: Unable to find inner node Pak for hierarchical cache Hierarchy.
[2017.03.02-05.00.56:714][  0]LogDerivedDataCache: FDerivedDataBackendGraph:  CompressedPak pak cache file D:/OneDrive/Freelance/Ray Wenderlich/Unreal Engine 4 Blueprints Tutorial/BananaCollector/DerivedDataCache/Compressed.ddp not found, will not use a pak cache.
[2017.03.02-05.00.56:714][  0]LogDerivedDataCache: Unable to find inner node CompressedPak for hierarchical cache Hierarchy.
[2017.03.02-05.00.56:746][  0]LogDerivedDataCache:Display: Pak cache opened for reading ../../../Engine/DerivedDataCache/Compressed.ddp.
[2017.03.02-05.00.56:758][  0]LogDerivedDataCache: Using Local data cache path C:/Users/Tommy/AppData/Local/UnrealEngine/Common/DerivedDataCache: Writable
[2017.03.02-05.00.56:771][  0]LogSlate: Using Freetype 2.6.0
[2017.03.02-05.00.56:783][  0]LogSlate: SlateFontCache - WITH_FREETYPE: 1, WITH_HARFBUZZ: 1
[2017.03.02-05.00.56:783][  0]LogSlate: SlateFontCache - WITH_FREETYPE: 1, WITH_HARFBUZZ: 1
[2017.03.02-05.00.59:561][  0]LogAssetRegistry: FAssetRegistry took 0.0001 seconds to start up
[2017.03.02-05.00.59:568][  0]LogPackageLocalizationCache: Processed 3 localized package path(s) for 2 prioritized culture(s) in 0.006696 seconds
[2017.03.02-05.00.59:587][  0]LogInit: Selected Device Profile: [Windows]
[2017.03.02-05.00.59:590][  0]LogContentStreaming: Texture pool size is 1000.00 MB
[2017.03.02-05.00.59:830][  0]LogMeshUtilities: Using QuadricMeshReduction for automatic static mesh reduction
[2017.03.02-05.00.59:877][  0]LogSimplygon: Simplygon DLL not present - disabling.
[2017.03.02-05.00.59:936][  0]LogMeshUtilities: Using SimplygonSwarm for distributed automatic mesh merging
[2017.03.02-05.00.59:936][  0]LogMeshUtilities: No automatic skeletal mesh reduction module available
[2017.03.02-05.00.59:936][  0]LogMeshUtilities: No automatic mesh merging module available
[2017.03.02-05.01.00:608][  0]LogNetVersion: GetLocalNetworkVersion: CL: 3299760, ProjectName: bananacollector, ProjectVersion: , EngineNetworkVersion: 2, GameNetworkVersion: 0, NetworkChecksum: 2521614572
[2017.03.02-05.01.00:698][  0]LogInit: WinSock: version 1.1 (2.2), MaxSocks=32767, MaxUdp=65467
[2017.03.02-05.01.01:756][  0]LogMoviePlayer: Initializing movie player
[2017.03.02-05.01.02:161][  0]LogTcpMessaging: Initializing TcpMessaging bridge
[2017.03.02-05.01.02:215][  0]LogUdpMessaging: Initializing bridge on interface 0.0.0.0:0 to multicast group 230.0.0.1:6666.
[2017.03.02-05.01.02:577][  0]SourceControl: Info Source control is disabled
[2017.03.02-05.01.02:577][  0]SourceControl: Info Source control is disabled
[2017.03.02-05.01.02:627][  0]SourceControl: Info Source control is disabled
[2017.03.02-05.01.03:361][  0]LogUObjectArray: 34390 objects as part of root set at end of initial load.
[2017.03.02-05.01.03:361][  0]LogUObjectAllocator: 7635864 out of 0 bytes used by permanent object pool.
[2017.03.02-05.01.03:361][  0]LogUObjectArray: CloseDisregardForGC: 0/0 objects in disregard for GC pool
[2017.03.02-05.01.03:474][  0]LogEngine: Initializing Engine...
[2017.03.02-05.01.03:474][  0]LogHMD: Failed to initialize OpenVR with code 110
[2017.03.02-05.01.03:584][  0]LogInit: XAudio2 using 'Speakers (Realtek High Definition Audio)' : 2 channels at 48 kHz using 32 bits per sample (channel mask 0x3)
[2017.03.02-05.01.03:595][  0]LogInit: FAudioDevice initialized.
[2017.03.02-05.01.03:613][  0]LogInit: Texture streaming: Enabled
[2017.03.02-05.01.03:626][  0]LogMaterial: Uniform references updated for custom material expression Custom.
[2017.03.02-05.01.03:980][  0]LogInit:Display: Game Engine Initialized.
[2017.03.02-05.01.04:184][  0]LogInit:Display: Starting Game.
[2017.03.02-05.01.04:184][  0]LogNet: Browse: /Temp/Autosaves/Game/BananaCollector/Maps/UEDPCTutorialMap?Name=Player
[2017.03.02-05.01.04:185][  0]LogLoad: LoadMap: /Temp/Autosaves/Game/BananaCollector/Maps/UEDPCTutorialMap?Name=Player
[2017.03.02-05.01.04:206][  0]LogMemory: Platform Memory Stats for Windows
[2017.03.02-05.01.04:206][  0]LogMemory: Process Physical Memory: 655.70 MB used, 683.76 MB peak
[2017.03.02-05.01.04:206][  0]LogMemory: Process Virtual Memory: 726.91 MB used, 726.93 MB peak
[2017.03.02-05.01.04:206][  0]LogMemory: Physical Memory: 5706.59 MB used,  2378.59 MB free, 8085.18 MB total
[2017.03.02-05.01.04:206][  0]LogMemory: Virtual Memory: 1302.62 MB used,  2378.59 MB free, 134217728.00 MB total
[2017.03.02-05.01.04:206][  0]LogMemory: 
[2017.03.02-05.01.04:206][  0]Allocator Stats for TBB: (not implemented)
[2017.03.02-05.01.04:504][  0]LogAIModule: Creating AISystem for world TutorialMap
[2017.03.02-05.01.04:504][  0]LogLoad: Game class is 'GM_Tutorial_C'
[2017.03.02-05.01.04:508][  0]LogWorld: Bringing World /Temp/Autosaves/Game/BananaCollector/Maps/UEDPCTutorialMap.TutorialMap up for play (max tick rate 0) at 2017.03.02-18.01.04
[2017.03.02-05.01.04:508][  0]LogWorld: Bringing up level for play took: 0.001861
[2017.03.02-05.01.04:509][  0]LogLoad: Took 0.324178 seconds to LoadMap(/Temp/Autosaves/Game/BananaCollector/Maps/UEDPCTutorialMap)
[2017.03.02-05.01.04:732][  0]LogRenderer: Reallocating scene render targets to support 1280x720 NumSamples 1 (Frame:2).
[2017.03.02-05.01.04:732][  0]LogLoad: (Engine Initialization) Total time: 16.09 seconds
[2017.03.02-05.01.04:732][  0]LogLoad: (Engine Initialization) Total Blueprint compile time: 0.16 seconds
[2017.03.02-05.01.04:732][  0]LogExternalProfiler: Found external profiler: VSPerf
[2017.03.02-05.01.04:732][  0]LogExternalProfiler: Using external profiler: VSPerf
[2017.03.02-05.01.04:750][  0]LogOcInput: OculusInput pre-init called
[2017.03.02-05.01.12:123][455]LogWindowsTextInputMethodSystem:Display: IME system now deactivated.
[2017.03.02-05.01.12:123][455]LogWindowsTextInputMethodSystem:Display: IME system now deactivated.
[2017.03.02-05.01.12:126][455]LogEngine: All Windows Closed
[2017.03.02-05.01.12:126][455]LogWindows: FPlatformMisc::RequestExit(0)
[2017.03.02-05.01.12:126][456]LogMoviePlayer: Shutting down movie player
[2017.03.02-05.01.12:480][456]LogExit: Preparing to exit.
[2017.03.02-05.01.13:363][456]LogExit: Game engine shut down
[2017.03.02-05.01.13:454][456]LogObj: Freed 0b from 0 cluster array pools.
[2017.03.02-05.01.13:454][456]LogExit: Object subsystem successfully closed.
[2017.03.02-05.01.13:476][456]LogD3D11RHI: Shutdown
[2017.03.02-05.01.13:476][456]LogD3D11RHI: CleanupD3DDevice
[2017.03.02-05.01.13:513][456]LogD3D11RHI: ~FD3D11DynamicRHI
[2017.03.02-05.01.13:532][456]LogModuleManager: Shutting down and abandoning module SequenceRecorderSections (262)
[2017.03.02-05.01.13:532][456]LogModuleManager: Shutting down and abandoning module SequenceRecorder (260)
[2017.03.02-05.01.13:533][456]LogModuleManager: Shutting down and abandoning module AutomationController (258)
[2017.03.02-05.01.13:534][456]LogModuleManager: Shutting down and abandoning module AutomationWorker (256)
[2017.03.02-05.01.13:534][456]LogModuleManager: Shutting down and abandoning module AIModule (254)
[2017.03.02-05.01.13:534][456]LogModuleManager: Shutting down and abandoning module GameplayDebugger (253)
[2017.03.02-05.01.13:534][456]LogModuleManager: Shutting down and abandoning module AITestSuite (251)
[2017.03.02-05.01.13:534][456]LogModuleManager: Shutting down and abandoning module WmfMediaFactory (248)
[2017.03.02-05.01.13:534][456]LogModuleManager: Shutting down and abandoning module MfMediaFactory (246)
[2017.03.02-05.01.13:534][456]LogModuleManager: Shutting down and abandoning module AvfMediaFactory (244)
[2017.03.02-05.01.13:534][456]LogModuleManager: Shutting down and abandoning module AndroidMediaFactory (242)
[2017.03.02-05.01.13:534][456]LogModuleManager: Shutting down and abandoning module Media (241)
[2017.03.02-05.01.13:534][456]LogModuleManager: Shutting down and abandoning module CharacterAI (238)
[2017.03.02-05.01.13:534][456]LogModuleManager: Shutting down and abandoning module SessionServices (236)
[2017.03.02-05.01.13:534][456]LogModuleManager: Shutting down and abandoning module MovieSceneCapture (234)
[2017.03.02-05.01.13:534][456]LogModuleManager: Shutting down and abandoning module GeometryCache (232)
[2017.03.02-05.01.13:534][456]LogModuleManager: Shutting down and abandoning module GeometryCacheEd (231)
[2017.03.02-05.01.13:534][456]LogModuleManager: Shutting down and abandoning module Niagara (228)
[2017.03.02-05.01.13:534][456]LogModuleManager: Shutting down and abandoning module StreamingPauseRendering (226)
[2017.03.02-05.01.13:534][456]LogModuleManager: Shutting down and abandoning module PortalServices (224)
[2017.03.02-05.01.13:534][456]LogModuleManager: Shutting down and abandoning module PortalRpc (222)
[2017.03.02-05.01.13:534][456]LogModuleManager: Shutting down and abandoning module MessagingRpc (220)
[2017.03.02-05.01.13:534][456]LogModuleManager: Shutting down and abandoning module ProfilerService (218)
[2017.03.02-05.01.13:695][456]LogModuleManager: Shutting down and abandoning module TaskGraph (216)
[2017.03.02-05.01.13:697][456]LogModuleManager: Shutting down and abandoning module SteamVRController (214)
[2017.03.02-05.01.13:697][456]LogModuleManager: Shutting down and abandoning module SteamVR (212)
[2017.03.02-05.01.13:697][456]LogModuleManager: Shutting down and abandoning module ProceduralMeshComponent (210)
[2017.03.02-05.01.13:698][456]LogModuleManager: Shutting down and abandoning module OculusLibrary (208)
[2017.03.02-05.01.13:698][456]LogModuleManager: Shutting down and abandoning module OculusInput (206)
[2017.03.02-05.01.13:698][456]LogModuleManager: Shutting down and abandoning module MobilePatchingUtils (204)
[2017.03.02-05.01.13:698][456]LogModuleManager: Shutting down and abandoning module CustomMeshComponent (202)
[2017.03.02-05.01.13:698][456]LogModuleManager: Shutting down and abandoning module CableComponent (200)
[2017.03.02-05.01.13:698][456]LogModuleManager: Shutting down and abandoning module ArchVisCharacter (198)
[2017.03.02-05.01.13:698][456]LogModuleManager: Shutting down and abandoning module HTML5Networking (194)
[2017.03.02-05.01.13:698][456]LogModuleManager: Shutting down and abandoning module VisualStudioSourceCodeAccess (192)
[2017.03.02-05.01.13:698][456]LogModuleManager: Shutting down and abandoning module DesktopPlatform (191)
[2017.03.02-05.01.13:698][456]LogModuleManager: Shutting down and abandoning module HotReload (189)
[2017.03.02-05.01.13:698][456]LogModuleManager: Shutting down and abandoning module DirectoryWatcher (188)
[2017.03.02-05.01.13:698][456]LogModuleManager: Shutting down and abandoning module UObjectPlugin (184)
[2017.03.02-05.01.13:698][456]LogModuleManager: Shutting down and abandoning module SubversionSourceControl (182)
[2017.03.02-05.01.13:698][456]LogModuleManager: Shutting down and abandoning module PerforceSourceControl (180)
[2017.03.02-05.01.13:699][456]LogModuleManager: Shutting down and abandoning module SourceControl (179)
[2017.03.02-05.01.13:700][456]LogModuleManager: Shutting down and abandoning module PhysXVehiclesEditor (176)
[2017.03.02-05.01.13:700][456]LogModuleManager: Shutting down and abandoning module PhysXVehicles (174)
[2017.03.02-05.01.13:700][456]LogModuleManager: Shutting down and abandoning module LocationServicesBPLibrary (172)
[2017.03.02-05.01.13:700][456]LogModuleManager: Shutting down and abandoning module UdpMessaging (170)
[2017.03.02-05.01.13:800][456]LogModuleManager: Shutting down and abandoning module TcpMessaging (168)
