Log file open, 03/05/17 11:03:39
LogInit:Display: Running engine for game: BananaCollector
LogPlatformFile: Not using cached read wrapper
LogInit:Display: RandInit(-37144092) SRandInit(-37144092).
LogTaskGraph: Started task graph with 5 named threads and 8 total threads with 1 sets of task threads.
LogStats: Stats thread started at 0.107242
LogInit: Using libcurl 7.47.1
LogInit:  - built for x86_64-pc-win32
LogInit:  - supports SSL with OpenSSL/1.0.2g
LogInit:  - supports HTTP deflate (compression) using libz 1.2.8
LogInit:  - other features:
LogInit:      CURL_VERSION_SSL
LogInit:      CURL_VERSION_LIBZ
LogInit:      CURL_VERSION_IPV6
LogInit:      CURL_VERSION_ASYNCHDNS
LogInit:      CURL_VERSION_LARGEFILE
LogInit:      CURL_VERSION_IDN
LogInit:  CurlRequestOptions (configurable via config and command line):
LogInit:  - bVerifyPeer = false  - Libcurl will NOT verify peer certificate
LogInit:  - bUseHttpProxy = false  - Libcurl will NOT use HTTP proxy
LogInit:  - bDontReuseConnections = false  - Libcurl will reuse connections
LogInit:  - CertBundlePath = nullptr  - Libcurl will use whatever was configured at build time.
LogInit: Build: ++UE4+Release-4.15-CL-3299760
LogInit: Engine Version: 4.15.0-3299760+++UE4+Release-4.15
LogInit: Compatible Engine Version: 4.15.0-3299760+++UE4+Release-4.15
LogInit: Net CL: 3299760
LogDevObjectVersion: Number of dev versions registered: 14
LogDevObjectVersion:   Dev-Blueprints (B0D832E4-1F89-4F0D-ACCF-7EB736FD4AA2): 8
LogDevObjectVersion:   Dev-Build (E1C64328-A22C-4D53-A36C-8E866417BD8C): 0
LogDevObjectVersion:   Dev-Core (375EC13C-06E4-48FB-B500-84F0262A717E): 2
LogDevObjectVersion:   Dev-Editor (E4B068ED-F494-42E9-A231-DA0B2E46BB41): 14
LogDevObjectVersion:   Dev-Framework (CFFC743F-43B0-4480-9391-14DF171D2073): 22
LogDevObjectVersion:   Dev-Mobile (B02B49B5-BB20-44E9-A304-32B752E40360): 0
LogDevObjectVersion:   Dev-Networking (A4E4105C-59A1-49B5-A7C5-40C4547EDFEE): 0
LogDevObjectVersion:   Dev-Online (39C831C9-5AE6-47DC-9A44-9C173E1C8E7C): 0
LogDevObjectVersion:   Dev-Physics (78F01B33-EBEA-4F98-B9B4-84EACCB95AA2): 0
LogDevObjectVersion:   Dev-Platform (6631380F-2D4D-43E0-8009-CF276956A95A): 0
LogDevObjectVersion:   Dev-Rendering (12F88B9F-8875-4AFC-A67C-D90C383ABD29): 12
LogDevObjectVersion:   Dev-Sequencer (7B5AE74C-D270-4C10-A958-57980B212A5A): 3
LogDevObjectVersion:   Dev-VR (D7296918-1DD6-4BDD-9DE2-64A83CC13884): 0
LogDevObjectVersion:   Dev-LoadTimes (C2A15278-BFE7-4AFE-6C17-90FF531DF755): 1
LogInit: Compiled (64-bit): Feb 14 2017 02:04:14
LogInit: Compiled with Visual C++: 19.00.23026.00
LogInit: Build Configuration: Development
LogInit: Branch Name: ++UE4+Release-4.15
LogInit: Command line:  
LogInit: Base directory: C:/Program Files/Epic Games/UE_4.15/Engine/Binaries/Win64/
LogInit: Installed Engine Build: 1
LogInit: Presizing for max 8388607 objects, including 0 objects not considered by GC, pre-allocating 0 bytes for permanent pool.
LogInit: Object subsystem initialized
[2017.03.04-22.03.40:616][  0]LogInit: Selected Device Profile: [Windows]
[2017.03.04-22.03.40:616][  0]LogInit: Applying CVar settings loaded from the selected device profile: [Windows]
[2017.03.04-22.03.40:689][  0]LogInit: Computer: DESKTOP-VB28MJU
[2017.03.04-22.03.40:689][  0]LogInit: User: Tommy
[2017.03.04-22.03.40:689][  0]LogInit: CPU Page size=65536, Cores=4
[2017.03.04-22.03.40:689][  0]LogInit: High frequency timer resolution =3.312789 MHz
[2017.03.04-22.03.40:690][  0]LogMemory: Memory total: Physical=7.9GB (8GB approx)
[2017.03.04-22.03.40:690][  0]LogMemory: Platform Memory Stats for Windows
[2017.03.04-22.03.40:690][  0]LogMemory: Process Physical Memory: 263.89 MB used, 263.89 MB peak
[2017.03.04-22.03.40:690][  0]LogMemory: Process Virtual Memory: 262.57 MB used, 262.57 MB peak
[2017.03.04-22.03.40:690][  0]LogMemory: Physical Memory: 4276.31 MB used,  3808.87 MB free, 8085.18 MB total
[2017.03.04-22.03.40:690][  0]LogMemory: Virtual Memory: 644.23 MB used,  3808.87 MB free, 134217728.00 MB total
[2017.03.04-22.03.41:050][  0]LogTextLocalizationManager: No specific translations for ('en-AU') exist, so ('en') translations will be used.
[2017.03.04-22.03.43:208][  0]LogD3D11RHI: D3D11 adapters:
[2017.03.04-22.03.43:234][  0]LogD3D11RHI:    0. 'NVIDIA GeForce GTX 960' (Feature Level 11_0)
[2017.03.04-22.03.43:234][  0]LogD3D11RHI:       2016/0/4042 MB DedicatedVideo/DedicatedSystem/SharedSystem, Outputs:1, VendorId:0x10de
[2017.03.04-22.03.43:237][  0]LogD3D11RHI:    1. 'Intel(R) HD Graphics 4000' (Feature Level 11_0)
[2017.03.04-22.03.43:237][  0]LogD3D11RHI:       32/0/1760 MB DedicatedVideo/DedicatedSystem/SharedSystem, Outputs:0, VendorId:0x8086
[2017.03.04-22.03.43:238][  0]LogD3D11RHI:    2. 'Microsoft Basic Render Driver' (Feature Level 11_0)
[2017.03.04-22.03.43:238][  0]LogD3D11RHI:       0/0/4042 MB DedicatedVideo/DedicatedSystem/SharedSystem, Outputs:0, VendorId:0x1414
[2017.03.04-22.03.43:238][  0]LogD3D11RHI: Chosen D3D11 Adapter: 0
[2017.03.04-22.03.43:243][  0]LogD3D11RHI: Creating new Direct3DDevice
[2017.03.04-22.03.43:244][  0]LogD3D11RHI:     GPU DeviceId: 0x1401 (for the marketing name, search the web for "GPU Device Id")
[2017.03.04-22.03.43:244][  0]LogWindows: EnumDisplayDevices:
[2017.03.04-22.03.43:244][  0]LogWindows:    0. 'NVIDIA GeForce GTX 960' (P:1 D:1)
[2017.03.04-22.03.43:244][  0]LogWindows:    1. 'NVIDIA GeForce GTX 960' (P:0 D:0)
[2017.03.04-22.03.43:244][  0]LogWindows:    2. 'NVIDIA GeForce GTX 960' (P:0 D:0)
[2017.03.04-22.03.43:244][  0]LogWindows:    3. 'NVIDIA GeForce GTX 960' (P:0 D:0)
[2017.03.04-22.03.43:244][  0]LogWindows:    4. 'Intel(R) HD Graphics 4000' (P:0 D:0)
[2017.03.04-22.03.43:244][  0]LogWindows:    5. 'Intel(R) HD Graphics 4000' (P:0 D:0)
[2017.03.04-22.03.43:245][  0]LogWindows: DebugString: PrimaryIsNotTheChoosenAdapter PrimaryIsNotTheChoosenAdapter FoundDriverCount:4 
[2017.03.04-22.03.43:245][  0]LogD3D11RHI:     Adapter Name: NVIDIA GeForce GTX 960
[2017.03.04-22.03.43:245][  0]LogD3D11RHI:   Driver Version: 376.53 (internal:21.21.13.7653, unified:376.53)
[2017.03.04-22.03.43:245][  0]LogD3D11RHI:      Driver Date: 12-29-2016
[2017.03.04-22.03.43:245][  0]LogRHI: Texture pool is 1361 MB (70% of 1945 MB)
[2017.03.04-22.03.43:263][  0]LogD3D11RHI: Async texture creation enabled
[2017.03.04-22.03.43:299][  0]LogD3D11RHI: GPU Timing Frequency: 1000.000000 (Debug: 2 1)
[2017.03.04-22.03.43:356][  0]LogShaderCompilers: Guid format shader working directory is -43 characters bigger than the processId version (D:/OneDrive/Freelance/Ray Wenderlich/Unreal Engine 4 Blueprints Tutorial/BananaCollector/Intermediate/Shaders/WorkingDirectory/10900/).
[2017.03.04-22.03.43:356][  0]LogShaderCompilers: Cleaned the shader compiler working directory 'C:/Users/Tommy/AppData/Local/Temp/UnrealShaderWorkingDir/4450277E4DA90DA70365F0BD3E2EEFBF/'.
[2017.03.04-22.03.43:357][  0]LogShaderCompilers:Display: Using Local Shader Compiler.
[2017.03.04-22.03.45:643][  0]LogTemp:Display: Loaded TP AllDesktopTargetPlatform
[2017.03.04-22.03.45:702][  0]LogTemp:Display: Loaded TP MacClientTargetPlatform
[2017.03.04-22.03.45:761][  0]LogTemp:Display: Loaded TP MacNoEditorTargetPlatform
[2017.03.04-22.03.45:819][  0]LogTemp:Display: Loaded TP MacServerTargetPlatform
[2017.03.04-22.03.45:883][  0]LogTemp:Display: Loaded TP MacTargetPlatform
[2017.03.04-22.03.45:942][  0]LogTemp:Display: Loaded TP WindowsClientTargetPlatform
[2017.03.04-22.03.46:000][  0]LogTemp:Display: Loaded TP WindowsNoEditorTargetPlatform
[2017.03.04-22.03.46:058][  0]LogTemp:Display: Loaded TP WindowsServerTargetPlatform
[2017.03.04-22.03.46:106][  0]LogTemp:Display: Loaded TP WindowsTargetPlatform
[2017.03.04-22.03.46:166][  0]LogTemp:Display: Loaded TP AndroidTargetPlatform
[2017.03.04-22.03.46:223][  0]LogTemp:Display: Loaded TP Android_ASTCTargetPlatform
[2017.03.04-22.03.46:280][  0]LogTemp:Display: Loaded TP Android_ATCTargetPlatform
[2017.03.04-22.03.46:337][  0]LogTemp:Display: Loaded TP Android_DXTTargetPlatform
[2017.03.04-22.03.46:394][  0]LogTemp:Display: Loaded TP Android_ETC1TargetPlatform
[2017.03.04-22.03.46:451][  0]LogTemp:Display: Loaded TP Android_ETC2TargetPlatform
[2017.03.04-22.03.46:567][  0]LogTemp:Display: Loaded TP Android_MultiTargetPlatform
[2017.03.04-22.03.46:567][  0]LogTemp:Display: Loaded TP Android_PVRTCTargetPlatform
[2017.03.04-22.03.46:607][  0]LogTemp:Display: Loaded TP HTML5TargetPlatform
[2017.03.04-22.03.46:733][  0]LogTemp:Display: Loaded TP IOSTargetPlatform
[2017.03.04-22.03.46:772][  0]LogTemp:Display: Loaded TP TVOSTargetPlatform
[2017.03.04-22.03.46:828][  0]LogTemp:Display: Loaded TP LinuxClientTargetPlatform
[2017.03.04-22.03.46:885][  0]LogTemp:Display: Loaded TP LinuxNoEditorTargetPlatform
[2017.03.04-22.03.46:941][  0]LogTemp:Display: Loaded TP LinuxServerTargetPlatform
[2017.03.04-22.03.47:003][  0]LogTemp:Display: Loaded TP LinuxTargetPlatform
[2017.03.04-22.03.47:003][  0]LogTargetPlatformManager:Display: Building Assets For Windows
[2017.03.04-22.03.47:737][  0]LogDerivedDataCache:Display: Max Cache Size: 512 MB
[2017.03.04-22.03.48:099][  0]LogDerivedDataCache: Loaded boot cache 0.36s 50MB C:/Users/Tommy/AppData/Local/UnrealEngine/4.15/DerivedDataCache/Boot.ddc.
[2017.03.04-22.03.48:099][  0]LogDerivedDataCache:Display: Loaded Boot cache: C:/Users/Tommy/AppData/Local/UnrealEngine/4.15/DerivedDataCache/Boot.ddc
[2017.03.04-22.03.48:099][  0]LogDerivedDataCache: FDerivedDataBackendGraph:  Pak pak cache file D:/OneDrive/Freelance/Ray Wenderlich/Unreal Engine 4 Blueprints Tutorial/BananaCollector/DerivedDataCache/DDC.ddp not found, will not use a pak cache.
[2017.03.04-22.03.48:099][  0]LogDerivedDataCache: Unable to find inner node Pak for hierarchical cache Hierarchy.
[2017.03.04-22.03.48:099][  0]LogDerivedDataCache: FDerivedDataBackendGraph:  CompressedPak pak cache file D:/OneDrive/Freelance/Ray Wenderlich/Unreal Engine 4 Blueprints Tutorial/BananaCollector/DerivedDataCache/Compressed.ddp not found, will not use a pak cache.
[2017.03.04-22.03.48:099][  0]LogDerivedDataCache: Unable to find inner node CompressedPak for hierarchical cache Hierarchy.
[2017.03.04-22.03.48:127][  0]LogDerivedDataCache:Display: Pak cache opened for reading ../../../Engine/DerivedDataCache/Compressed.ddp.
[2017.03.04-22.03.48:140][  0]LogDerivedDataCache: Using Local data cache path C:/Users/Tommy/AppData/Local/UnrealEngine/Common/DerivedDataCache: Writable
[2017.03.04-22.03.48:161][  0]LogSlate: Using Freetype 2.6.0
[2017.03.04-22.03.48:176][  0]LogSlate: SlateFontCache - WITH_FREETYPE: 1, WITH_HARFBUZZ: 1
[2017.03.04-22.03.48:176][  0]LogSlate: SlateFontCache - WITH_FREETYPE: 1, WITH_HARFBUZZ: 1
[2017.03.04-22.03.51:067][  0]LogInit: Selected Device Profile: [Windows]
[2017.03.04-22.03.51:078][  0]LogContentStreaming: Texture pool size is 0.00 MB
[2017.03.04-22.03.51:350][  0]LogMeshUtilities: Using QuadricMeshReduction for automatic static mesh reduction
[2017.03.04-22.03.51:408][  0]LogSimplygon: Simplygon DLL not present - disabling.
[2017.03.04-22.03.51:460][  0]LogMeshUtilities: Using SimplygonSwarm for distributed automatic mesh merging
[2017.03.04-22.03.51:460][  0]LogMeshUtilities: No automatic skeletal mesh reduction module available
[2017.03.04-22.03.51:460][  0]LogMeshUtilities: No automatic mesh merging module available
[2017.03.04-22.03.52:844][  0]LogNetVersion: GetLocalNetworkVersion: CL: 3299760, ProjectName: bananacollector, ProjectVersion: , EngineNetworkVersion: 2, GameNetworkVersion: 0, NetworkChecksum: 2521614572
[2017.03.04-22.03.52:906][  0]LogAssetRegistry: FAssetRegistry took 0.0242 seconds to start up
[2017.03.04-22.03.52:960][  0]LogPackageLocalizationCache: Processed 3 localized package path(s) for 2 prioritized culture(s) in 0.027058 seconds
[2017.03.04-22.03.52:965][  0]LogUObjectArray: 32475 objects as part of root set at end of initial load.
[2017.03.04-22.03.52:965][  0]LogUObjectAllocator: 7073360 out of 0 bytes used by permanent object pool.
[2017.03.04-22.03.52:965][  0]LogUObjectArray: CloseDisregardForGC: 0/0 objects in disregard for GC pool
[2017.03.04-22.03.53:037][  0]LogInit: WinSock: version 1.1 (2.2), MaxSocks=32767, MaxUdp=65467
[2017.03.04-22.03.56:115][  0]LogTcpMessaging: Initializing TcpMessaging bridge
[2017.03.04-22.03.56:159][  0]LogUdpMessaging: Initializing bridge on interface 0.0.0.0:0 to multicast group 230.0.0.1:6666.
[2017.03.04-22.03.56:784][  0]LogMaterial: Uniform references updated for custom material expression Custom.
[2017.03.04-22.03.57:298][  0]SourceControl: Info Source control is disabled
[2017.03.04-22.03.57:357][  0]SourceControl: Info Source control is disabled
[2017.03.04-22.03.57:412][  0]SourceControl: Info Source control is disabled
[2017.03.04-22.03.57:462][  0]SourceControl: Info Source control is disabled
[2017.03.04-22.03.58:922][  0]LogEngine: Initializing Engine...
[2017.03.04-22.03.58:924][  0]LogHMD: Failed to initialize OpenVR with code 110
[2017.03.04-22.03.59:302][  0]LogAIModule: Creating AISystem for world Untitled
[2017.03.04-22.03.59:322][  0]LogInit: XAudio2 using 'Speakers (Realtek High Definition Audio)' : 2 channels at 48 kHz using 32 bits per sample (channel mask 0x3)
[2017.03.04-22.03.59:335][  0]LogInit: FAudioDevice initialized.
[2017.03.04-22.03.59:357][  0]LogDerivedDataCache: Saved boot cache 0.02s 50MB C:/Users/Tommy/AppData/Local/UnrealEngine/4.15/DerivedDataCache/Boot.ddc.
[2017.03.04-22.03.59:365][  0]LogInit: Texture streaming: Enabled
[2017.03.04-22.03.59:469][  0]LogEngineSessionManager: EngineSessionManager initialized
[2017.03.04-22.03.59:623][  0]LogInit: Transaction tracking system initialized
[2017.03.04-22.04.00:251][  0]BlueprintLog: New page: Editor Load
[2017.03.04-22.04.01:287][  0]LocalizationService: Info Localization service is disabled
[2017.03.04-22.04.02:310][  0]LogConsoleResponse:Display: 
[2017.03.04-22.04.02:704][  0]LogFileCache: Scanning file cache for directory 'D:/OneDrive/Freelance/Ray Wenderlich/Unreal Engine 4 Blueprints Tutorial/BananaCollector/Content/' took 0.02s
[2017.03.04-22.04.02:704][  0]LogCook:Display: Max memory allowance for cook 16384mb min free memory 0mb
[2017.03.04-22.04.02:704][  0]LogCook:Display: Mobile HDR setting 1
[2017.03.04-22.04.03:974][  0]SourceControl: Info Source control is disabled
[2017.03.04-22.04.03:978][  0]Cmd: MAP LOAD FILE="D:/OneDrive/Freelance/Ray Wenderlich/Unreal Engine 4 Blueprints Tutorial/BananaCollector/Content/BananaCollector/Maps/TutorialMap.umap" TEMPLATE=0 SHOWPROGRESS=1 FEATURELEVEL=3
[2017.03.04-22.04.03:979][  0]LightingResults: New page: Lighting Build
[2017.03.04-22.04.04:027][  0]MapCheck: New page: Map Check
[2017.03.04-22.04.04:027][  0]LightingResults: New page: Lighting Build
[2017.03.04-22.04.04:537][  0]LogAIModule: Creating AISystem for world TutorialMap
[2017.03.04-22.04.04:573][  0]LogEditorServer: Finished looking for orphan Actors (0.000 secs)
[2017.03.04-22.04.04:575][  0]Cmd: MAP CHECKDEP NOCLEARLOG
[2017.03.04-22.04.04:616][  0]MapCheck: Info Map check complete: 0 Error(s), 0 Warning(s), took 40.735ms to complete.
[2017.03.04-22.04.04:616][  0]LogFileHelpers: Loading map 'TutorialMap' took 0.640
[2017.03.04-22.04.04:943][  0]LogCollectionManager: Loaded 0 collections in 0.001862 seconds
[2017.03.04-22.04.05:048][  0]LogFileCache: Scanning file cache for directory 'D:/OneDrive/Freelance/Ray Wenderlich/Unreal Engine 4 Blueprints Tutorial/BananaCollector/Saved/Collections/' took 0.01s
[2017.03.04-22.04.05:049][  0]LogFileCache: Scanning file cache for directory 'D:/OneDrive/Freelance/Ray Wenderlich/Unreal Engine 4 Blueprints Tutorial/BananaCollector/Content/Developers/Tommy/Collections/' took 0.01s
[2017.03.04-22.04.05:049][  0]LogFileCache: Scanning file cache for directory 'D:/OneDrive/Freelance/Ray Wenderlich/Unreal Engine 4 Blueprints Tutorial/BananaCollector/Content/Collections/' took 0.01s
[2017.03.04-22.04.05:049][  0]LogCollectionManager: Rebuilt the GUID cache for 0 collections in 0.000003 seconds
[2017.03.04-22.04.05:060][  0]LogContentBrowser: Native class hierarchy populated in 0.0093 seconds. Added 2244 classes and 450 folders.
[2017.03.04-22.04.05:066][  0]LogStats: UGameplayTagsManager::ConstructGameplayTagTree: Construct from data asset -  0.000 s
[2017.03.04-22.04.05:066][  0]LogStats: UGameplayTagsManager::ConstructGameplayTagTree: GameplayTagTreeChangedEvent.Broadcast -  0.000 s
[2017.03.04-22.04.05:134][  0]LogContentBrowser: Native class hierarchy updated for 'WidgetCarousel' in 0.0005 seconds. Added 0 classes and 0 folders.
[2017.03.04-22.04.05:459][  0]LogContentBrowser: Native class hierarchy updated for 'AddContentDialog' in 0.0005 seconds. Added 0 classes and 0 folders.
[2017.03.04-22.04.05:510][  0]LogContentBrowser: Native class hierarchy updated for 'SceneOutliner' in 0.0005 seconds. Added 1 classes and 2 folders.
[2017.03.04-22.04.05:698][  0]LogCrashTracker: Crashtracker disabled due to settings.
[2017.03.04-22.04.05:710][  0]LogUObjectGlobals:Warning: Failed to find object 'Class None.'
[2017.03.04-22.04.05:783][  0]LogContentBrowser: Native class hierarchy updated for 'HierarchicalLODOutliner' in 0.0005 seconds. Added 1 classes and 2 folders.
[2017.03.04-22.04.05:783][  0]LogLoad: (Engine Initialization) Total time: 29.03 seconds
[2017.03.04-22.04.05:783][  0]LogLoad: (Engine Initialization) Total Blueprint compile time: 0.17 seconds
[2017.03.04-22.04.05:783][  0]LogExternalProfiler: Found external profiler: VSPerf
[2017.03.04-22.04.05:783][  0]LogExternalProfiler: Using external profiler: VSPerf
[2017.03.04-22.04.06:128][  0]LogOcInput: OculusInput pre-init called
[2017.03.04-22.04.06:156][  0]LogContentStreaming: Texture pool size now 600 MB
[2017.03.04-22.04.06:168][  0]LogSlate: Took 0.007078 seconds to synchronously load lazily loaded font '../../../Engine/Content/Slate/Fonts/Roboto-Regular.ttf' (155K)
[2017.03.04-22.04.06:176][  0]LogSlate: Took 0.004682 seconds to synchronously load lazily loaded font '../../../Engine/Content/Slate/Fonts/Roboto-Bold.ttf' (160K)
[2017.03.04-22.04.06:188][  0]LogSlate: Took 0.004929 seconds to synchronously load lazily loaded font '../../../Engine/Content/Editor/Slate/Fonts/FontAwesome.ttf' (139K)
[2017.03.04-22.04.06:455][  0]LogRenderer: Reallocating scene render targets to support 1208x616 NumSamples 1 (Frame:2).
[2017.03.04-22.04.06:455][  0]LogSlate: Took 0.005353 seconds to synchronously load lazily loaded font '../../../Engine/Content/Slate/Fonts/Roboto-Light.ttf' (159K)
[2017.03.04-22.04.06:520][  1]LogAssetRegistry: Asset discovery search completed in 13.6370 seconds
[2017.03.04-22.04.06:520][  1]LogCollectionManager: Rebuilt the object cache for 0 collections in 0.000005 seconds (found 0 objects)
[2017.03.04-22.04.06:520][  1]LogCollectionManager: Fixed up redirectors for 0 collections in 0.000381 seconds (updated 0 objects)
[2017.03.04-22.04.07:188][  3]LogSlate: Took 0.000249 seconds to synchronously load lazily loaded font '../../../Engine/Content/Slate/Fonts/Roboto-Light.ttf' (159K)
[2017.03.04-22.09.22:148][135]LogTemp: Repeting last play command: New Editor Window (PIE)
[2017.03.04-22.09.22:160][135]LogBlueprintUserMessages: Early PlayInEditor Detection: Level '/Game/BananaCollector/Maps/TutorialMap.TutorialMap:PersistentLevel' has LevelScriptBlueprint '/Game/BananaCollector/Maps/TutorialMap.TutorialMap:PersistentLevel.TutorialMap' with GeneratedClass '/Game/BananaCollector/Maps/TutorialMap.TutorialMap_C' with ClassGeneratedBy '/Game/BananaCollector/Maps/TutorialMap.TutorialMap:PersistentLevel.TutorialMap'
[2017.03.04-22.09.22:160][135]LogPlayLevel: PlayLevel: No blueprints needed recompiling
[2017.03.04-22.09.22:162][135]PIE: New page: PIE session: TutorialMap (6 Mar 2017 12:09:22 am)
[2017.03.04-22.09.22:163][135]LogPlayLevel: Creating play world package: /Game/BananaCollector/Maps/UEDPIE_0_TutorialMap
[2017.03.04-22.09.22:166][135]LogPlayLevel: PIE: StaticDuplicateObject took: (0.003386s)
[2017.03.04-22.09.22:167][135]LogAIModule: Creating AISystem for world TutorialMap
[2017.03.04-22.09.22:167][135]LogPlayLevel: PIE: World Init took: (0.000657s)
[2017.03.04-22.09.22:167][135]LogPlayLevel: PIE: Created PIE world by copying editor world from /Game/BananaCollector/Maps/TutorialMap.TutorialMap to /Game/BananaCollector/Maps/UEDPIE_0_TutorialMap.TutorialMap (0.004555s)
[2017.03.04-22.09.22:185][135]LogInit: XAudio2 using 'Speakers (Realtek High Definition Audio)' : 2 channels at 48 kHz using 32 bits per sample (channel mask 0x3)
[2017.03.04-22.09.22:194][135]LogInit: FAudioDevice initialized.
[2017.03.04-22.09.22:251][135]LogLoad: Game class is 'GM_Tutorial_C'
[2017.03.04-22.09.22:256][135]LogWorld: Bringing World /Game/BananaCollector/Maps/UEDPIE_0_TutorialMap.TutorialMap up for play (max tick rate 0) at 2017.03.05-11.09.22
[2017.03.04-22.09.22:256][135]LogWorld: Bringing up level for play took: 0.001604
[2017.03.04-22.09.22:303][135]LogContentBrowser: Native class hierarchy updated for 'MovieSceneCapture' in 0.0006 seconds. Added 11 classes and 0 folders.
[2017.03.04-22.09.22:311][135]PIE: Info Play in editor start time for /Game/BananaCollector/Maps/UEDPIE_0_TutorialMap 0.651
[2017.03.04-22.09.22:312][135]LogBlueprintUserMessages: Late PlayInEditor Detection: Level '/Game/BananaCollector/Maps/TutorialMap.TutorialMap:PersistentLevel' has LevelScriptBlueprint '/Game/BananaCollector/Maps/TutorialMap.TutorialMap:PersistentLevel.TutorialMap' with GeneratedClass '/Game/BananaCollector/Maps/TutorialMap.TutorialMap_C' with ClassGeneratedBy '/Game/BananaCollector/Maps/TutorialMap.TutorialMap:PersistentLevel.TutorialMap'
[2017.03.04-22.09.22:362][135]LogRenderer: Reallocating scene render targets to support 1208x656 NumSamples 1 (Frame:189).
[2017.03.04-22.09.43:786][699]LogBlueprintUserMessages: Early EndPlayMap Detection: Level '/Game/BananaCollector/Maps/TutorialMap.TutorialMap:PersistentLevel' has LevelScriptBlueprint '/Game/BananaCollector/Maps/TutorialMap.TutorialMap:PersistentLevel.TutorialMap' with GeneratedClass '/Game/BananaCollector/Maps/TutorialMap.TutorialMap_C' with ClassGeneratedBy '/Game/BananaCollector/Maps/TutorialMap.TutorialMap:PersistentLevel.TutorialMap'
[2017.03.04-22.09.43:829][699]LogBlueprintUserMessages: Late EndPlayMap Detection: Level '/Game/BananaCollector/Maps/TutorialMap.TutorialMap:PersistentLevel' has LevelScriptBlueprint '/Game/BananaCollector/Maps/TutorialMap.TutorialMap:PersistentLevel.TutorialMap' with GeneratedClass '/Game/BananaCollector/Maps/TutorialMap.TutorialMap_C' with ClassGeneratedBy '/Game/BananaCollector/Maps/TutorialMap.TutorialMap:PersistentLevel.TutorialMap'
[2017.03.04-22.09.45:988][951]LogSlate: Took 0.000145 seconds to synchronously load lazily loaded font '../../../Engine/Content/Slate/Fonts/Roboto-Light.ttf' (159K)
[2017.03.04-22.09.46:586][951]LogContentBrowser: Native class hierarchy updated for 'BlueprintGraph' in 0.0009 seconds. Added 112 classes and 0 folders.
[2017.03.04-22.09.47:341][951]LogSlate: Took 0.000185 seconds to synchronously load lazily loaded font '../../../Engine/Content/Slate/Fonts/Roboto-Regular.ttf' (155K)
[2017.03.04-22.09.47:470][951]LogSlate: Took 0.004184 seconds to synchronously load lazily loaded font '../../../Engine/Content/Editor/Slate/Fonts/Roboto-BoldCondensed.ttf' (158K)
[2017.03.04-22.09.47:631][952]LogSlate: Took 0.004086 seconds to synchronously load lazily loaded font '../../../Engine/Content/Editor/Slate/Fonts/Roboto-Italic.ttf' (157K)
[2017.03.04-22.09.52:831][200]LogRenderer: Reallocating scene render targets to support 1248x712 NumSamples 1 (Frame:3350).
[2017.03.04-22.10.00:832][897]LogTemp: Repeting last play command: New Editor Window (PIE)
[2017.03.04-22.10.00:850][897]LogBlueprintUserMessages: Early PlayInEditor Detection: Level '/Game/BananaCollector/Maps/TutorialMap.TutorialMap:PersistentLevel' has LevelScriptBlueprint '/Game/BananaCollector/Maps/TutorialMap.TutorialMap:PersistentLevel.TutorialMap' with GeneratedClass '/Game/BananaCollector/Maps/TutorialMap.TutorialMap_C' with ClassGeneratedBy '/Game/BananaCollector/Maps/TutorialMap.TutorialMap:PersistentLevel.TutorialMap'
[2017.03.04-22.10.00:850][897]BlueprintLog: New page: Pre-Play auto-recompile
[2017.03.04-22.10.00:850][897]LogPlayLevel: [PlayLevel] Compiling BP_Player before play...
[2017.03.04-22.10.00:956][897]LogPlayLevel: PlayLevel: Blueprint regeneration took 105 ms (1 blueprints)
[2017.03.04-22.10.00:956][897]PIE: New page: PIE session: TutorialMap (6 Mar 2017 12:10:00 am)
[2017.03.04-22.10.00:956][897]LogPlayLevel: Creating play world package: /Game/BananaCollector/Maps/UEDPIE_0_TutorialMap
[2017.03.04-22.10.00:958][897]LogPlayLevel: PIE: StaticDuplicateObject took: (0.002104s)
[2017.03.04-22.10.00:959][897]LogAIModule: Creating AISystem for world TutorialMap
[2017.03.04-22.10.00:959][897]LogPlayLevel: PIE: World Init took: (0.000591s)
[2017.03.04-22.10.00:959][897]LogPlayLevel: PIE: Created PIE world by copying editor world from /Game/BananaCollector/Maps/TutorialMap.TutorialMap to /Game/BananaCollector/Maps/UEDPIE_0_TutorialMap.TutorialMap (0.002867s)
[2017.03.04-22.10.00:978][897]LogInit: XAudio2 using 'Speakers (Realtek High Definition Audio)' : 2 channels at 48 kHz using 32 bits per sample (channel mask 0x3)
[2017.03.04-22.10.00:986][897]LogInit: FAudioDevice initialized.
[2017.03.04-22.10.01:029][897]LogLoad: Game class is 'GM_Tutorial_C'
[2017.03.04-22.10.01:030][897]LogWorld: Bringing World /Game/BananaCollector/Maps/UEDPIE_0_TutorialMap.TutorialMap up for play (max tick rate 0) at 2017.03.05-11.10.01
[2017.03.04-22.10.01:031][897]LogWorld: Bringing up level for play took: 0.001124
[2017.03.04-22.10.01:037][897]PIE: Info Play in editor start time for /Game/BananaCollector/Maps/UEDPIE_0_TutorialMap -0.623
[2017.03.04-22.10.01:037][897]LogBlueprintUserMessages: Late PlayInEditor Detection: Level '/Game/BananaCollector/Maps/TutorialMap.TutorialMap:PersistentLevel' has LevelScriptBlueprint '/Game/BananaCollector/Maps/TutorialMap.TutorialMap:PersistentLevel.TutorialMap' with GeneratedClass '/Game/BananaCollector/Maps/TutorialMap.TutorialMap_C' with ClassGeneratedBy '/Game/BananaCollector/Maps/TutorialMap.TutorialMap:PersistentLevel.TutorialMap'
[2017.03.04-22.10.02:401][992]LogBlueprintUserMessages: Early EndPlayMap Detection: Level '/Game/BananaCollector/Maps/TutorialMap.TutorialMap:PersistentLevel' has LevelScriptBlueprint '/Game/BananaCollector/Maps/TutorialMap.TutorialMap:PersistentLevel.TutorialMap' with GeneratedClass '/Game/BananaCollector/Maps/TutorialMap.TutorialMap_C' with ClassGeneratedBy '/Game/BananaCollector/Maps/TutorialMap.TutorialMap:PersistentLevel.TutorialMap'
[2017.03.04-22.10.02:446][992]LogBlueprintUserMessages: Late EndPlayMap Detection: Level '/Game/BananaCollector/Maps/TutorialMap.TutorialMap:PersistentLevel' has LevelScriptBlueprint '/Game/BananaCollector/Maps/TutorialMap.TutorialMap:PersistentLevel.TutorialMap' with GeneratedClass '/Game/BananaCollector/Maps/TutorialMap.TutorialMap_C' with ClassGeneratedBy '/Game/BananaCollector/Maps/TutorialMap.TutorialMap:PersistentLevel.TutorialMap'
[2017.03.04-22.10.08:952][556]LogTemp: Repeting last play command: New Editor Window (PIE)
[2017.03.04-22.10.08:966][556]LogBlueprintUserMessages: Early PlayInEditor Detection: Level '/Game/BananaCollector/Maps/TutorialMap.TutorialMap:PersistentLevel' has LevelScriptBlueprint '/Game/BananaCollector/Maps/TutorialMap.TutorialMap:PersistentLevel.TutorialMap' with GeneratedClass '/Game/BananaCollector/Maps/TutorialMap.TutorialMap_C' with ClassGeneratedBy '/Game/BananaCollector/Maps/TutorialMap.TutorialMap:PersistentLevel.TutorialMap'
[2017.03.04-22.10.08:966][556]BlueprintLog: New page: Pre-Play auto-recompile
[2017.03.04-22.10.08:966][556]LogPlayLevel: [PlayLevel] Compiling BP_Player before play...
[2017.03.04-22.10.09:062][556]LogPlayLevel: PlayLevel: Blueprint regeneration took 95 ms (1 blueprints)
[2017.03.04-22.10.09:062][556]PIE: New page: PIE session: TutorialMap (6 Mar 2017 12:10:09 am)
[2017.03.04-22.10.09:062][556]LogPlayLevel: Creating play world package: /Game/BananaCollector/Maps/UEDPIE_0_TutorialMap
[2017.03.04-22.10.09:064][556]LogPlayLevel: PIE: StaticDuplicateObject took: (0.002034s)
[2017.03.04-22.10.09:064][556]LogAIModule: Creating AISystem for world TutorialMap
[2017.03.04-22.10.09:065][556]LogPlayLevel: PIE: World Init took: (0.000563s)
[2017.03.04-22.10.09:065][556]LogPlayLevel: PIE: Created PIE world by copying editor world from /Game/BananaCollector/Maps/TutorialMap.TutorialMap to /Game/BananaCollector/Maps/UEDPIE_0_TutorialMap.TutorialMap (0.002770s)
[2017.03.04-22.10.09:082][556]LogInit: XAudio2 using 'Speakers (Realtek High Definition Audio)' : 2 channels at 48 kHz using 32 bits per sample (channel mask 0x3)
[2017.03.04-22.10.09:090][556]LogInit: FAudioDevice initialized.
[2017.03.04-22.10.09:138][556]LogLoad: Game class is 'GM_Tutorial_C'
[2017.03.04-22.10.09:139][556]LogWorld: Bringing World /Game/BananaCollector/Maps/UEDPIE_0_TutorialMap.TutorialMap up for play (max tick rate 0) at 2017.03.05-11.10.09
[2017.03.04-22.10.09:140][556]LogWorld: Bringing up level for play took: 0.001101
[2017.03.04-22.10.09:146][556]PIE: Info Play in editor start time for /Game/BananaCollector/Maps/UEDPIE_0_TutorialMap -0.513
[2017.03.04-22.10.09:147][556]LogBlueprintUserMessages: Late PlayInEditor Detection: Level '/Game/BananaCollector/Maps/TutorialMap.TutorialMap:PersistentLevel' has LevelScriptBlueprint '/Game/BananaCollector/Maps/TutorialMap.TutorialMap:PersistentLevel.TutorialMap' with GeneratedClass '/Game/BananaCollector/Maps/TutorialMap.TutorialMap_C' with ClassGeneratedBy '/Game/BananaCollector/Maps/TutorialMap.TutorialMap:PersistentLevel.TutorialMap'
[2017.03.04-22.10.12:502][817]LogBlueprintUserMessages: Early EndPlayMap Detection: Level '/Game/BananaCollector/Maps/TutorialMap.TutorialMap:PersistentLevel' has LevelScriptBlueprint '/Game/BananaCollector/Maps/TutorialMap.TutorialMap:PersistentLevel.TutorialMap' with GeneratedClass '/Game/BananaCollector/Maps/TutorialMap.TutorialMap_C' with ClassGeneratedBy '/Game/BananaCollector/Maps/TutorialMap.TutorialMap:PersistentLevel.TutorialMap'
[2017.03.04-22.10.12:548][817]LogBlueprintUserMessages: Late EndPlayMap Detection: Level '/Game/BananaCollector/Maps/TutorialMap.TutorialMap:PersistentLevel' has LevelScriptBlueprint '/Game/BananaCollector/Maps/TutorialMap.TutorialMap:PersistentLevel.TutorialMap' with GeneratedClass '/Game/BananaCollector/Maps/TutorialMap.TutorialMap_C' with ClassGeneratedBy '/Game/BananaCollector/Maps/TutorialMap.TutorialMap:PersistentLevel.TutorialMap'
[2017.03.04-22.10.22:083][668]LogTemp: Repeting last play command: New Editor Window (PIE)
[2017.03.04-22.10.22:097][668]LogBlueprintUserMessages: Early PlayInEditor Detection: Level '/Game/BananaCollector/Maps/TutorialMap.TutorialMap:PersistentLevel' has LevelScriptBlueprint '/Game/BananaCollector/Maps/TutorialMap.TutorialMap:PersistentLevel.TutorialMap' with GeneratedClass '/Game/BananaCollector/Maps/TutorialMap.TutorialMap_C' with ClassGeneratedBy '/Game/BananaCollector/Maps/TutorialMap.TutorialMap:PersistentLevel.TutorialMap'
[2017.03.04-22.10.22:097][668]BlueprintLog: New page: Pre-Play auto-recompile
[2017.03.04-22.10.22:097][668]LogPlayLevel: [PlayLevel] Compiling BP_Player before play...
[2017.03.04-22.10.22:192][668]LogPlayLevel: PlayLevel: Blueprint regeneration took 94 ms (1 blueprints)
[2017.03.04-22.10.22:192][668]PIE: New page: PIE session: TutorialMap (6 Mar 2017 12:10:22 am)
[2017.03.04-22.10.22:192][668]LogPlayLevel: Creating play world package: /Game/BananaCollector/Maps/UEDPIE_0_TutorialMap
[2017.03.04-22.10.22:194][668]LogPlayLevel: PIE: StaticDuplicateObject took: (0.002083s)
[2017.03.04-22.10.22:195][668]LogAIModule: Creating AISystem for world TutorialMap
[2017.03.04-22.10.22:195][668]LogPlayLevel: PIE: World Init took: (0.000564s)
[2017.03.04-22.10.22:195][668]LogPlayLevel: PIE: Created PIE world by copying editor world from /Game/BananaCollector/Maps/TutorialMap.TutorialMap to /Game/BananaCollector/Maps/UEDPIE_0_TutorialMap.TutorialMap (0.002820s)
[2017.03.04-22.10.22:212][668]LogInit: XAudio2 using 'Speakers (Realtek High Definition Audio)' : 2 channels at 48 kHz using 32 bits per sample (channel mask 0x3)
[2017.03.04-22.10.22:220][668]LogInit: FAudioDevice initialized.
[2017.03.04-22.10.22:264][668]LogLoad: Game class is 'GM_Tutorial_C'
[2017.03.04-22.10.22:266][668]LogWorld: Bringing World /Game/BananaCollector/Maps/UEDPIE_0_TutorialMap.TutorialMap up for play (max tick rate 0) at 2017.03.05-11.10.22
[2017.03.04-22.10.22:266][668]LogWorld: Bringing up level for play took: 0.001111
[2017.03.04-22.10.22:272][668]PIE: Info Play in editor start time for /Game/BananaCollector/Maps/UEDPIE_0_TutorialMap 0.613
[2017.03.04-22.10.22:273][668]LogBlueprintUserMessages: Late PlayInEditor Detection: Level '/Game/BananaCollector/Maps/TutorialMap.TutorialMap:PersistentLevel' has LevelScriptBlueprint '/Game/BananaCollector/Maps/TutorialMap.TutorialMap:PersistentLevel.TutorialMap' with GeneratedClass '/Game/BananaCollector/Maps/TutorialMap.TutorialMap_C' with ClassGeneratedBy '/Game/BananaCollector/Maps/TutorialMap.TutorialMap:PersistentLevel.TutorialMap'
[2017.03.04-22.10.26:059][963]LogBlueprintUserMessages: Early EndPlayMap Detection: Level '/Game/BananaCollector/Maps/TutorialMap.TutorialMap:PersistentLevel' has LevelScriptBlueprint '/Game/BananaCollector/Maps/TutorialMap.TutorialMap:PersistentLevel.TutorialMap' with GeneratedClass '/Game/BananaCollector/Maps/TutorialMap.TutorialMap_C' with ClassGeneratedBy '/Game/BananaCollector/Maps/TutorialMap.TutorialMap:PersistentLevel.TutorialMap'
[2017.03.04-22.10.26:104][963]LogBlueprintUserMessages: Late EndPlayMap Detection: Level '/Game/BananaCollector/Maps/TutorialMap.TutorialMap:PersistentLevel' has LevelScriptBlueprint '/Game/BananaCollector/Maps/TutorialMap.TutorialMap:PersistentLevel.TutorialMap' with GeneratedClass '/Game/BananaCollector/Maps/TutorialMap.TutorialMap_C' with ClassGeneratedBy '/Game/BananaCollector/Maps/TutorialMap.TutorialMap:PersistentLevel.TutorialMap'
[2017.03.04-22.10.32:583][515]LogTemp: Repeting last play command: New Editor Window (PIE)
[2017.03.04-22.10.32:596][515]LogBlueprintUserMessages: Early PlayInEditor Detection: Level '/Game/BananaCollector/Maps/TutorialMap.TutorialMap:PersistentLevel' has LevelScriptBlueprint '/Game/BananaCollector/Maps/TutorialMap.TutorialMap:PersistentLevel.TutorialMap' with GeneratedClass '/Game/BananaCollector/Maps/TutorialMap.TutorialMap_C' with ClassGeneratedBy '/Game/BananaCollector/Maps/TutorialMap.TutorialMap:PersistentLevel.TutorialMap'
[2017.03.04-22.10.32:596][515]BlueprintLog: New page: Pre-Play auto-recompile
[2017.03.04-22.10.32:596][515]LogPlayLevel: [PlayLevel] Compiling BP_Player before play...
[2017.03.04-22.10.32:689][515]LogPlayLevel: PlayLevel: Blueprint regeneration took 92 ms (1 blueprints)
[2017.03.04-22.10.32:689][515]PIE: New page: PIE session: TutorialMap (6 Mar 2017 12:10:32 am)
[2017.03.04-22.10.32:689][515]LogPlayLevel: Creating play world package: /Game/BananaCollector/Maps/UEDPIE_0_TutorialMap
[2017.03.04-22.10.32:691][515]LogPlayLevel: PIE: StaticDuplicateObject took: (0.002131s)
[2017.03.04-22.10.32:692][515]LogAIModule: Creating AISystem for world TutorialMap
[2017.03.04-22.10.32:692][515]LogPlayLevel: PIE: World Init took: (0.000566s)
[2017.03.04-22.10.32:692][515]LogPlayLevel: PIE: Created PIE world by copying editor world from /Game/BananaCollector/Maps/TutorialMap.TutorialMap to /Game/BananaCollector/Maps/UEDPIE_0_TutorialMap.TutorialMap (0.002863s)
[2017.03.04-22.10.32:709][515]LogInit: XAudio2 using 'Speakers (Realtek High Definition Audio)' : 2 channels at 48 kHz using 32 bits per sample (channel mask 0x3)
[2017.03.04-22.10.32:717][515]LogInit: FAudioDevice initialized.
[2017.03.04-22.10.32:758][515]LogLoad: Game class is 'GM_Tutorial_C'
[2017.03.04-22.10.32:760][515]LogWorld: Bringing World /Game/BananaCollector/Maps/UEDPIE_0_TutorialMap.TutorialMap up for play (max tick rate 0) at 2017.03.05-11.10.32
[2017.03.04-22.10.32:760][515]LogWorld: Bringing up level for play took: 0.001108
[2017.03.04-22.10.32:767][515]PIE: Info Play in editor start time for /Game/BananaCollector/Maps/UEDPIE_0_TutorialMap 1.107
[2017.03.04-22.10.32:767][515]LogBlueprintUserMessages: Late PlayInEditor Detection: Level '/Game/BananaCollector/Maps/TutorialMap.TutorialMap:PersistentLevel' has LevelScriptBlueprint '/Game/BananaCollector/Maps/TutorialMap.TutorialMap:PersistentLevel.TutorialMap' with GeneratedClass '/Game/BananaCollector/Maps/TutorialMap.TutorialMap_C' with ClassGeneratedBy '/Game/BananaCollector/Maps/TutorialMap.TutorialMap:PersistentLevel.TutorialMap'
[2017.03.04-22.10.37:838][919]LogBlueprintUserMessages: Early EndPlayMap Detection: Level '/Game/BananaCollector/Maps/TutorialMap.TutorialMap:PersistentLevel' has LevelScriptBlueprint '/Game/BananaCollector/Maps/TutorialMap.TutorialMap:PersistentLevel.TutorialMap' with GeneratedClass '/Game/BananaCollector/Maps/TutorialMap.TutorialMap_C' with ClassGeneratedBy '/Game/BananaCollector/Maps/TutorialMap.TutorialMap:PersistentLevel.TutorialMap'
[2017.03.04-22.10.37:882][919]LogBlueprintUserMessages: Late EndPlayMap Detection: Level '/Game/BananaCollector/Maps/TutorialMap.TutorialMap:PersistentLevel' has LevelScriptBlueprint '/Game/BananaCollector/Maps/TutorialMap.TutorialMap:PersistentLevel.TutorialMap' with GeneratedClass '/Game/BananaCollector/Maps/TutorialMap.TutorialMap_C' with ClassGeneratedBy '/Game/BananaCollector/Maps/TutorialMap.TutorialMap:PersistentLevel.TutorialMap'
[2017.03.04-22.11.16:647][ 20]LogTemp: Repeting last play command: New Editor Window (PIE)
[2017.03.04-22.11.16:662][ 20]LogBlueprintUserMessages: Early PlayInEditor Detection: Level '/Game/BananaCollector/Maps/TutorialMap.TutorialMap:PersistentLevel' has LevelScriptBlueprint '/Game/BananaCollector/Maps/TutorialMap.TutorialMap:PersistentLevel.TutorialMap' with GeneratedClass '/Game/BananaCollector/Maps/TutorialMap.TutorialMap_C' with ClassGeneratedBy '/Game/BananaCollector/Maps/TutorialMap.TutorialMap:PersistentLevel.TutorialMap'
[2017.03.04-22.11.16:662][ 20]LogPlayLevel: PlayLevel: No blueprints needed recompiling
[2017.03.04-22.11.16:663][ 20]PIE: New page: PIE session: TutorialMap (6 Mar 2017 12:11:16 am)
[2017.03.04-22.11.16:663][ 20]LogPlayLevel: Creating play world package: /Game/BananaCollector/Maps/UEDPIE_0_TutorialMap
[2017.03.04-22.11.16:665][ 20]LogPlayLevel: PIE: StaticDuplicateObject took: (0.002120s)
[2017.03.04-22.11.16:665][ 20]LogAIModule: Creating AISystem for world TutorialMap
[2017.03.04-22.11.16:665][ 20]LogPlayLevel: PIE: World Init took: (0.000590s)
[2017.03.04-22.11.16:665][ 20]LogPlayLevel: PIE: Created PIE world by copying editor world from /Game/BananaCollector/Maps/TutorialMap.TutorialMap to /Game/BananaCollector/Maps/UEDPIE_0_TutorialMap.TutorialMap (0.002885s)
[2017.03.04-22.11.16:686][ 20]LogInit: XAudio2 using 'Speakers (Realtek High Definition Audio)' : 2 channels at 48 kHz using 32 bits per sample (channel mask 0x3)
[2017.03.04-22.11.16:695][ 20]LogInit: FAudioDevice initialized.
[2017.03.04-22.11.16:740][ 20]LogLoad: Game class is 'GM_Tutorial_C'
[2017.03.04-22.11.16:742][ 20]LogWorld: Bringing World /Game/BananaCollector/Maps/UEDPIE_0_TutorialMap.TutorialMap up for play (max tick rate 0) at 2017.03.05-11.11.16
[2017.03.04-22.11.16:742][ 20]LogWorld: Bringing up level for play took: 0.001403
[2017.03.04-22.11.16:749][ 20]PIE: Info Play in editor start time for /Game/BananaCollector/Maps/UEDPIE_0_TutorialMap -0.911
[2017.03.04-22.11.16:750][ 20]LogBlueprintUserMessages: Late PlayInEditor Detection: Level '/Game/BananaCollector/Maps/TutorialMap.TutorialMap:PersistentLevel' has LevelScriptBlueprint '/Game/BananaCollector/Maps/TutorialMap.TutorialMap:PersistentLevel.TutorialMap' with GeneratedClass '/Game/BananaCollector/Maps/TutorialMap.TutorialMap_C' with ClassGeneratedBy '/Game/BananaCollector/Maps/TutorialMap.TutorialMap:PersistentLevel.TutorialMap'
[2017.03.04-22.11.21:478][552]LogBlueprintUserMessages: Early EndPlayMap Detection: Level '/Game/BananaCollector/Maps/TutorialMap.TutorialMap:PersistentLevel' has LevelScriptBlueprint '/Game/BananaCollector/Maps/TutorialMap.TutorialMap:PersistentLevel.TutorialMap' with GeneratedClass '/Game/BananaCollector/Maps/TutorialMap.TutorialMap_C' with ClassGeneratedBy '/Game/BananaCollector/Maps/TutorialMap.TutorialMap:PersistentLevel.TutorialMap'
[2017.03.04-22.11.21:519][552]LogBlueprintUserMessages: Late EndPlayMap Detection: Level '/Game/BananaCollector/Maps/TutorialMap.TutorialMap:PersistentLevel' has LevelScriptBlueprint '/Game/BananaCollector/Maps/TutorialMap.TutorialMap:PersistentLevel.TutorialMap' with GeneratedClass '/Game/BananaCollector/Maps/TutorialMap.TutorialMap_C' with ClassGeneratedBy '/Game/BananaCollector/Maps/TutorialMap.TutorialMap:PersistentLevel.TutorialMap'
[2017.03.04-22.11.22:925][714]LogBlueprintUserMessages: Early PlayInEditor Detection: Level '/Game/BananaCollector/Maps/TutorialMap.TutorialMap:PersistentLevel' has LevelScriptBlueprint '/Game/BananaCollector/Maps/TutorialMap.TutorialMap:PersistentLevel.TutorialMap' with GeneratedClass '/Game/BananaCollector/Maps/TutorialMap.TutorialMap_C' with ClassGeneratedBy '/Game/BananaCollector/Maps/TutorialMap.TutorialMap:PersistentLevel.TutorialMap'
[2017.03.04-22.11.22:925][714]LogPlayLevel: PlayLevel: No blueprints needed recompiling
[2017.03.04-22.11.22:925][714]PIE: New page: PIE session: TutorialMap (6 Mar 2017 12:11:22 am)
[2017.03.04-22.11.22:925][714]LogPlayLevel: Creating play world package: /Game/BananaCollector/Maps/UEDPIE_0_TutorialMap
[2017.03.04-22.11.22:927][714]LogPlayLevel: PIE: StaticDuplicateObject took: (0.002062s)
[2017.03.04-22.11.22:928][714]LogAIModule: Creating AISystem for world TutorialMap
[2017.03.04-22.11.22:928][714]LogPlayLevel: PIE: World Init took: (0.000537s)
[2017.03.04-22.11.22:928][714]LogPlayLevel: PIE: Created PIE world by copying editor world from /Game/BananaCollector/Maps/TutorialMap.TutorialMap to /Game/BananaCollector/Maps/UEDPIE_0_TutorialMap.TutorialMap (0.002767s)
[2017.03.04-22.11.22:945][714]LogInit: XAudio2 using 'Speakers (Realtek High Definition Audio)' : 2 channels at 48 kHz using 32 bits per sample (channel mask 0x3)
[2017.03.04-22.11.22:953][714]LogInit: FAudioDevice initialized.
[2017.03.04-22.11.22:998][714]LogLoad: Game class is 'GM_Tutorial_C'
[2017.03.04-22.11.22:999][714]LogWorld: Bringing World /Game/BananaCollector/Maps/UEDPIE_0_TutorialMap.TutorialMap up for play (max tick rate 0) at 2017.03.05-11.11.22
[2017.03.04-22.11.22:999][714]LogWorld: Bringing up level for play took: 0.000917
[2017.03.04-22.11.23:001][714]PIE: Info Play in editor start time for /Game/BananaCollector/Maps/UEDPIE_0_TutorialMap -0.659
[2017.03.04-22.11.23:001][714]LogBlueprintUserMessages: Late PlayInEditor Detection: Level '/Game/BananaCollector/Maps/TutorialMap.TutorialMap:PersistentLevel' has LevelScriptBlueprint '/Game/BananaCollector/Maps/TutorialMap.TutorialMap:PersistentLevel.TutorialMap' with GeneratedClass '/Game/BananaCollector/Maps/TutorialMap.TutorialMap_C' with ClassGeneratedBy '/Game/BananaCollector/Maps/TutorialMap.TutorialMap:PersistentLevel.TutorialMap'
[2017.03.04-22.11.27:344][152]LogBlueprintUserMessages: Early EndPlayMap Detection: Level '/Game/BananaCollector/Maps/TutorialMap.TutorialMap:PersistentLevel' has LevelScriptBlueprint '/Game/BananaCollector/Maps/TutorialMap.TutorialMap:PersistentLevel.TutorialMap' with GeneratedClass '/Game/BananaCollector/Maps/TutorialMap.TutorialMap_C' with ClassGeneratedBy '/Game/BananaCollector/Maps/TutorialMap.TutorialMap:PersistentLevel.TutorialMap'
[2017.03.04-22.11.27:402][152]LogBlueprintUserMessages: Late EndPlayMap Detection: Level '/Game/BananaCollector/Maps/TutorialMap.TutorialMap:PersistentLevel' has LevelScriptBlueprint '/Game/BananaCollector/Maps/TutorialMap.TutorialMap:PersistentLevel.TutorialMap' with GeneratedClass '/Game/BananaCollector/Maps/TutorialMap.TutorialMap_C' with ClassGeneratedBy '/Game/BananaCollector/Maps/TutorialMap.TutorialMap:PersistentLevel.TutorialMap'
[2017.03.04-22.11.36:083][965]LogEditorViewport: Clicking on Actor (LMB): StaticMeshActor (Cube)
[2017.03.04-22.11.36:737][ 25]LogEditorViewport: Clicking on Actor (LMB): PlayerStart (PlayerStart)
[2017.03.04-22.11.41:925][638]LogNavigationPoint: PostEditMove Clear paths rebuilt
[2017.03.04-22.11.45:283][ 14]LogNavigationPoint: PostEditMove Clear paths rebuilt
[2017.03.04-22.11.45:728][ 66]Cmd: TRANSACTION UNDO
[2017.03.04-22.11.45:728][ 66]LogEditorTransaction: Undo Move Actors
[2017.03.04-22.11.50:741][382]LogTemp: Repeting last play command: Selected Viewport
[2017.03.04-22.11.50:756][382]LogBlueprintUserMessages: Early PlayInEditor Detection: Level '/Game/BananaCollector/Maps/TutorialMap.TutorialMap:PersistentLevel' has LevelScriptBlueprint '/Game/BananaCollector/Maps/TutorialMap.TutorialMap:PersistentLevel.TutorialMap' with GeneratedClass '/Game/BananaCollector/Maps/TutorialMap.TutorialMap_C' with ClassGeneratedBy '/Game/BananaCollector/Maps/TutorialMap.TutorialMap:PersistentLevel.TutorialMap'
[2017.03.04-22.11.50:756][382]LogPlayLevel: PlayLevel: No blueprints needed recompiling
[2017.03.04-22.11.50:756][382]PIE: New page: PIE session: TutorialMap (6 Mar 2017 12:11:50 am)
[2017.03.04-22.11.50:756][382]LogPlayLevel: Creating play world package: /Game/BananaCollector/Maps/UEDPIE_0_TutorialMap
[2017.03.04-22.11.50:758][382]LogPlayLevel: PIE: StaticDuplicateObject took: (0.002062s)
[2017.03.04-22.11.50:758][382]LogAIModule: Creating AISystem for world TutorialMap
[2017.03.04-22.11.50:759][382]LogPlayLevel: PIE: World Init took: (0.000586s)
[2017.03.04-22.11.50:759][382]LogPlayLevel: PIE: Created PIE world by copying editor world from /Game/BananaCollector/Maps/TutorialMap.TutorialMap to /Game/BananaCollector/Maps/UEDPIE_0_TutorialMap.TutorialMap (0.002813s)
[2017.03.04-22.11.50:776][382]LogInit: XAudio2 using 'Speakers (Realtek High Definition Audio)' : 2 channels at 48 kHz using 32 bits per sample (channel mask 0x3)
[2017.03.04-22.11.50:784][382]LogInit: FAudioDevice initialized.
[2017.03.04-22.11.50:812][382]LogLoad: Game class is 'GM_Tutorial_C'
[2017.03.04-22.11.50:814][382]LogWorld: Bringing World /Game/BananaCollector/Maps/UEDPIE_0_TutorialMap.TutorialMap up for play (max tick rate 0) at 2017.03.05-11.11.50
[2017.03.04-22.11.50:814][382]LogWorld: Bringing up level for play took: 0.001224
[2017.03.04-22.11.50:816][382]PIE: Info Play in editor start time for /Game/BananaCollector/Maps/UEDPIE_0_TutorialMap -0.844
[2017.03.04-22.11.50:816][382]LogBlueprintUserMessages: Late PlayInEditor Detection: Level '/Game/BananaCollector/Maps/TutorialMap.TutorialMap:PersistentLevel' has LevelScriptBlueprint '/Game/BananaCollector/Maps/TutorialMap.TutorialMap:PersistentLevel.TutorialMap' with GeneratedClass '/Game/BananaCollector/Maps/TutorialMap.TutorialMap_C' with ClassGeneratedBy '/Game/BananaCollector/Maps/TutorialMap.TutorialMap:PersistentLevel.TutorialMap'
[2017.03.04-22.11.52:368][565]LogBlueprintUserMessages: Early EndPlayMap Detection: Level '/Game/BananaCollector/Maps/TutorialMap.TutorialMap:PersistentLevel' has LevelScriptBlueprint '/Game/BananaCollector/Maps/TutorialMap.TutorialMap:PersistentLevel.TutorialMap' with GeneratedClass '/Game/BananaCollector/Maps/TutorialMap.TutorialMap_C' with ClassGeneratedBy '/Game/BananaCollector/Maps/TutorialMap.TutorialMap:PersistentLevel.TutorialMap'
[2017.03.04-22.11.52:414][565]LogBlueprintUserMessages: Late EndPlayMap Detection: Level '/Game/BananaCollector/Maps/TutorialMap.TutorialMap:PersistentLevel' has LevelScriptBlueprint '/Game/BananaCollector/Maps/TutorialMap.TutorialMap:PersistentLevel.TutorialMap' with GeneratedClass '/Game/BananaCollector/Maps/TutorialMap.TutorialMap_C' with ClassGeneratedBy '/Game/BananaCollector/Maps/TutorialMap.TutorialMap:PersistentLevel.TutorialMap'
[2017.03.04-22.12.13:707][928]LogSavePackage: Save=23.78ms
[2017.03.04-22.12.13:707][928]LogSavePackage: Moving 'D:/OneDrive/Freelance/Ray Wenderlich/Unreal Engine 4 Blueprints Tutorial/BananaCollector/Saved/Cube83AA4B15439EF872BA7F3F8C1A2D0A74.tmp' to 'D:/OneDrive/Freelance/Ray Wenderlich/Unreal Engine 4 Blueprints Tutorial/BananaCollector/Content/BananaCollector/Meshes/Cube.uasset'
[2017.03.04-22.12.13:711][928]LogSavePackage:Display: Finished SavePackage D:/OneDrive/Freelance/Ray Wenderlich/Unreal Engine 4 Blueprints Tutorial/BananaCollector/Content/BananaCollector/Meshes/Cube.uasset
[2017.03.04-22.12.13:714][928]Cmd: OBJ SAVEPACKAGE PACKAGE="/Engine/BasicShapes/Cube" FILE="../../../Engine/Content/BasicShapes/Cube.uasset" SILENT=true
[2017.03.04-22.12.13:724][928]LogSavePackage: Save=3.59ms
[2017.03.04-22.12.13:724][928]LogSavePackage: Moving 'D:/OneDrive/Freelance/Ray Wenderlich/Unreal Engine 4 Blueprints Tutorial/BananaCollector/Saved/Cube889AD45D44B62721BAD2A98080120EE9.tmp' to '../../../Engine/Content/BasicShapes/Cube.uasset'
[2017.03.04-22.12.13:726][928]LogSavePackage:Display: Finished SavePackage ../../../Engine/Content/BasicShapes/Cube.uasset
[2017.03.04-22.12.15:785][151]Cmd: TRANSACTION UNDO
[2017.03.04-22.12.15:785][151]LogEditorTransaction: Undo Move Actors
[2017.03.04-22.13.03:747][ 51]Cmd: TRANSACTION UNDO
[2017.03.04-22.13.03:747][ 51]LogEditorTransaction: Undo Clicking on Actors
[2017.03.04-22.13.11:776][615]Cmd: QUIT_EDITOR
[2017.03.04-22.13.12:023][615]LogWindowsTextInputMethodSystem:Display: IME system now deactivated.
[2017.03.04-22.13.12:023][615]LogWindowsTextInputMethodSystem:Display: IME system now deactivated.
[2017.03.04-22.13.12:049][615]LogExit: Preparing to exit.
[2017.03.04-22.13.12:455][615]LogExit: Editor shut down
[2017.03.04-22.13.12:455][615]LogExit: Transaction tracking system shut down
[2017.03.04-22.13.12:547][615]LogObj: Freed 0b from 0 cluster array pools.
[2017.03.04-22.13.12:547][615]LogExit: Object subsystem successfully closed.
[2017.03.04-22.13.12:559][615]LogD3D11RHI: Shutdown
[2017.03.04-22.13.12:559][615]LogD3D11RHI: CleanupD3DDevice
[2017.03.04-22.13.12:633][615]LogD3D11RHI: ~FD3D11DynamicRHI
[2017.03.04-22.13.12:656][615]LogModuleManager: Shutting down and abandoning module BlueprintGraph (502)
[2017.03.04-22.13.12:656][615]LogModuleManager: Shutting down and abandoning module BlueprintProfiler (500)
[2017.03.04-22.13.12:657][615]LogModuleManager: Shutting down and abandoning module MovieSceneCapture (498)
[2017.03.04-22.13.12:657][615]LogModuleManager: Shutting down and abandoning module HierarchicalLODOutliner (496)
[2017.03.04-22.13.12:657][615]LogModuleManager: Shutting down and abandoning module CrashTracker (494)
[2017.03.04-22.13.12:657][615]LogModuleManager: Shutting down and abandoning module SceneOutliner (492)
[2017.03.04-22.13.12:657][615]LogModuleManager: Shutting down and abandoning module AddContentDialog (490)
[2017.03.04-22.13.12:657][615]LogDirectoryWatcher: A directory notification for 'C:/Program Files/Epic Games/UE_4.15/FeaturePacks/' was aborted.
[2017.03.04-22.13.12:658][615]LogModuleManager: Shutting down and abandoning module WidgetCarousel (489)
[2017.03.04-22.13.12:658][615]LogModuleManager: Shutting down and abandoning module EditorWidgets (486)
[2017.03.04-22.13.12:658][615]LogModuleManager: Shutting down and abandoning module CollectionManager (484)
[2017.03.04-22.13.12:658][615]LogDirectoryWatcher: A directory notification for 'D:/OneDrive/Freelance/Ray Wenderlich/Unreal Engine 4 Blueprints Tutorial/BananaCollector/Content/Collections/' was aborted.
[2017.03.04-22.13.12:658][615]LogDirectoryWatcher: A directory notification for 'D:/OneDrive/Freelance/Ray Wenderlich/Unreal Engine 4 Blueprints Tutorial/BananaCollector/Content/Developers/Tommy/Collections/' was aborted.
[2017.03.04-22.13.12:658][615]LogDirectoryWatcher: A directory notification for 'D:/OneDrive/Freelance/Ray Wenderlich/Unreal Engine 4 Blueprints Tutorial/BananaCollector/Saved/Collections/' was aborted.
[2017.03.04-22.13.12:658][615]LogModuleManager: Shutting down and abandoning module StatsViewer (482)
[2017.03.04-22.13.12:658][615]LogModuleManager: Shutting down and abandoning module FoliageEdit (480)
[2017.03.04-22.13.12:658][615]LogModuleManager: Shutting down and abandoning module LandscapeEditor (478)
[2017.03.04-22.13.12:658][615]LogModuleManager: Shutting down and abandoning module SceneDepthPickerMode (476)
[2017.03.04-22.13.12:658][615]LogModuleManager: Shutting down and abandoning module ActorPickerMode (474)
[2017.03.04-22.13.12:658][615]LogModuleManager: Shutting down and abandoning module GeometryMode (472)
[2017.03.04-22.13.12:658][615]LogModuleManager: Shutting down and abandoning module TextureAlignMode (470)
[2017.03.04-22.13.12:658][615]LogModuleManager: Shutting down and abandoning module BspMode (468)
[2017.03.04-22.13.12:658][615]LogModuleManager: Shutting down and abandoning module HardwareSurvey (466)
[2017.03.04-22.13.12:658][615]LogModuleManager: Shutting down and abandoning module SequenceRecorderSections (464)
[2017.03.04-22.13.12:658][615]LogModuleManager: Shutting down and abandoning module AutomationWorker (462)
[2017.03.04-22.13.12:658][615]LogModuleManager: Shutting down and abandoning module MatineeToLevelSequence (460)
[2017.03.04-22.13.12:658][615]LogModuleManager: Shutting down and abandoning module LevelSequenceEditor (458)
[2017.03.04-22.13.12:659][615]LogModuleManager: Shutting down and abandoning module PlacementMode (457)
[2017.03.04-22.13.12:659][615]LogModuleManager: Shutting down and abandoning module WmfMediaFactory (454)
[2017.03.04-22.13.12:659][615]LogModuleManager: Shutting down and abandoning module WmfMediaEditor (452)
[2017.03.04-22.13.12:659][615]LogModuleManager: Shutting down and abandoning module MfMediaFactory (450)
[2017.03.04-22.13.12:659][615]LogModuleManager: Shutting down and abandoning module MfMediaEditor (448)
[2017.03.04-22.13.12:659][615]LogModuleManager: Shutting down and abandoning module AvfMediaFactory (446)
[2017.03.04-22.13.12:659][615]LogModuleManager: Shutting down and abandoning module AvfMediaEditor (444)
[2017.03.04-22.13.12:659][615]LogModuleManager: Shutting down and abandoning module AndroidMediaFactory (442)
[2017.03.04-22.13.12:659][615]LogModuleManager: Shutting down and abandoning module Media (441)
[2017.03.04-22.13.12:659][615]LogModuleManager: Shutting down and abandoning module AndroidMediaEditor (438)
[2017.03.04-22.13.12:659][615]LogModuleManager: Shutting down and abandoning module CharacterAI (436)
[2017.03.04-22.13.12:659][615]LogModuleManager: Shutting down and abandoning module AudioCapture (434)
[2017.03.04-22.13.12:659][615]LogModuleManager: Shutting down and abandoning module SequenceRecorder (433)
[2017.03.04-22.13.12:659][615]LogModuleManager: Shutting down and abandoning module SmartSnapping (430)
[2017.03.04-22.13.12:659][615]LogModuleManager: Shutting down and abandoning module SessionServices (428)
[2017.03.04-22.13.12:659][615]LogModuleManager: Shutting down and abandoning module ViewportSnapping (426)
[2017.03.04-22.13.12:659][615]LogModuleManager: Shutting down and abandoning module ViewportInteraction (424)
[2017.03.04-22.13.12:659][615]LogModuleManager: Shutting down and abandoning module LogVisualizer (422)
[2017.03.04-22.13.12:660][615]LogModuleManager: Shutting down and abandoning module IntroTutorials (420)
[2017.03.04-22.13.12:660][615]LogModuleManager: Shutting down and abandoning module GameProjectGeneration (419)
[2017.03.04-22.13.12:661][615]LogModuleManager: Shutting down and abandoning module EditorLiveStreaming (416)
[2017.03.04-22.13.12:661][615]LogModuleManager: Shutting down and abandoning module IOSPlatformEditor (414)
[2017.03.04-22.13.12:661][615]LogModuleManager: Shutting down and abandoning module HTML5PlatformEditor (412)
[2017.03.04-22.13.12:661][615]LogModuleManager: Shutting down and abandoning module AndroidPlatformEditor (410)
[2017.03.04-22.13.12:661][615]LogModuleManager: Shutting down and abandoning module AndroidDeviceDetection (409)
[2017.03.04-22.13.12:902][615]LogModuleManager: Shutting down and abandoning module IOSRuntimeSettings (406)
[2017.03.04-22.13.12:902][615]LogModuleManager: Shutting down and abandoning module AndroidRuntimeSettings (404)
[2017.03.04-22.13.12:902][615]LogModuleManager: Shutting down and abandoning module InputBindingEditor (402)
[2017.03.04-22.13.12:902][615]LogModuleManager: Shutting down and abandoning module NiagaraEditor (400)
[2017.03.04-22.13.12:905][615]LogModuleManager: Shutting down and abandoning module MergeActors (398)
[2017.03.04-22.13.12:905][615]LogModuleManager: Shutting down and abandoning module SizeMap (396)
[2017.03.04-22.13.12:905][615]LogModuleManager: Shutting down and abandoning module TreeMap (394)
[2017.03.04-22.13.12:905][615]LogModuleManager: Shutting down and abandoning module ReferenceViewer (392)
[2017.03.04-22.13.12:905][615]LogModuleManager: Shutting down and abandoning module LocalizationDashboard (390)
[2017.03.04-22.13.12:905][615]LogModuleManager: Shutting down and abandoning module LocalizationService (389)
[2017.03.04-22.13.12:906][615]LogModuleManager: Shutting down and abandoning module HardwareTargeting (386)
[2017.03.04-22.13.12:906][615]LogModuleManager: Shutting down and abandoning module DeviceProfileEditor (384)
[2017.03.04-22.13.12:906][615]LogModuleManager: Shutting down and abandoning module UndoHistory (382)
[2017.03.04-22.13.12:906][615]LogModuleManager: Shutting down and abandoning module UserFeedback (380)
[2017.03.04-22.13.12:906][615]LogModuleManager: Shutting down and abandoning module XmlParser (378)
[2017.03.04-22.13.12:906][615]LogModuleManager: Shutting down and abandoning module Blutility (376)
[2017.03.04-22.13.12:906][615]LogModuleManager: Shutting down and abandoning module ProjectSettingsViewer (374)
[2017.03.04-22.13.12:906][615]LogModuleManager: Shutting down and abandoning module ProjectTargetPlatformEditor (373)
[2017.03.04-22.13.12:907][615]LogModuleManager: Shutting down and abandoning module EditorSettingsViewer (370)
[2017.03.04-22.13.12:907][615]LogModuleManager: Shutting down and abandoning module SettingsEditor (368)
[2017.03.04-22.13.12:907][615]LogModuleManager: Shutting down and abandoning module ProjectLauncher (366)
[2017.03.04-22.13.12:907][615]LogModuleManager: Shutting down and abandoning module SessionFrontend (364)
[2017.03.04-22.13.12:908][615]LogModuleManager: Shutting down and abandoning module ProfilerClient (362)
[2017.03.04-22.13.12:908][615]LogModuleManager: Shutting down and abandoning module DeviceManager (360)
[2017.03.04-22.13.12:909][615]LogModuleManager: Shutting down and abandoning module TargetDeviceServices (359)
[2017.03.04-22.13.12:951][615]LogModuleManager: Shutting down and abandoning module AutomationController (356)
[2017.03.04-22.13.12:951][615]LogModuleManager: Shutting down and abandoning module AutomationWindow (354)
[2017.03.04-22.13.12:952][615]LogModuleManager: Shutting down and abandoning module Layers (352)
[2017.03.04-22.13.12:954][615]LogModuleManager: Shutting down and abandoning module ComponentVisualizers (350)
[2017.03.04-22.13.12:954][615]LogModuleManager: Shutting down and abandoning module DetailCustomizations (348)
[2017.03.04-22.13.12:954][615]LogModuleManager: Shutting down and abandoning module PackagesDialog (346)
[2017.03.04-22.13.12:954][615]LogModuleManager: Shutting down and abandoning module Persona (344)
[2017.03.04-22.13.12:954][615]LogModuleManager: Shutting down and abandoning module AnimGraph (343)
[2017.03.04-22.13.12:954][615]LogModuleManager: Shutting down and abandoning module Kismet (340)
[2017.03.04-22.13.12:959][615]LogModuleManager: Shutting down and abandoning module GraphEditor (338)
[2017.03.04-22.13.12:959][615]LogModuleManager: Shutting down and abandoning module ClassViewer (336)
[2017.03.04-22.13.12:959][615]LogModuleManager: Shutting down and abandoning module Toolbox (334)
[2017.03.04-22.13.12:959][615]LogModuleManager: Shutting down and abandoning module ModuleUI (332)
[2017.03.04-22.13.12:960][615]LogModuleManager: Shutting down and abandoning module MovieSceneTools (330)
[2017.03.04-22.13.12:961][615]LogModuleManager: Shutting down and abandoning module OutputLog (328)
[2017.03.04-22.13.12:961][615]LogModuleManager: Shutting down and abandoning module GammaUI (326)
[2017.03.04-22.13.12:961][615]LogModuleManager: Shutting down and abandoning module Documentation (324)
[2017.03.04-22.13.12:961][615]LogModuleManager: Shutting down and abandoning module Niagara (322)
[2017.03.04-22.13.12:961][615]LogModuleManager: Shutting down and abandoning module StreamingPauseRendering (320)
[2017.03.04-22.13.12:961][615]LogModuleManager: Shutting down and abandoning module AnalyticsET (318)
[2017.03.04-22.13.12:961][615]LogModuleManager: Shutting down and abandoning module PortalServices (316)
[2017.03.04-22.13.12:961][615]LogModuleManager: Shutting down and abandoning module PortalRpc (314)
[2017.03.04-22.13.12:961][615]LogModuleManager: Shutting down and abandoning module MessagingRpc (312)
[2017.03.04-22.13.12:961][615]LogModuleManager: Shutting down and abandoning module AIModule (310)
[2017.03.04-22.13.12:961][615]LogModuleManager: Shutting down and abandoning module GameplayDebugger (309)
[2017.03.04-22.13.12:961][615]LogModuleManager: Shutting down and abandoning module AITestSuite (307)
[2017.03.04-22.13.12:961][615]LogModuleManager: Shutting down and abandoning module ProfilerService (304)
[2017.03.04-22.13.13:029][615]LogModuleManager: Shutting down and abandoning module TaskGraph (302)
[2017.03.04-22.13.13:030][615]LogModuleManager: Shutting down and abandoning module SteamVRController (300)
[2017.03.04-22.13.13:030][615]LogModuleManager: Shutting down and abandoning module SteamVR (298)
[2017.03.04-22.13.13:030][615]LogModuleManager: Shutting down and abandoning module ProceduralMeshComponentEditor (296)
[2017.03.04-22.13.13:030][615]LogModuleManager: Shutting down and abandoning module ProceduralMeshComponent (294)
[2017.03.04-22.13.13:030][615]LogModuleManager: Shutting down and abandoning module OculusLibrary (292)
[2017.03.04-22.13.13:030][615]LogModuleManager: Shutting down and abandoning module OculusInput (290)
[2017.03.04-22.13.13:030][615]LogModuleManager: Shutting down and abandoning module MobilePatchingUtils (288)
[2017.03.04-22.13.13:030][615]LogModuleManager: Shutting down and abandoning module CustomMeshComponent (286)
[2017.03.04-22.13.13:030][615]LogModuleManager: Shutting down and abandoning module CableComponent (284)
[2017.03.04-22.13.13:030][615]LogModuleManager: Shutting down and abandoning module ArchVisCharacter (282)
[2017.03.04-22.13.13:030][615]LogModuleManager: Shutting down and abandoning module MediaPlayerEditor (278)
[2017.03.04-22.13.13:031][615]LogModuleManager: Shutting down and abandoning module HTML5Networking (276)
[2017.03.04-22.13.13:031][615]LogModuleManager: Shutting down and abandoning module AlembicImporter (274)
[2017.03.04-22.13.13:031][615]LogModuleManager: Shutting down and abandoning module AlembicLibrary (273)
[2017.03.04-22.13.13:031][615]LogModuleManager: Shutting down and abandoning module GeometryCache (272)
[2017.03.04-22.13.13:031][615]LogModuleManager: Shutting down and abandoning module GeometryCacheEd (271)
[2017.03.04-22.13.13:031][615]LogModuleManager: Shutting down and abandoning module SuperSearchEditor (266)
[2017.03.04-22.13.13:031][615]LogModuleManager: Shutting down and abandoning module SuperSearch (265)
[2017.03.04-22.13.13:031][615]LogModuleManager: Shutting down and abandoning module SpeedTreeImporter (262)
[2017.03.04-22.13.13:031][615]LogModuleManager: Shutting down and abandoning module PluginBrowser (260)
[2017.03.04-22.13.13:031][615]LogModuleManager: Shutting down and abandoning module MobileLauncherProfileWizard (258)
[2017.03.04-22.13.13:031][615]LogModuleManager: Shutting down and abandoning module EpicSurvey (256)
[2017.03.04-22.13.13:031][615]LogModuleManager: Shutting down and abandoning module VisualStudioSourceCodeAccess (254)
[2017.03.04-22.13.13:032][615]LogModuleManager: Shutting down and abandoning module DesktopPlatform (253)
[2017.03.04-22.13.13:032][615]LogModuleManager: Shutting down and abandoning module UObjectPlugin (250)
[2017.03.04-22.13.13:032][615]LogModuleManager: Shutting down and abandoning module SubversionSourceControl (248)
[2017.03.04-22.13.13:032][615]LogModuleManager: Shutting down and abandoning module PerforceSourceControl (246)
[2017.03.04-22.13.13:032][615]LogModuleManager: Shutting down and abandoning module GitSourceControl (244)
[2017.03.04-22.13.13:032][615]LogModuleManager: Shutting down and abandoning module SourceControl (243)
[2017.03.04-22.13.13:032][615]LogModuleManager: Shutting down and abandoning module LightPropagationVolumeEditor (240)
[2017.03.04-22.13.13:032][615]LogModuleManager: Shutting down and abandoning module PaperTiledImporter (238)
[2017.03.04-22.13.13:032][615]LogModuleManager: Shutting down and abandoning module PaperSpriteSheetImporter (236)
[2017.03.04-22.13.13:032][615]LogModuleManager: Shutting down and abandoning module Paper2DEditor (234)
[2017.03.04-22.13.13:032][615]LogModuleManager: Shutting down and abandoning module MeshPaint (233)
[2017.03.04-22.13.13:032][615]LogModuleManager: Shutting down and abandoning module LevelEditor (231)
[2017.03.04-22.13.13:033][615]LogModuleManager: Shutting down and abandoning module PixelInspectorModule (230)
[2017.03.04-22.13.13:033][615]LogModuleManager: Shutting down and abandoning module MainFrame (228)
[2017.03.04-22.13.13:033][615]LogModuleManager: Shutting down and abandoning module HotReload (227)
[2017.03.04-22.13.13:033][615]LogModuleManager: Shutting down and abandoning module ContentBrowser (223)
[2017.03.04-22.13.13:034][615]LogModuleManager: Shutting down and abandoning module PhysXVehiclesEditor (220)
[2017.03.04-22.13.13:034][615]LogModuleManager: Shutting down and abandoning module PhysXVehicles (218)
[2017.03.04-22.13.13:034][615]LogModuleManager: Shutting down and abandoning module LocationServicesBPLibrary (216)
[2017.03.04-22.13.13:034][615]LogModuleManager: Shutting down and abandoning module UdpMessaging (214)
[2017.03.04-22.13.13:135][615]LogModuleManager: Shutting down and abandoning module TcpMessaging (212)
[2017.03.04-22.13.13:308][615]LogModuleManager: Shutting down and abandoning module GameplayTagsEditor (210)
[2017.03.04-22.13.13:308][615]LogModuleManager: Shutting down and abandoning module FacialAnimationEditor (208)
[2017.03.04-22.13.13:309][615]LogModuleManager: Shutting down and abandoning module FacialAnimation (206)
[2017.03.04-22.13.13:309][615]LogModuleManager: Shutting down and abandoning module LightPropagationVolumeRuntime (204)
[2017.03.04-22.13.13:309][615]LogModuleManager: Shutting down and abandoning module Paper2D (202)
[2017.03.04-22.13.13:309][615]LogModuleManager: Shutting down and abandoning module WindowsMoviePlayer (200)
[2017.03.04-22.13.13:309][615]LogModuleManager: Shutting down and abandoning module WmfMedia (198)
[2017.03.04-22.13.13:309][615]LogModuleManager: Shutting down and abandoning module MfMedia (196)
[2017.03.04-22.13.13:309][615]LogModuleManager: Shutting down and abandoning module MediaAssets (194)
[2017.03.04-22.13.13:309][615]LogModuleManager: Shutting down and abandoning module GameLiveStreaming (192)
[2017.03.04-22.13.13:309][615]LogModuleManager: Shutting down and abandoning module VREditor (190)
[2017.03.04-22.13.13:309][615]LogModuleManager: Shutting down and abandoning module GameplayTasksEditor (188)
[2017.03.04-22.13.13:309][615]LogModuleManager: Shutting down and abandoning module BehaviorTreeEditor (186)
[2017.03.04-22.13.13:310][615]LogModuleManager: Shutting down and abandoning module FunctionalTesting (184)
[2017.03.04-22.13.13:310][615]LogModuleManager: Shutting down and abandoning module CollisionAnalyzer (182)
[2017.03.04-22.13.13:310][615]LogModuleManager: Shutting down and abandoning module UMG (180)
[2017.03.04-22.13.13:311][615]LogModuleManager: Shutting down and abandoning module UMGEditor (179)
[2017.03.04-22.13.13:312][615]LogModuleManager: Shutting down and abandoning module Sequencer (178)
[2017.03.04-22.13.13:312][615]LogModuleManager: Shutting down and abandoning module AssetTools (176)
[2017.03.04-22.13.13:313][615]LogModuleManager: Shutting down and abandoning module MessageLog (175)
[2017.03.04-22.13.13:313][615]LogModuleManager: Shutting down and abandoning module WorkspaceMenuStructure (174)
[2017.03.04-22.13.13:313][615]LogModuleManager: Shutting down and abandoning module SlateReflector (168)
[2017.03.04-22.13.13:314][615]LogModuleManager: Shutting down and abandoning module Slate (166)
[2017.03.04-22.13.13:314][615]LogModuleManager: Shutting down and abandoning module EditorStyle (164)
[2017.03.04-22.13.13:316][615]LogModuleManager: Shutting down and abandoning module SourceCodeAccess (162)
[2017.03.04-22.13.13:316][615]LogModuleManager: Shutting down and abandoning module HeadMountedDisplay (160)
[2017.03.04-22.13.13:316][615]LogModuleManager: Shutting down and abandoning module XAudio2 (158)
[2017.03.04-22.13.13:316][615]LogModuleManager: Shutting down and abandoning module Networking (156)
[2017.03.04-22.13.13:316][615]LogModuleManager: Shutting down and abandoning module Core (152)
[2017.03.04-22.13.13:316][615]LogModuleManager: Shutting down and abandoning module AssetRegistry (150)
[2017.03.04-22.13.13:517][615]LogDirectoryWatcher: A directory notification for '../../../Engine/Content/' was aborted.
[2017.03.04-22.13.13:517][615]LogDirectoryWatcher: A directory notification for 'D:/OneDrive/Freelance/Ray Wenderlich/Unreal Engine 4 Blueprints Tutorial/BananaCollector/Content/' was aborted.
[2017.03.04-22.13.13:517][615]LogDirectoryWatcher: A directory notification for '../../../Engine/Plugins/2D/Paper2D/Content/' was aborted.
[2017.03.04-22.13.13:517][615]LogModuleManager: Shutting down and abandoning module DirectoryWatcher (149)
[2017.03.04-22.13.13:517][615]LogModuleManager: Shutting down and abandoning module KismetCompiler (146)
[2017.03.04-22.13.13:517][615]LogModuleManager: Shutting down and abandoning module PhysXFormats (144)
[2017.03.04-22.13.13:517][615]LogModuleManager: Shutting down and abandoning module MeshUtilities (142)
[2017.03.04-22.13.13:517][615]LogModuleManager: Shutting down and abandoning module SimplygonSwarm (141)
[2017.03.04-22.13.13:517][615]LogModuleManager: Shutting down and abandoning module SimplygonMeshReduction (139)
[2017.03.04-22.13.13:517][615]LogModuleManager: Shutting down and abandoning module QuadricMeshReduction (137)
[2017.03.04-22.13.13:517][615]LogModuleManager: Shutting down and abandoning module PropertyEditor (135)
[2017.03.04-22.13.13:517][615]LogModuleManager: Shutting down and abandoning module DerivedDataCache (132)
[2017.03.04-22.13.13:529][615]LogDerivedDataCache: Shutdown
[2017.03.04-22.13.13:529][615]LogModuleManager: Shutting down and abandoning module TargetPlatform (130)
[2017.03.04-22.13.13:529][615]LogModuleManager: Shutting down and abandoning module VulkanShaderFormat (129)
[2017.03.04-22.13.13:529][615]LogModuleManager: Shutting down and abandoning module ShaderFormatOpenGL (127)
[2017.03.04-22.13.13:530][615]LogModuleManager: Shutting down and abandoning module ShaderFormatD3D (125)
[2017.03.04-22.13.13:530][615]LogModuleManager: Shutting down and abandoning module MetalShaderFormat (123)
[2017.03.04-22.13.13:531][615]LogModuleManager: Shutting down and abandoning module TextureFormatUncompressed (121)
[2017.03.04-22.13.13:531][615]LogModuleManager: Shutting down and abandoning module TextureFormatPVR (119)
[2017.03.04-22.13.13:531][615]LogModuleManager: Shutting down and abandoning module TextureFormatDXT (117)
[2017.03.04-22.13.13:531][615]LogModuleManager: Shutting down and abandoning module TextureFormatIntelISPCTexComp (115)
[2017.03.04-22.13.13:531][615]LogModuleManager: Shutting down and abandoning module TextureFormatASTC (113)
[2017.03.04-22.13.13:531][615]LogModuleManager: Shutting down and abandoning module ImageWrapper (112)
[2017.03.04-22.13.13:531][615]LogModuleManager: Shutting down and abandoning module TextureFormatAndroid (109)
[2017.03.04-22.13.13:531][615]LogModuleManager: Shutting down and abandoning module AudioFormatOpus (107)
[2017.03.04-22.13.13:531][615]LogModuleManager: Shutting down and abandoning module AudioFormatOgg (105)
[2017.03.04-22.13.13:531][615]LogModuleManager: Shutting down and abandoning module AudioFormatADPCM (103)
[2017.03.04-22.13.13:531][615]LogModuleManager: Shutting down and abandoning module LinuxTargetPlatform (101)
[2017.03.04-22.13.13:531][615]LogModuleManager: Shutting down and abandoning module LinuxServerTargetPlatform (99)
[2017.03.04-22.13.13:531][615]LogModuleManager: Shutting down and abandoning module LinuxNoEditorTargetPlatform (97)
[2017.03.04-22.13.13:531][615]LogModuleManager: Shutting down and abandoning module LinuxClientTargetPlatform (95)
[2017.03.04-22.13.13:531][615]LogModuleManager: Shutting down and abandoning module TVOSTargetPlatform (93)
[2017.03.04-22.13.13:531][615]LogModuleManager: Shutting down and abandoning module Messaging (91)
[2017.03.04-22.13.13:531][615]LogModuleManager: Shutting down and abandoning module IOSTargetPlatform (89)
[2017.03.04-22.13.13:531][615]LogModuleManager: Shutting down and abandoning module HTML5TargetPlatform (87)
[2017.03.04-22.13.13:531][615]LogModuleManager: Shutting down and abandoning module Android_PVRTCTargetPlatform (85)
[2017.03.04-22.13.13:531][615]LogModuleManager: Shutting down and abandoning module Android_MultiTargetPlatform (83)
[2017.03.04-22.13.13:531][615]LogModuleManager: Shutting down and abandoning module Android_ETC2TargetPlatform (81)
[2017.03.04-22.13.13:531][615]LogModuleManager: Shutting down and abandoning module Android_ETC1TargetPlatform (79)
[2017.03.04-22.13.13:531][615]LogModuleManager: Shutting down and abandoning module Android_DXTTargetPlatform (77)
[2017.03.04-22.13.13:531][615]LogModuleManager: Shutting down and abandoning module Android_ATCTargetPlatform (75)
[2017.03.04-22.13.13:531][615]LogModuleManager: Shutting down and abandoning module Android_ASTCTargetPlatform (73)
[2017.03.04-22.13.13:531][615]LogModuleManager: Shutting down and abandoning module AndroidTargetPlatform (71)
[2017.03.04-22.13.13:531][615]LogModuleManager: Shutting down and abandoning module WindowsTargetPlatform (69)
[2017.03.04-22.13.13:531][615]LogModuleManager: Shutting down and abandoning module WindowsServerTargetPlatform (67)
[2017.03.04-22.13.13:531][615]LogModuleManager: Shutting down and abandoning module WindowsNoEditorTargetPlatform (65)
[2017.03.04-22.13.13:531][615]LogModuleManager: Shutting down and abandoning module WindowsClientTargetPlatform (63)
[2017.03.04-22.13.13:531][615]LogModuleManager: Shutting down and abandoning module MacTargetPlatform (61)
[2017.03.04-22.13.13:531][615]LogModuleManager: Shutting down and abandoning module MacServerTargetPlatform (59)
[2017.03.04-22.13.13:531][615]LogModuleManager: Shutting down and abandoning module MacNoEditorTargetPlatform (57)
[2017.03.04-22.13.13:531][615]LogModuleManager: Shutting down and abandoning module MacClientTargetPlatform (55)
[2017.03.04-22.13.13:531][615]LogModuleManager: Shutting down and abandoning module AllDesktopTargetPlatform (53)
[2017.03.04-22.13.13:531][615]LogModuleManager: Shutting down and abandoning module InputCore (50)
[2017.03.04-22.13.13:531][615]LogModuleManager: Shutting down and abandoning module Settings (48)
[2017.03.04-22.13.13:531][615]LogModuleManager: Shutting down and abandoning module OculusRift (46)
[2017.03.04-22.13.13:531][615]LogModuleManager: Shutting down and abandoning module ExampleDeviceProfileSelector (44)
[2017.03.04-22.13.13:531][615]LogModuleManager: Shutting down and abandoning module OnlineBlueprintSupport (42)
[2017.03.04-22.13.13:531][615]LogModuleManager: Shutting down and abandoning module OnlineSubsystem (38)
[2017.03.04-22.13.13:531][615]LogOnline:Display: Unloading online subsystem: NULL
[2017.03.04-22.13.13:532][615]LogModuleManager: Shutting down and abandoning module XMPP (37)
[2017.03.04-22.13.13:533][615]LogModuleManager: Shutting down and abandoning module HTTP (35)
[2017.03.04-22.13.13:533][615]LogHttp:Display: Http module shutting down, but needs to wait on 1 outstanding Http requests:
[2017.03.04-22.13.13:533][615]LogHttp:Display: 	verb=[POST] url=[https://datarouter.ol.epicgames.com/datarouter/api/v1/public/data?SessionID=%7B96F1E430-40A1-83E4-AF3C-EC87794998B7%7D&AppID=UEEditor.Rocket.Release&AppVersion=4.15.0-3299760%2B%2B%2BUE4%2BRelease-4.15&UserID=1bda2ee54da093b2a50b8c91a368fe62%7Cddaae3d7adad4251b47aebd4e1f1f19e%7C69959759-ac70-48c0-a241-92f33d26a024&AppEnvironment=datacollector-binary&UploadType=eteventstream] status=Processing
[2017.03.04-22.13.13:542][615]LogModuleManager: Shutting down and abandoning module SSL (34)
[2017.03.04-22.13.13:543][615]LogModuleManager: Shutting down and abandoning module AudioEditor (30)
[2017.03.04-22.13.13:544][615]LogModuleManager: Shutting down and abandoning module TextureCompressor (28)
[2017.03.04-22.13.13:545][615]LogModuleManager: Shutting down and abandoning module ShaderCore (26)
[2017.03.04-22.13.13:545][615]LogModuleManager: Shutting down and abandoning module Landscape (24)
[2017.03.04-22.13.13:545][615]LogModuleManager: Shutting down and abandoning module SlateRHIRenderer (22)
[2017.03.04-22.13.13:546][615]LogModuleManager: Shutting down and abandoning module OpenGLDrv (20)
[2017.03.04-22.13.13:547][615]LogModuleManager: Shutting down and abandoning module D3D11RHI (18)
[2017.03.04-22.13.13:547][615]LogModuleManager: Shutting down and abandoning module AnimGraphRuntime (16)
[2017.03.04-22.13.13:547][615]LogModuleManager: Shutting down and abandoning module Renderer (14)
[2017.03.04-22.13.13:547][615]LogModuleManager: Shutting down and abandoning module Engine (12)
[2017.03.04-22.13.13:547][615]LogModuleManager: Shutting down and abandoning module CoreUObject (10)
[2017.03.04-22.13.13:547][615]LogModuleManager: Shutting down and abandoning module NetworkFile (8)
[2017.03.04-22.13.13:547][615]LogModuleManager: Shutting down and abandoning module StreamingFile (6)
[2017.03.04-22.13.13:547][615]LogModuleManager: Shutting down and abandoning module SandboxFile (4)
[2017.03.04-22.13.13:547][615]LogModuleManager: Shutting down and abandoning module PakFile (2)
[2017.03.04-22.13.13:548][615]LogExit: Exiting.
[2017.03.04-22.13.13:550][615]Log file closed, 03/05/17 11:13:13
